{"meta": {"format": 3, "version": "7.9.1", "timestamp": "2025-06-28T23:17:41.780335", "branch_coverage": false, "show_contexts": false}, "files": {"snake_game/__init__.py": {"executed_lines": [1, 6], "summary": {"covered_lines": 1, "num_statements": 1, "percent_covered": 100.0, "percent_covered_display": "100.00", "missing_lines": 0, "excluded_lines": 0}, "missing_lines": [], "excluded_lines": [], "functions": {"": {"executed_lines": [1, 6], "summary": {"covered_lines": 1, "num_statements": 1, "percent_covered": 100.0, "percent_covered_display": "100.00", "missing_lines": 0, "excluded_lines": 0}, "missing_lines": [], "excluded_lines": []}}, "classes": {"": {"executed_lines": [1, 6], "summary": {"covered_lines": 1, "num_statements": 1, "percent_covered": 100.0, "percent_covered_display": "100.00", "missing_lines": 0, "excluded_lines": 0}, "missing_lines": [], "excluded_lines": []}}}, "snake_game/controllers/__init__.py": {"executed_lines": [1, 3, 4, 6], "summary": {"covered_lines": 3, "num_statements": 3, "percent_covered": 100.0, "percent_covered_display": "100.00", "missing_lines": 0, "excluded_lines": 0}, "missing_lines": [], "excluded_lines": [], "functions": {"": {"executed_lines": [1, 3, 4, 6], "summary": {"covered_lines": 3, "num_statements": 3, "percent_covered": 100.0, "percent_covered_display": "100.00", "missing_lines": 0, "excluded_lines": 0}, "missing_lines": [], "excluded_lines": []}}, "classes": {"": {"executed_lines": [1, 3, 4, 6], "summary": {"covered_lines": 3, "num_statements": 3, "percent_covered": 100.0, "percent_covered_display": "100.00", "missing_lines": 0, "excluded_lines": 0}, "missing_lines": [], "excluded_lines": []}}}, "snake_game/controllers/game_controller.py": {"executed_lines": [1, 8, 10, 11, 12, 13, 16, 17, 19, 22, 25, 28, 29, 32, 37, 38, 39, 40, 41, 42, 45, 46, 49, 51, 82, 88, 89, 90, 92, 93, 94, 95, 96, 98, 101, 103, 104, 105, 106, 108, 110, 111, 112, 113, 115, 119, 121, 126, 127, 128, 130, 140, 143, 144, 145, 147, 150, 153, 156, 157, 160, 161, 162, 165, 166, 169, 170, 171, 173, 176, 179, 184, 187, 188, 190, 192, 193, 194, 195, 197], "summary": {"covered_lines": 78, "num_statements": 118, "percent_covered": 66.10169491525424, "percent_covered_display": "66.10", "missing_lines": 40, "excluded_lines": 0}, "missing_lines": [53, 55, 57, 58, 59, 61, 64, 65, 66, 67, 70, 73, 76, 79, 80, 91, 97, 99, 100, 102, 117, 132, 133, 135, 136, 137, 138, 199, 201, 202, 203, 204, 207, 208, 209, 212, 213, 216, 217, 219], "excluded_lines": [], "functions": {"GameController.__init__": {"executed_lines": [22, 25, 28, 29, 32, 37, 38, 39, 40, 41, 42, 45, 46, 49], "summary": {"covered_lines": 14, "num_statements": 14, "percent_covered": 100.0, "percent_covered_display": "100.00", "missing_lines": 0, "excluded_lines": 0}, "missing_lines": [], "excluded_lines": []}, "GameController.run": {"executed_lines": [], "summary": {"covered_lines": 0, "num_statements": 15, "percent_covered": 0.0, "percent_covered_display": "0.00", "missing_lines": 15, "excluded_lines": 0}, "missing_lines": [53, 55, 57, 58, 59, 61, 64, 65, 66, 67, 70, 73, 76, 79, 80], "excluded_lines": []}, "GameController._handle_action": {"executed_lines": [88, 89, 90, 92, 93, 94, 95, 96, 98, 101, 103, 104, 105, 106], "summary": {"covered_lines": 14, "num_statements": 19, "percent_covered": 73.6842105263158, "percent_covered_display": "73.68", "missing_lines": 5, "excluded_lines": 0}, "missing_lines": [91, 97, 99, 100, 102], "excluded_lines": []}, "GameController._start_game": {"executed_lines": [110, 111, 112, 113], "summary": {"covered_lines": 4, "num_statements": 4, "percent_covered": 100.0, "percent_covered_display": "100.00", "missing_lines": 0, "excluded_lines": 0}, "missing_lines": [], "excluded_lines": []}, "GameController._restart_game": {"executed_lines": [], "summary": {"covered_lines": 0, "num_statements": 1, "percent_covered": 0.0, "percent_covered_display": "0.00", "missing_lines": 1, "excluded_lines": 0}, "missing_lines": [117], "excluded_lines": []}, "GameController._reset_game": {"executed_lines": [121, 126, 127, 128], "summary": {"covered_lines": 4, "num_statements": 4, "percent_covered": 100.0, "percent_covered_display": "100.00", "missing_lines": 0, "excluded_lines": 0}, "missing_lines": [], "excluded_lines": []}, "GameController._update": {"executed_lines": [], "summary": {"covered_lines": 0, "num_statements": 6, "percent_covered": 0.0, "percent_covered_display": "0.00", "missing_lines": 6, "excluded_lines": 0}, "missing_lines": [132, 133, 135, 136, 137, 138], "excluded_lines": []}, "GameController._move_snake": {"executed_lines": [143, 144, 145, 147, 150, 153, 156, 157, 160, 161, 162, 165, 166, 169, 170, 171], "summary": {"covered_lines": 16, "num_statements": 16, "percent_covered": 100.0, "percent_covered_display": "100.00", "missing_lines": 0, "excluded_lines": 0}, "missing_lines": [], "excluded_lines": []}, "GameController._eat_fruit": {"executed_lines": [176, 179, 184, 187, 188], "summary": {"covered_lines": 5, "num_statements": 5, "percent_covered": 100.0, "percent_covered_display": "100.00", "missing_lines": 0, "excluded_lines": 0}, "missing_lines": [], "excluded_lines": []}, "GameController._game_over": {"executed_lines": [192, 193, 194, 195], "summary": {"covered_lines": 4, "num_statements": 4, "percent_covered": 100.0, "percent_covered_display": "100.00", "missing_lines": 0, "excluded_lines": 0}, "missing_lines": [], "excluded_lines": []}, "GameController._render": {"executed_lines": [], "summary": {"covered_lines": 0, "num_statements": 13, "percent_covered": 0.0, "percent_covered_display": "0.00", "missing_lines": 13, "excluded_lines": 0}, "missing_lines": [199, 201, 202, 203, 204, 207, 208, 209, 212, 213, 216, 217, 219], "excluded_lines": []}, "": {"executed_lines": [1, 8, 10, 11, 12, 13, 16, 17, 19, 51, 82, 108, 115, 119, 130, 140, 173, 190, 197], "summary": {"covered_lines": 17, "num_statements": 17, "percent_covered": 100.0, "percent_covered_display": "100.00", "missing_lines": 0, "excluded_lines": 0}, "missing_lines": [], "excluded_lines": []}}, "classes": {"GameController": {"executed_lines": [22, 25, 28, 29, 32, 37, 38, 39, 40, 41, 42, 45, 46, 49, 88, 89, 90, 92, 93, 94, 95, 96, 98, 101, 103, 104, 105, 106, 110, 111, 112, 113, 121, 126, 127, 128, 143, 144, 145, 147, 150, 153, 156, 157, 160, 161, 162, 165, 166, 169, 170, 171, 176, 179, 184, 187, 188, 192, 193, 194, 195], "summary": {"covered_lines": 61, "num_statements": 101, "percent_covered": 60.396039603960396, "percent_covered_display": "60.40", "missing_lines": 40, "excluded_lines": 0}, "missing_lines": [53, 55, 57, 58, 59, 61, 64, 65, 66, 67, 70, 73, 76, 79, 80, 91, 97, 99, 100, 102, 117, 132, 133, 135, 136, 137, 138, 199, 201, 202, 203, 204, 207, 208, 209, 212, 213, 216, 217, 219], "excluded_lines": []}, "": {"executed_lines": [1, 8, 10, 11, 12, 13, 16, 17, 19, 51, 82, 108, 115, 119, 130, 140, 173, 190, 197], "summary": {"covered_lines": 17, "num_statements": 17, "percent_covered": 100.0, "percent_covered_display": "100.00", "missing_lines": 0, "excluded_lines": 0}, "missing_lines": [], "excluded_lines": []}}}, "snake_game/controllers/input_handler.py": {"executed_lines": [1, 3, 5, 7, 10, 11, 13, 15, 17, 29, 30, 33, 34, 37, 38, 39, 40, 41, 42, 43, 44, 45, 46, 50, 59, 60, 62, 64, 73, 74, 77, 84, 86, 95, 96, 97, 98, 99, 100, 104, 113, 114, 115, 116, 117, 118, 122, 131, 132, 133, 134, 138, 147, 154], "summary": {"covered_lines": 52, "num_statements": 56, "percent_covered": 92.85714285714286, "percent_covered_display": "92.86", "missing_lines": 4, "excluded_lines": 0}, "missing_lines": [48, 102, 120, 136], "excluded_lines": [], "functions": {"InputHandler.__init__": {"executed_lines": [15], "summary": {"covered_lines": 1, "num_statements": 1, "percent_covered": 100.0, "percent_covered_display": "100.00", "missing_lines": 0, "excluded_lines": 0}, "missing_lines": [], "excluded_lines": []}, "InputHandler.handle_event": {"executed_lines": [29, 30, 33, 34, 37, 38, 39, 40, 41, 42, 43, 44, 45, 46], "summary": {"covered_lines": 14, "num_statements": 15, "percent_covered": 93.33333333333333, "percent_covered_display": "93.33", "missing_lines": 1, "excluded_lines": 0}, "missing_lines": [48], "excluded_lines": []}, "InputHandler._handle_splash_input": {"executed_lines": [59, 60, 62], "summary": {"covered_lines": 3, "num_statements": 3, "percent_covered": 100.0, "percent_covered_display": "100.00", "missing_lines": 0, "excluded_lines": 0}, "missing_lines": [], "excluded_lines": []}, "InputHandler._handle_playing_input": {"executed_lines": [73, 74, 77, 84], "summary": {"covered_lines": 4, "num_statements": 4, "percent_covered": 100.0, "percent_covered_display": "100.00", "missing_lines": 0, "excluded_lines": 0}, "missing_lines": [], "excluded_lines": []}, "InputHandler._handle_game_over_input": {"executed_lines": [95, 96, 97, 98, 99, 100], "summary": {"covered_lines": 6, "num_statements": 7, "percent_covered": 85.71428571428571, "percent_covered_display": "85.71", "missing_lines": 1, "excluded_lines": 0}, "missing_lines": [102], "excluded_lines": []}, "InputHandler._handle_high_scores_input": {"executed_lines": [113, 114, 115, 116, 117, 118], "summary": {"covered_lines": 6, "num_statements": 7, "percent_covered": 85.71428571428571, "percent_covered_display": "85.71", "missing_lines": 1, "excluded_lines": 0}, "missing_lines": [120], "excluded_lines": []}, "InputHandler._handle_confirm_reset_input": {"executed_lines": [131, 132, 133, 134], "summary": {"covered_lines": 4, "num_statements": 5, "percent_covered": 80.0, "percent_covered_display": "80.00", "missing_lines": 1, "excluded_lines": 0}, "missing_lines": [136], "excluded_lines": []}, "InputHandler.get_direction_from_action": {"executed_lines": [147, 154], "summary": {"covered_lines": 2, "num_statements": 2, "percent_covered": 100.0, "percent_covered_display": "100.00", "missing_lines": 0, "excluded_lines": 0}, "missing_lines": [], "excluded_lines": []}, "": {"executed_lines": [1, 3, 5, 7, 10, 11, 13, 17, 50, 64, 86, 104, 122, 138], "summary": {"covered_lines": 12, "num_statements": 12, "percent_covered": 100.0, "percent_covered_display": "100.00", "missing_lines": 0, "excluded_lines": 0}, "missing_lines": [], "excluded_lines": []}}, "classes": {"InputHandler": {"executed_lines": [15, 29, 30, 33, 34, 37, 38, 39, 40, 41, 42, 43, 44, 45, 46, 59, 60, 62, 73, 74, 77, 84, 95, 96, 97, 98, 99, 100, 113, 114, 115, 116, 117, 118, 131, 132, 133, 134, 147, 154], "summary": {"covered_lines": 40, "num_statements": 44, "percent_covered": 90.9090909090909, "percent_covered_display": "90.91", "missing_lines": 4, "excluded_lines": 0}, "missing_lines": [48, 102, 120, 136], "excluded_lines": []}, "": {"executed_lines": [1, 3, 5, 7, 10, 11, 13, 17, 50, 64, 86, 104, 122, 138], "summary": {"covered_lines": 12, "num_statements": 12, "percent_covered": 100.0, "percent_covered_display": "100.00", "missing_lines": 0, "excluded_lines": 0}, "missing_lines": [], "excluded_lines": []}}}, "snake_game/game.py": {"executed_lines": [], "summary": {"covered_lines": 0, "num_statements": 521, "percent_covered": 0.0, "percent_covered_display": "0.00", "missing_lines": 521, "excluded_lines": 0}, "missing_lines": [3, 4, 5, 6, 7, 8, 10, 13, 16, 17, 18, 19, 22, 25, 26, 27, 28, 29, 32, 35, 36, 37, 38, 39, 42, 46, 47, 48, 49, 50, 51, 52, 55, 56, 57, 58, 61, 62, 63, 64, 65, 66, 67, 68, 69, 70, 71, 72, 75, 76, 77, 78, 80, 82, 83, 85, 86, 87, 88, 89, 90, 93, 94, 95, 96, 97, 98, 99, 100, 101, 102, 103, 106, 107, 109, 111, 113, 115, 116, 119, 120, 122, 123, 124, 126, 128, 130, 131, 132, 133, 134, 136, 138, 139, 142, 177, 178, 179, 180, 183, 185, 186, 189, 190, 192, 193, 194, 195, 196, 198, 201, 204, 205, 206, 207, 208, 210, 212, 213, 214, 215, 216, 217, 218, 220, 222, 223, 224, 225, 226, 227, 229, 231, 233, 234, 235, 238, 239, 240, 242, 244, 246, 247, 248, 249, 250, 251, 252, 253, 254, 256, 258, 259, 260, 261, 262, 263, 265, 267, 268, 270, 272, 273, 274, 276, 279, 280, 282, 283, 284, 286, 287, 288, 289, 290, 292, 294, 296, 297, 298, 299, 300, 301, 303, 305, 307, 308, 310, 311, 312, 313, 314, 315, 316, 317, 318, 319, 321, 323, 325, 326, 328, 329, 330, 331, 333, 335, 336, 337, 338, 339, 340, 341, 342, 343, 344, 345, 347, 349, 350, 351, 352, 353, 354, 355, 356, 357, 358, 360, 362, 363, 364, 365, 366, 367, 368, 369, 370, 371, 373, 375, 376, 377, 378, 379, 380, 382, 384, 385, 387, 388, 389, 390, 392, 395, 398, 399, 400, 403, 409, 410, 413, 414, 415, 418, 421, 422, 425, 428, 430, 431, 433, 436, 437, 438, 439, 441, 443, 444, 447, 450, 451, 453, 454, 457, 458, 459, 460, 462, 464, 465, 466, 468, 470, 471, 474, 475, 476, 477, 478, 479, 480, 481, 482, 483, 485, 486, 488, 489, 490, 491, 494, 495, 496, 498, 499, 502, 503, 504, 506, 508, 509, 510, 511, 513, 515, 517, 519, 523, 527, 529, 530, 532, 536, 538, 546, 548, 552, 554, 557, 561, 568, 576, 578, 580, 581, 582, 583, 584, 587, 591, 594, 600, 603, 609, 611, 614, 615, 616, 619, 620, 623, 624, 627, 628, 631, 634, 635, 637, 639, 640, 641, 644, 645, 646, 648, 651, 652, 653, 654, 655, 656, 659, 660, 661, 662, 664, 665, 666, 667, 670, 678, 680, 681, 682, 683, 685, 687, 688, 691, 696, 697, 705, 706, 707, 713, 719, 720, 723, 724, 727, 731, 733, 736, 739, 740, 741, 742, 743, 744, 747, 758, 759, 760, 761, 762, 763, 764, 765, 767, 769, 772, 773, 776, 777, 778, 779, 782, 783, 785, 787, 790, 791, 793, 794, 795, 798, 799, 800, 803, 804, 805, 808, 811, 818, 819, 820, 821, 822, 823, 825, 827, 830, 831, 832, 835, 836, 837, 838, 839, 840, 841, 842, 845, 852, 853, 854, 855, 856, 857, 859, 861, 864, 865, 866, 869, 872, 873, 876, 878, 879, 880, 881, 882, 883, 884, 886, 888, 889, 890, 891, 892, 893, 894, 895, 896, 897, 899, 901, 903, 905, 906, 907, 908, 910, 911, 913, 914, 915, 917, 918], "excluded_lines": [], "functions": {"SnakeGame.__init__": {"executed_lines": [], "summary": {"covered_lines": 0, "num_statements": 22, "percent_covered": 0.0, "percent_covered_display": "0.00", "missing_lines": 22, "excluded_lines": 0}, "missing_lines": [82, 83, 85, 86, 87, 88, 89, 90, 93, 94, 95, 96, 97, 98, 99, 100, 101, 102, 103, 106, 107, 109], "excluded_lines": []}, "SnakeGame.create_sound_effects": {"executed_lines": [], "summary": {"covered_lines": 0, "num_statements": 8, "percent_covered": 0.0, "percent_covered_display": "0.00", "missing_lines": 8, "excluded_lines": 0}, "missing_lines": [113, 115, 116, 119, 120, 122, 123, 124], "excluded_lines": []}, "SnakeGame.create_background_music": {"executed_lines": [], "summary": {"covered_lines": 0, "num_statements": 6, "percent_covered": 0.0, "percent_covered_display": "0.00", "missing_lines": 6, "excluded_lines": 0}, "missing_lines": [128, 130, 131, 132, 133, 134], "excluded_lines": []}, "SnakeGame.generate_melody": {"executed_lines": [], "summary": {"covered_lines": 0, "num_statements": 24, "percent_covered": 0.0, "percent_covered_display": "0.00", "missing_lines": 24, "excluded_lines": 0}, "missing_lines": [138, 139, 142, 177, 178, 179, 180, 183, 185, 186, 189, 190, 192, 193, 194, 195, 196, 198, 201, 204, 205, 206, 207, 208], "excluded_lines": []}, "SnakeGame.start_background_music": {"executed_lines": [], "summary": {"covered_lines": 0, "num_statements": 7, "percent_covered": 0.0, "percent_covered_display": "0.00", "missing_lines": 7, "excluded_lines": 0}, "missing_lines": [212, 213, 214, 215, 216, 217, 218], "excluded_lines": []}, "SnakeGame.stop_background_music": {"executed_lines": [], "summary": {"covered_lines": 0, "num_statements": 6, "percent_covered": 0.0, "percent_covered_display": "0.00", "missing_lines": 6, "excluded_lines": 0}, "missing_lines": [222, 223, 224, 225, 226, 227], "excluded_lines": []}, "SnakeGame.generate_tone": {"executed_lines": [], "summary": {"covered_lines": 0, "num_statements": 8, "percent_covered": 0.0, "percent_covered_display": "0.00", "missing_lines": 8, "excluded_lines": 0}, "missing_lines": [231, 233, 234, 235, 238, 239, 240, 242], "excluded_lines": []}, "SnakeGame.load_high_scores": {"executed_lines": [], "summary": {"covered_lines": 0, "num_statements": 9, "percent_covered": 0.0, "percent_covered_display": "0.00", "missing_lines": 9, "excluded_lines": 0}, "missing_lines": [246, 247, 248, 249, 250, 251, 252, 253, 254], "excluded_lines": []}, "SnakeGame.save_high_scores": {"executed_lines": [], "summary": {"covered_lines": 0, "num_statements": 6, "percent_covered": 0.0, "percent_covered_display": "0.00", "missing_lines": 6, "excluded_lines": 0}, "missing_lines": [258, 259, 260, 261, 262, 263], "excluded_lines": []}, "SnakeGame.reset_high_scores": {"executed_lines": [], "summary": {"covered_lines": 0, "num_statements": 2, "percent_covered": 0.0, "percent_covered_display": "0.00", "missing_lines": 2, "excluded_lines": 0}, "missing_lines": [267, 268], "excluded_lines": []}, "SnakeGame.update_high_scores": {"executed_lines": [], "summary": {"covered_lines": 0, "num_statements": 3, "percent_covered": 0.0, "percent_covered_display": "0.00", "missing_lines": 3, "excluded_lines": 0}, "missing_lines": [272, 273, 274], "excluded_lines": []}, "SnakeGame.reset_game": {"executed_lines": [], "summary": {"covered_lines": 0, "num_statements": 10, "percent_covered": 0.0, "percent_covered_display": "0.00", "missing_lines": 10, "excluded_lines": 0}, "missing_lines": [279, 280, 282, 283, 284, 286, 287, 288, 289, 290], "excluded_lines": []}, "SnakeGame.spawn_fruit": {"executed_lines": [], "summary": {"covered_lines": 0, "num_statements": 7, "percent_covered": 0.0, "percent_covered_display": "0.00", "missing_lines": 7, "excluded_lines": 0}, "missing_lines": [294, 296, 297, 298, 299, 300, 301], "excluded_lines": []}, "SnakeGame.handle_input": {"executed_lines": [], "summary": {"covered_lines": 0, "num_statements": 14, "percent_covered": 0.0, "percent_covered_display": "0.00", "missing_lines": 14, "excluded_lines": 0}, "missing_lines": [305, 307, 308, 310, 311, 312, 313, 314, 315, 316, 317, 318, 319, 321], "excluded_lines": []}, "SnakeGame._handle_splash_input": {"executed_lines": [], "summary": {"covered_lines": 0, "num_statements": 6, "percent_covered": 0.0, "percent_covered_display": "0.00", "missing_lines": 6, "excluded_lines": 0}, "missing_lines": [325, 326, 328, 329, 330, 331], "excluded_lines": []}, "SnakeGame._handle_playing_input": {"executed_lines": [], "summary": {"covered_lines": 0, "num_statements": 11, "percent_covered": 0.0, "percent_covered_display": "0.00", "missing_lines": 11, "excluded_lines": 0}, "missing_lines": [335, 336, 337, 338, 339, 340, 341, 342, 343, 344, 345], "excluded_lines": []}, "SnakeGame._handle_game_over_input": {"executed_lines": [], "summary": {"covered_lines": 0, "num_statements": 10, "percent_covered": 0.0, "percent_covered_display": "0.00", "missing_lines": 10, "excluded_lines": 0}, "missing_lines": [349, 350, 351, 352, 353, 354, 355, 356, 357, 358], "excluded_lines": []}, "SnakeGame._handle_high_scores_input": {"executed_lines": [], "summary": {"covered_lines": 0, "num_statements": 10, "percent_covered": 0.0, "percent_covered_display": "0.00", "missing_lines": 10, "excluded_lines": 0}, "missing_lines": [362, 363, 364, 365, 366, 367, 368, 369, 370, 371], "excluded_lines": []}, "SnakeGame._handle_confirm_reset_input": {"executed_lines": [], "summary": {"covered_lines": 0, "num_statements": 6, "percent_covered": 0.0, "percent_covered_display": "0.00", "missing_lines": 6, "excluded_lines": 0}, "missing_lines": [375, 376, 377, 378, 379, 380], "excluded_lines": []}, "SnakeGame.update_game": {"executed_lines": [], "summary": {"covered_lines": 0, "num_statements": 6, "percent_covered": 0.0, "percent_covered_display": "0.00", "missing_lines": 6, "excluded_lines": 0}, "missing_lines": [384, 385, 387, 388, 389, 390], "excluded_lines": []}, "SnakeGame.move_snake": {"executed_lines": [], "summary": {"covered_lines": 0, "num_statements": 22, "percent_covered": 0.0, "percent_covered_display": "0.00", "missing_lines": 22, "excluded_lines": 0}, "missing_lines": [395, 398, 399, 400, 403, 409, 410, 413, 414, 415, 418, 421, 422, 425, 428, 430, 431, 433, 436, 437, 438, 439], "excluded_lines": []}, "SnakeGame.eat_fruit": {"executed_lines": [], "summary": {"covered_lines": 0, "num_statements": 11, "percent_covered": 0.0, "percent_covered_display": "0.00", "missing_lines": 11, "excluded_lines": 0}, "missing_lines": [443, 444, 447, 450, 451, 453, 454, 457, 458, 459, 460], "excluded_lines": []}, "SnakeGame.draw_snake_segment": {"executed_lines": [], "summary": {"covered_lines": 0, "num_statements": 30, "percent_covered": 0.0, "percent_covered_display": "0.00", "missing_lines": 30, "excluded_lines": 0}, "missing_lines": [464, 465, 466, 468, 470, 471, 474, 475, 476, 477, 478, 479, 480, 481, 482, 483, 485, 486, 488, 489, 490, 491, 494, 495, 496, 498, 499, 502, 503, 504], "excluded_lines": []}, "SnakeGame.draw_fruit": {"executed_lines": [], "summary": {"covered_lines": 0, "num_statements": 30, "percent_covered": 0.0, "percent_covered_display": "0.00", "missing_lines": 30, "excluded_lines": 0}, "missing_lines": [508, 509, 510, 511, 513, 515, 517, 519, 523, 527, 529, 530, 532, 536, 538, 546, 548, 552, 554, 557, 561, 568, 576, 578, 580, 581, 582, 583, 584, 587], "excluded_lines": []}, "SnakeGame.draw_border": {"executed_lines": [], "summary": {"covered_lines": 0, "num_statements": 4, "percent_covered": 0.0, "percent_covered_display": "0.00", "missing_lines": 4, "excluded_lines": 0}, "missing_lines": [594, 600, 603, 609], "excluded_lines": []}, "SnakeGame.draw_ui": {"executed_lines": [], "summary": {"covered_lines": 0, "num_statements": 12, "percent_covered": 0.0, "percent_covered_display": "0.00", "missing_lines": 12, "excluded_lines": 0}, "missing_lines": [614, 615, 616, 619, 620, 623, 624, 627, 628, 631, 634, 635], "excluded_lines": []}, "SnakeGame.game_over": {"executed_lines": [], "summary": {"covered_lines": 0, "num_statements": 6, "percent_covered": 0.0, "percent_covered_display": "0.00", "missing_lines": 6, "excluded_lines": 0}, "missing_lines": [639, 640, 641, 644, 645, 646], "excluded_lines": []}, "SnakeGame.draw_splash_graphics": {"executed_lines": [], "summary": {"covered_lines": 0, "num_statements": 35, "percent_covered": 0.0, "percent_covered_display": "0.00", "missing_lines": 35, "excluded_lines": 0}, "missing_lines": [651, 652, 653, 654, 655, 656, 659, 660, 661, 662, 664, 665, 666, 667, 670, 678, 680, 681, 682, 683, 685, 687, 688, 691, 696, 697, 705, 706, 707, 713, 719, 720, 723, 724, 727], "excluded_lines": []}, "SnakeGame.draw_splash_screen": {"executed_lines": [], "summary": {"covered_lines": 0, "num_statements": 17, "percent_covered": 0.0, "percent_covered_display": "0.00", "missing_lines": 17, "excluded_lines": 0}, "missing_lines": [733, 736, 739, 740, 741, 742, 743, 744, 747, 758, 759, 760, 761, 762, 763, 764, 765], "excluded_lines": []}, "SnakeGame.draw_game": {"executed_lines": [], "summary": {"covered_lines": 0, "num_statements": 9, "percent_covered": 0.0, "percent_covered_display": "0.00", "missing_lines": 9, "excluded_lines": 0}, "missing_lines": [769, 772, 773, 776, 777, 778, 779, 782, 783], "excluded_lines": []}, "SnakeGame.draw_game_over_screen": {"executed_lines": [], "summary": {"covered_lines": 0, "num_statements": 20, "percent_covered": 0.0, "percent_covered_display": "0.00", "missing_lines": 20, "excluded_lines": 0}, "missing_lines": [787, 790, 791, 793, 794, 795, 798, 799, 800, 803, 804, 805, 808, 811, 818, 819, 820, 821, 822, 823], "excluded_lines": []}, "SnakeGame.draw_high_scores_screen": {"executed_lines": [], "summary": {"covered_lines": 0, "num_statements": 19, "percent_covered": 0.0, "percent_covered_display": "0.00", "missing_lines": 19, "excluded_lines": 0}, "missing_lines": [827, 830, 831, 832, 835, 836, 837, 838, 839, 840, 841, 842, 845, 852, 853, 854, 855, 856, 857], "excluded_lines": []}, "SnakeGame.draw_confirm_reset_screen": {"executed_lines": [], "summary": {"covered_lines": 0, "num_statements": 15, "percent_covered": 0.0, "percent_covered_display": "0.00", "missing_lines": 15, "excluded_lines": 0}, "missing_lines": [861, 864, 865, 866, 869, 872, 873, 876, 878, 879, 880, 881, 882, 883, 884], "excluded_lines": []}, "SnakeGame.draw": {"executed_lines": [], "summary": {"covered_lines": 0, "num_statements": 11, "percent_covered": 0.0, "percent_covered_display": "0.00", "missing_lines": 11, "excluded_lines": 0}, "missing_lines": [888, 889, 890, 891, 892, 893, 894, 895, 896, 897, 899], "excluded_lines": []}, "SnakeGame.run": {"executed_lines": [], "summary": {"covered_lines": 0, "num_statements": 12, "percent_covered": 0.0, "percent_covered_display": "0.00", "missing_lines": 12, "excluded_lines": 0}, "missing_lines": [903, 905, 906, 907, 908, 910, 911, 913, 914, 915, 917, 918], "excluded_lines": []}, "": {"executed_lines": [], "summary": {"covered_lines": 0, "num_statements": 87, "percent_covered": 0.0, "percent_covered_display": "0.00", "missing_lines": 87, "excluded_lines": 0}, "missing_lines": [3, 4, 5, 6, 7, 8, 10, 13, 16, 17, 18, 19, 22, 25, 26, 27, 28, 29, 32, 35, 36, 37, 38, 39, 42, 46, 47, 48, 49, 50, 51, 52, 55, 56, 57, 58, 61, 62, 63, 64, 65, 66, 67, 68, 69, 70, 71, 72, 75, 76, 77, 78, 80, 111, 126, 136, 210, 220, 229, 244, 256, 265, 270, 276, 292, 303, 323, 333, 347, 360, 373, 382, 392, 441, 462, 506, 591, 611, 637, 648, 731, 767, 785, 825, 859, 886, 901], "excluded_lines": []}}, "classes": {"Direction": {"executed_lines": [], "summary": {"covered_lines": 0, "num_statements": 0, "percent_covered": 100.0, "percent_covered_display": "100.00", "missing_lines": 0, "excluded_lines": 0}, "missing_lines": [], "excluded_lines": []}, "GameState": {"executed_lines": [], "summary": {"covered_lines": 0, "num_statements": 0, "percent_covered": 100.0, "percent_covered_display": "100.00", "missing_lines": 0, "excluded_lines": 0}, "missing_lines": [], "excluded_lines": []}, "FruitType": {"executed_lines": [], "summary": {"covered_lines": 0, "num_statements": 0, "percent_covered": 100.0, "percent_covered_display": "100.00", "missing_lines": 0, "excluded_lines": 0}, "missing_lines": [], "excluded_lines": []}, "SnakeGame": {"executed_lines": [], "summary": {"covered_lines": 0, "num_statements": 434, "percent_covered": 0.0, "percent_covered_display": "0.00", "missing_lines": 434, "excluded_lines": 0}, "missing_lines": [82, 83, 85, 86, 87, 88, 89, 90, 93, 94, 95, 96, 97, 98, 99, 100, 101, 102, 103, 106, 107, 109, 113, 115, 116, 119, 120, 122, 123, 124, 128, 130, 131, 132, 133, 134, 138, 139, 142, 177, 178, 179, 180, 183, 185, 186, 189, 190, 192, 193, 194, 195, 196, 198, 201, 204, 205, 206, 207, 208, 212, 213, 214, 215, 216, 217, 218, 222, 223, 224, 225, 226, 227, 231, 233, 234, 235, 238, 239, 240, 242, 246, 247, 248, 249, 250, 251, 252, 253, 254, 258, 259, 260, 261, 262, 263, 267, 268, 272, 273, 274, 279, 280, 282, 283, 284, 286, 287, 288, 289, 290, 294, 296, 297, 298, 299, 300, 301, 305, 307, 308, 310, 311, 312, 313, 314, 315, 316, 317, 318, 319, 321, 325, 326, 328, 329, 330, 331, 335, 336, 337, 338, 339, 340, 341, 342, 343, 344, 345, 349, 350, 351, 352, 353, 354, 355, 356, 357, 358, 362, 363, 364, 365, 366, 367, 368, 369, 370, 371, 375, 376, 377, 378, 379, 380, 384, 385, 387, 388, 389, 390, 395, 398, 399, 400, 403, 409, 410, 413, 414, 415, 418, 421, 422, 425, 428, 430, 431, 433, 436, 437, 438, 439, 443, 444, 447, 450, 451, 453, 454, 457, 458, 459, 460, 464, 465, 466, 468, 470, 471, 474, 475, 476, 477, 478, 479, 480, 481, 482, 483, 485, 486, 488, 489, 490, 491, 494, 495, 496, 498, 499, 502, 503, 504, 508, 509, 510, 511, 513, 515, 517, 519, 523, 527, 529, 530, 532, 536, 538, 546, 548, 552, 554, 557, 561, 568, 576, 578, 580, 581, 582, 583, 584, 587, 594, 600, 603, 609, 614, 615, 616, 619, 620, 623, 624, 627, 628, 631, 634, 635, 639, 640, 641, 644, 645, 646, 651, 652, 653, 654, 655, 656, 659, 660, 661, 662, 664, 665, 666, 667, 670, 678, 680, 681, 682, 683, 685, 687, 688, 691, 696, 697, 705, 706, 707, 713, 719, 720, 723, 724, 727, 733, 736, 739, 740, 741, 742, 743, 744, 747, 758, 759, 760, 761, 762, 763, 764, 765, 769, 772, 773, 776, 777, 778, 779, 782, 783, 787, 790, 791, 793, 794, 795, 798, 799, 800, 803, 804, 805, 808, 811, 818, 819, 820, 821, 822, 823, 827, 830, 831, 832, 835, 836, 837, 838, 839, 840, 841, 842, 845, 852, 853, 854, 855, 856, 857, 861, 864, 865, 866, 869, 872, 873, 876, 878, 879, 880, 881, 882, 883, 884, 888, 889, 890, 891, 892, 893, 894, 895, 896, 897, 899, 903, 905, 906, 907, 908, 910, 911, 913, 914, 915, 917, 918], "excluded_lines": []}, "": {"executed_lines": [], "summary": {"covered_lines": 0, "num_statements": 87, "percent_covered": 0.0, "percent_covered_display": "0.00", "missing_lines": 87, "excluded_lines": 0}, "missing_lines": [3, 4, 5, 6, 7, 8, 10, 13, 16, 17, 18, 19, 22, 25, 26, 27, 28, 29, 32, 35, 36, 37, 38, 39, 42, 46, 47, 48, 49, 50, 51, 52, 55, 56, 57, 58, 61, 62, 63, 64, 65, 66, 67, 68, 69, 70, 71, 72, 75, 76, 77, 78, 80, 111, 126, 136, 210, 220, 229, 244, 256, 265, 270, 276, 292, 303, 323, 333, 347, 360, 373, 382, 392, 441, 462, 506, 591, 611, 637, 648, 731, 767, 785, 825, 859, 886, 901], "excluded_lines": []}}}, "snake_game/main.py": {"executed_lines": [], "summary": {"covered_lines": 0, "num_statements": 13, "percent_covered": 0.0, "percent_covered_display": "0.00", "missing_lines": 13, "excluded_lines": 2}, "missing_lines": [8, 10, 13, 15, 16, 17, 18, 19, 20, 21, 22, 24, 26], "excluded_lines": [29, 30], "functions": {"main": {"executed_lines": [], "summary": {"covered_lines": 0, "num_statements": 10, "percent_covered": 0.0, "percent_covered_display": "0.00", "missing_lines": 10, "excluded_lines": 0}, "missing_lines": [15, 16, 17, 18, 19, 20, 21, 22, 24, 26], "excluded_lines": []}, "": {"executed_lines": [], "summary": {"covered_lines": 0, "num_statements": 3, "percent_covered": 0.0, "percent_covered_display": "0.00", "missing_lines": 3, "excluded_lines": 2}, "missing_lines": [8, 10, 13], "excluded_lines": [29, 30]}}, "classes": {"": {"executed_lines": [], "summary": {"covered_lines": 0, "num_statements": 13, "percent_covered": 0.0, "percent_covered_display": "0.00", "missing_lines": 13, "excluded_lines": 2}, "missing_lines": [8, 10, 13, 15, 16, 17, 18, 19, 20, 21, 22, 24, 26], "excluded_lines": [29, 30]}}}, "snake_game/models/__init__.py": {"executed_lines": [1, 3, 4, 5, 6, 7, 9], "summary": {"covered_lines": 6, "num_statements": 6, "percent_covered": 100.0, "percent_covered_display": "100.00", "missing_lines": 0, "excluded_lines": 0}, "missing_lines": [], "excluded_lines": [], "functions": {"": {"executed_lines": [1, 3, 4, 5, 6, 7, 9], "summary": {"covered_lines": 6, "num_statements": 6, "percent_covered": 100.0, "percent_covered_display": "100.00", "missing_lines": 0, "excluded_lines": 0}, "missing_lines": [], "excluded_lines": []}}, "classes": {"": {"executed_lines": [1, 3, 4, 5, 6, 7, 9], "summary": {"covered_lines": 6, "num_statements": 6, "percent_covered": 100.0, "percent_covered_display": "100.00", "missing_lines": 0, "excluded_lines": 0}, "missing_lines": [], "excluded_lines": []}}}, "snake_game/models/enums.py": {"executed_lines": [1, 3, 6, 7, 9, 10, 11, 12, 15, 16, 18, 19, 20, 21, 22, 25, 26, 28, 29, 30, 31, 32], "summary": {"covered_lines": 18, "num_statements": 18, "percent_covered": 100.0, "percent_covered_display": "100.00", "missing_lines": 0, "excluded_lines": 0}, "missing_lines": [], "excluded_lines": [], "functions": {"": {"executed_lines": [1, 3, 6, 7, 9, 10, 11, 12, 15, 16, 18, 19, 20, 21, 22, 25, 26, 28, 29, 30, 31, 32], "summary": {"covered_lines": 18, "num_statements": 18, "percent_covered": 100.0, "percent_covered_display": "100.00", "missing_lines": 0, "excluded_lines": 0}, "missing_lines": [], "excluded_lines": []}}, "classes": {"Direction": {"executed_lines": [], "summary": {"covered_lines": 0, "num_statements": 0, "percent_covered": 100.0, "percent_covered_display": "100.00", "missing_lines": 0, "excluded_lines": 0}, "missing_lines": [], "excluded_lines": []}, "GameState": {"executed_lines": [], "summary": {"covered_lines": 0, "num_statements": 0, "percent_covered": 100.0, "percent_covered_display": "100.00", "missing_lines": 0, "excluded_lines": 0}, "missing_lines": [], "excluded_lines": []}, "FruitType": {"executed_lines": [], "summary": {"covered_lines": 0, "num_statements": 0, "percent_covered": 100.0, "percent_covered_display": "100.00", "missing_lines": 0, "excluded_lines": 0}, "missing_lines": [], "excluded_lines": []}, "": {"executed_lines": [1, 3, 6, 7, 9, 10, 11, 12, 15, 16, 18, 19, 20, 21, 22, 25, 26, 28, 29, 30, 31, 32], "summary": {"covered_lines": 18, "num_statements": 18, "percent_covered": 100.0, "percent_covered_display": "100.00", "missing_lines": 0, "excluded_lines": 0}, "missing_lines": [], "excluded_lines": []}}}, "snake_game/models/fruit.py": {"executed_lines": [1, 3, 4, 6, 9, 10, 12, 19, 20, 21, 22, 23, 25, 34, 36, 37, 39, 40, 41, 42, 44, 46, 55, 57, 58, 60, 62, 63, 65, 67, 68, 70], "summary": {"covered_lines": 30, "num_statements": 30, "percent_covered": 100.0, "percent_covered_display": "100.00", "missing_lines": 0, "excluded_lines": 0}, "missing_lines": [], "excluded_lines": [], "functions": {"Fruit.__init__": {"executed_lines": [19, 20, 21, 22, 23], "summary": {"covered_lines": 5, "num_statements": 5, "percent_covered": 100.0, "percent_covered_display": "100.00", "missing_lines": 0, "excluded_lines": 0}, "missing_lines": [], "excluded_lines": []}, "Fruit.spawn": {"executed_lines": [34, 36, 37, 39, 40, 41, 42, 44], "summary": {"covered_lines": 8, "num_statements": 8, "percent_covered": 100.0, "percent_covered_display": "100.00", "missing_lines": 0, "excluded_lines": 0}, "missing_lines": [], "excluded_lines": []}, "Fruit.is_eaten_by": {"executed_lines": [55], "summary": {"covered_lines": 1, "num_statements": 1, "percent_covered": 100.0, "percent_covered_display": "100.00", "missing_lines": 0, "excluded_lines": 0}, "missing_lines": [], "excluded_lines": []}, "Fruit.name": {"executed_lines": [60], "summary": {"covered_lines": 1, "num_statements": 1, "percent_covered": 100.0, "percent_covered_display": "100.00", "missing_lines": 0, "excluded_lines": 0}, "missing_lines": [], "excluded_lines": []}, "Fruit.primary_color": {"executed_lines": [65], "summary": {"covered_lines": 1, "num_statements": 1, "percent_covered": 100.0, "percent_covered_display": "100.00", "missing_lines": 0, "excluded_lines": 0}, "missing_lines": [], "excluded_lines": []}, "Fruit.secondary_color": {"executed_lines": [70], "summary": {"covered_lines": 1, "num_statements": 1, "percent_covered": 100.0, "percent_covered_display": "100.00", "missing_lines": 0, "excluded_lines": 0}, "missing_lines": [], "excluded_lines": []}, "": {"executed_lines": [1, 3, 4, 6, 9, 10, 12, 25, 46, 57, 58, 62, 63, 67, 68], "summary": {"covered_lines": 13, "num_statements": 13, "percent_covered": 100.0, "percent_covered_display": "100.00", "missing_lines": 0, "excluded_lines": 0}, "missing_lines": [], "excluded_lines": []}}, "classes": {"Fruit": {"executed_lines": [19, 20, 21, 22, 23, 34, 36, 37, 39, 40, 41, 42, 44, 55, 60, 65, 70], "summary": {"covered_lines": 17, "num_statements": 17, "percent_covered": 100.0, "percent_covered_display": "100.00", "missing_lines": 0, "excluded_lines": 0}, "missing_lines": [], "excluded_lines": []}, "": {"executed_lines": [1, 3, 4, 6, 9, 10, 12, 25, 46, 57, 58, 62, 63, 67, 68], "summary": {"covered_lines": 13, "num_statements": 13, "percent_covered": 100.0, "percent_covered_display": "100.00", "missing_lines": 0, "excluded_lines": 0}, "missing_lines": [], "excluded_lines": []}}}, "snake_game/models/game_state.py": {"executed_lines": [1, 3, 6, 7, 9, 15, 16, 18, 19, 21, 23, 24, 26, 28, 34, 35, 36, 38, 47, 49, 58, 60, 62, 63], "summary": {"covered_lines": 22, "num_statements": 22, "percent_covered": 100.0, "percent_covered_display": "100.00", "missing_lines": 0, "excluded_lines": 0}, "missing_lines": [], "excluded_lines": [], "functions": {"GameStateManager.__init__": {"executed_lines": [15, 16], "summary": {"covered_lines": 2, "num_statements": 2, "percent_covered": 100.0, "percent_covered_display": "100.00", "missing_lines": 0, "excluded_lines": 0}, "missing_lines": [], "excluded_lines": []}, "GameStateManager.current_state": {"executed_lines": [21], "summary": {"covered_lines": 1, "num_statements": 1, "percent_covered": 100.0, "percent_covered_display": "100.00", "missing_lines": 0, "excluded_lines": 0}, "missing_lines": [], "excluded_lines": []}, "GameStateManager.previous_state": {"executed_lines": [26], "summary": {"covered_lines": 1, "num_statements": 1, "percent_covered": 100.0, "percent_covered_display": "100.00", "missing_lines": 0, "excluded_lines": 0}, "missing_lines": [], "excluded_lines": []}, "GameStateManager.set_state": {"executed_lines": [34, 35, 36], "summary": {"covered_lines": 3, "num_statements": 3, "percent_covered": 100.0, "percent_covered_display": "100.00", "missing_lines": 0, "excluded_lines": 0}, "missing_lines": [], "excluded_lines": []}, "GameStateManager.is_state": {"executed_lines": [47], "summary": {"covered_lines": 1, "num_statements": 1, "percent_covered": 100.0, "percent_covered_display": "100.00", "missing_lines": 0, "excluded_lines": 0}, "missing_lines": [], "excluded_lines": []}, "GameStateManager.was_state": {"executed_lines": [58], "summary": {"covered_lines": 1, "num_statements": 1, "percent_covered": 100.0, "percent_covered_display": "100.00", "missing_lines": 0, "excluded_lines": 0}, "missing_lines": [], "excluded_lines": []}, "GameStateManager.reset": {"executed_lines": [62, 63], "summary": {"covered_lines": 2, "num_statements": 2, "percent_covered": 100.0, "percent_covered_display": "100.00", "missing_lines": 0, "excluded_lines": 0}, "missing_lines": [], "excluded_lines": []}, "": {"executed_lines": [1, 3, 6, 7, 9, 18, 19, 23, 24, 28, 38, 49, 60], "summary": {"covered_lines": 11, "num_statements": 11, "percent_covered": 100.0, "percent_covered_display": "100.00", "missing_lines": 0, "excluded_lines": 0}, "missing_lines": [], "excluded_lines": []}}, "classes": {"GameStateManager": {"executed_lines": [15, 16, 21, 26, 34, 35, 36, 47, 58, 62, 63], "summary": {"covered_lines": 11, "num_statements": 11, "percent_covered": 100.0, "percent_covered_display": "100.00", "missing_lines": 0, "excluded_lines": 0}, "missing_lines": [], "excluded_lines": []}, "": {"executed_lines": [1, 3, 6, 7, 9, 18, 19, 23, 24, 28, 38, 49, 60], "summary": {"covered_lines": 11, "num_statements": 11, "percent_covered": 100.0, "percent_covered_display": "100.00", "missing_lines": 0, "excluded_lines": 0}, "missing_lines": [], "excluded_lines": []}}}, "snake_game/models/score.py": {"executed_lines": [1, 3, 4, 5, 8, 9, 11, 18, 19, 20, 21, 23, 29, 30, 31, 32, 33, 34, 35, 37, 39, 41, 42, 43, 47, 53, 55, 57, 59, 68, 69, 71, 72, 73, 74, 75, 77, 79, 81, 82, 84, 93, 94, 96, 98, 104, 106, 107, 109], "summary": {"covered_lines": 47, "num_statements": 49, "percent_covered": 95.91836734693878, "percent_covered_display": "95.92", "missing_lines": 2, "excluded_lines": 0}, "missing_lines": [44, 45], "excluded_lines": [], "functions": {"ScoreManager.__init__": {"executed_lines": [18, 19, 20, 21], "summary": {"covered_lines": 4, "num_statements": 4, "percent_covered": 100.0, "percent_covered_display": "100.00", "missing_lines": 0, "excluded_lines": 0}, "missing_lines": [], "excluded_lines": []}, "ScoreManager._load_high_scores": {"executed_lines": [29, 30, 31, 32, 33, 34, 35, 37], "summary": {"covered_lines": 8, "num_statements": 8, "percent_covered": 100.0, "percent_covered_display": "100.00", "missing_lines": 0, "excluded_lines": 0}, "missing_lines": [], "excluded_lines": []}, "ScoreManager._save_high_scores": {"executed_lines": [41, 42, 43], "summary": {"covered_lines": 3, "num_statements": 5, "percent_covered": 60.0, "percent_covered_display": "60.00", "missing_lines": 2, "excluded_lines": 0}, "missing_lines": [44, 45], "excluded_lines": []}, "ScoreManager.add_points": {"executed_lines": [53], "summary": {"covered_lines": 1, "num_statements": 1, "percent_covered": 100.0, "percent_covered_display": "100.00", "missing_lines": 0, "excluded_lines": 0}, "missing_lines": [], "excluded_lines": []}, "ScoreManager.reset_current_score": {"executed_lines": [57], "summary": {"covered_lines": 1, "num_statements": 1, "percent_covered": 100.0, "percent_covered_display": "100.00", "missing_lines": 0, "excluded_lines": 0}, "missing_lines": [], "excluded_lines": []}, "ScoreManager.update_high_scores": {"executed_lines": [68, 69, 71, 72, 73, 74, 75, 77], "summary": {"covered_lines": 8, "num_statements": 8, "percent_covered": 100.0, "percent_covered_display": "100.00", "missing_lines": 0, "excluded_lines": 0}, "missing_lines": [], "excluded_lines": []}, "ScoreManager.reset_high_scores": {"executed_lines": [81, 82], "summary": {"covered_lines": 2, "num_statements": 2, "percent_covered": 100.0, "percent_covered_display": "100.00", "missing_lines": 0, "excluded_lines": 0}, "missing_lines": [], "excluded_lines": []}, "ScoreManager.is_high_score": {"executed_lines": [93, 94, 96], "summary": {"covered_lines": 3, "num_statements": 3, "percent_covered": 100.0, "percent_covered_display": "100.00", "missing_lines": 0, "excluded_lines": 0}, "missing_lines": [], "excluded_lines": []}, "ScoreManager.get_high_scores": {"executed_lines": [104], "summary": {"covered_lines": 1, "num_statements": 1, "percent_covered": 100.0, "percent_covered_display": "100.00", "missing_lines": 0, "excluded_lines": 0}, "missing_lines": [], "excluded_lines": []}, "ScoreManager.score": {"executed_lines": [109], "summary": {"covered_lines": 1, "num_statements": 1, "percent_covered": 100.0, "percent_covered_display": "100.00", "missing_lines": 0, "excluded_lines": 0}, "missing_lines": [], "excluded_lines": []}, "": {"executed_lines": [1, 3, 4, 5, 8, 9, 11, 23, 39, 47, 55, 59, 79, 84, 98, 106, 107], "summary": {"covered_lines": 15, "num_statements": 15, "percent_covered": 100.0, "percent_covered_display": "100.00", "missing_lines": 0, "excluded_lines": 0}, "missing_lines": [], "excluded_lines": []}}, "classes": {"ScoreManager": {"executed_lines": [18, 19, 20, 21, 29, 30, 31, 32, 33, 34, 35, 37, 41, 42, 43, 53, 57, 68, 69, 71, 72, 73, 74, 75, 77, 81, 82, 93, 94, 96, 104, 109], "summary": {"covered_lines": 32, "num_statements": 34, "percent_covered": 94.11764705882354, "percent_covered_display": "94.12", "missing_lines": 2, "excluded_lines": 0}, "missing_lines": [44, 45], "excluded_lines": []}, "": {"executed_lines": [1, 3, 4, 5, 8, 9, 11, 23, 39, 47, 55, 59, 79, 84, 98, 106, 107], "summary": {"covered_lines": 15, "num_statements": 15, "percent_covered": 100.0, "percent_covered_display": "100.00", "missing_lines": 0, "excluded_lines": 0}, "missing_lines": [], "excluded_lines": []}}}, "snake_game/models/snake.py": {"executed_lines": [1, 3, 5, 8, 9, 11, 19, 20, 21, 24, 25, 27, 28, 30, 32, 33, 35, 37, 47, 54, 55, 56, 57, 59, 69, 72, 73, 74, 77, 80, 81, 83, 85, 91, 92, 94, 104, 105, 107, 115, 116, 117, 119, 120], "summary": {"covered_lines": 42, "num_statements": 42, "percent_covered": 100.0, "percent_covered_display": "100.00", "missing_lines": 0, "excluded_lines": 0}, "missing_lines": [], "excluded_lines": [], "functions": {"Snake.__init__": {"executed_lines": [19, 20, 21, 24, 25], "summary": {"covered_lines": 5, "num_statements": 5, "percent_covered": 100.0, "percent_covered_display": "100.00", "missing_lines": 0, "excluded_lines": 0}, "missing_lines": [], "excluded_lines": []}, "Snake.head": {"executed_lines": [30], "summary": {"covered_lines": 1, "num_statements": 1, "percent_covered": 100.0, "percent_covered_display": "100.00", "missing_lines": 0, "excluded_lines": 0}, "missing_lines": [], "excluded_lines": []}, "Snake.length": {"executed_lines": [35], "summary": {"covered_lines": 1, "num_statements": 1, "percent_covered": 100.0, "percent_covered_display": "100.00", "missing_lines": 0, "excluded_lines": 0}, "missing_lines": [], "excluded_lines": []}, "Snake.set_direction": {"executed_lines": [47, 54, 55, 56, 57], "summary": {"covered_lines": 5, "num_statements": 5, "percent_covered": 100.0, "percent_covered_display": "100.00", "missing_lines": 0, "excluded_lines": 0}, "missing_lines": [], "excluded_lines": []}, "Snake.move": {"executed_lines": [69, 72, 73, 74, 77, 80, 81, 83], "summary": {"covered_lines": 8, "num_statements": 8, "percent_covered": 100.0, "percent_covered_display": "100.00", "missing_lines": 0, "excluded_lines": 0}, "missing_lines": [], "excluded_lines": []}, "Snake.check_self_collision": {"executed_lines": [91, 92], "summary": {"covered_lines": 2, "num_statements": 2, "percent_covered": 100.0, "percent_covered_display": "100.00", "missing_lines": 0, "excluded_lines": 0}, "missing_lines": [], "excluded_lines": []}, "Snake.check_wall_collision": {"executed_lines": [104, 105], "summary": {"covered_lines": 2, "num_statements": 2, "percent_covered": 100.0, "percent_covered_display": "100.00", "missing_lines": 0, "excluded_lines": 0}, "missing_lines": [], "excluded_lines": []}, "Snake.reset": {"executed_lines": [115, 116, 117, 119, 120], "summary": {"covered_lines": 5, "num_statements": 5, "percent_covered": 100.0, "percent_covered_display": "100.00", "missing_lines": 0, "excluded_lines": 0}, "missing_lines": [], "excluded_lines": []}, "": {"executed_lines": [1, 3, 5, 8, 9, 11, 27, 28, 32, 33, 37, 59, 85, 94, 107], "summary": {"covered_lines": 13, "num_statements": 13, "percent_covered": 100.0, "percent_covered_display": "100.00", "missing_lines": 0, "excluded_lines": 0}, "missing_lines": [], "excluded_lines": []}}, "classes": {"Snake": {"executed_lines": [19, 20, 21, 24, 25, 30, 35, 47, 54, 55, 56, 57, 69, 72, 73, 74, 77, 80, 81, 83, 91, 92, 104, 105, 115, 116, 117, 119, 120], "summary": {"covered_lines": 29, "num_statements": 29, "percent_covered": 100.0, "percent_covered_display": "100.00", "missing_lines": 0, "excluded_lines": 0}, "missing_lines": [], "excluded_lines": []}, "": {"executed_lines": [1, 3, 5, 8, 9, 11, 27, 28, 32, 33, 37, 59, 85, 94, 107], "summary": {"covered_lines": 13, "num_statements": 13, "percent_covered": 100.0, "percent_covered_display": "100.00", "missing_lines": 0, "excluded_lines": 0}, "missing_lines": [], "excluded_lines": []}}}, "snake_game/utils/__init__.py": {"executed_lines": [1, 3, 4, 5, 7], "summary": {"covered_lines": 4, "num_statements": 4, "percent_covered": 100.0, "percent_covered_display": "100.00", "missing_lines": 0, "excluded_lines": 0}, "missing_lines": [], "excluded_lines": [], "functions": {"": {"executed_lines": [1, 3, 4, 5, 7], "summary": {"covered_lines": 4, "num_statements": 4, "percent_covered": 100.0, "percent_covered_display": "100.00", "missing_lines": 0, "excluded_lines": 0}, "missing_lines": [], "excluded_lines": []}}, "classes": {"": {"executed_lines": [1, 3, 4, 5, 7], "summary": {"covered_lines": 4, "num_statements": 4, "percent_covered": 100.0, "percent_covered_display": "100.00", "missing_lines": 0, "excluded_lines": 0}, "missing_lines": [], "excluded_lines": []}}}, "snake_game/utils/audio.py": {"executed_lines": [1, 3, 5, 7, 10, 11, 13, 15, 16, 17, 18, 19, 21, 23, 25, 26, 32, 33, 34, 38, 40, 41, 42, 45, 52, 54, 55, 56, 58, 64, 74, 75, 77, 78, 79, 82, 83, 84, 86, 91, 97, 98, 101, 136, 137, 138, 139, 142, 144, 145, 148, 149, 151, 152, 153, 154, 155, 157, 160, 162, 166, 172, 175, 177, 178, 181, 182, 184, 185, 189, 195, 198, 199, 200, 203, 204, 208, 210, 213, 214, 215, 219, 221, 224, 227, 228, 230, 231, 232, 236, 238, 239, 241, 242, 243, 247, 249, 250, 251], "summary": {"covered_lines": 97, "num_statements": 123, "percent_covered": 78.86178861788618, "percent_covered_display": "78.86", "missing_lines": 26, "excluded_lines": 0}, "missing_lines": [35, 36, 46, 48, 49, 50, 61, 62, 87, 89, 163, 164, 173, 186, 187, 196, 205, 206, 211, 216, 217, 222, 233, 234, 244, 245], "excluded_lines": [], "functions": {"AudioManager.__init__": {"executed_lines": [15, 16, 17, 18, 19, 21], "summary": {"covered_lines": 6, "num_statements": 6, "percent_covered": 100.0, "percent_covered_display": "100.00", "missing_lines": 0, "excluded_lines": 0}, "missing_lines": [], "excluded_lines": []}, "AudioManager._initialize_audio": {"executed_lines": [25, 26, 32, 33, 34], "summary": {"covered_lines": 5, "num_statements": 7, "percent_covered": 71.42857142857143, "percent_covered_display": "71.43", "missing_lines": 2, "excluded_lines": 0}, "missing_lines": [35, 36], "excluded_lines": []}, "AudioManager._create_sound_effects": {"executed_lines": [40, 41, 42, 45], "summary": {"covered_lines": 4, "num_statements": 8, "percent_covered": 50.0, "percent_covered_display": "50.00", "missing_lines": 4, "excluded_lines": 0}, "missing_lines": [46, 48, 49, 50], "excluded_lines": []}, "AudioManager._create_background_music": {"executed_lines": [54, 55, 56, 58], "summary": {"covered_lines": 4, "num_statements": 6, "percent_covered": 66.66666666666667, "percent_covered_display": "66.67", "missing_lines": 2, "excluded_lines": 0}, "missing_lines": [61, 62], "excluded_lines": []}, "AudioManager._generate_tone": {"executed_lines": [74, 75, 77, 78, 79, 82, 83, 84, 86], "summary": {"covered_lines": 9, "num_statements": 11, "percent_covered": 81.81818181818181, "percent_covered_display": "81.82", "missing_lines": 2, "excluded_lines": 0}, "missing_lines": [87, 89], "excluded_lines": []}, "AudioManager._generate_melody": {"executed_lines": [97, 98, 101, 136, 137, 138, 139, 142, 144, 145, 148, 149, 151, 152, 153, 154, 155, 157, 160, 162], "summary": {"covered_lines": 20, "num_statements": 22, "percent_covered": 90.9090909090909, "percent_covered_display": "90.91", "missing_lines": 2, "excluded_lines": 0}, "missing_lines": [163, 164], "excluded_lines": []}, "AudioManager.play_eat_sound": {"executed_lines": [172, 175, 177, 178, 181, 182, 184, 185], "summary": {"covered_lines": 8, "num_statements": 11, "percent_covered": 72.72727272727273, "percent_covered_display": "72.73", "missing_lines": 3, "excluded_lines": 0}, "missing_lines": [173, 186, 187], "excluded_lines": []}, "AudioManager.play_move_sound": {"executed_lines": [195, 198, 199, 200, 203, 204], "summary": {"covered_lines": 6, "num_statements": 9, "percent_covered": 66.66666666666667, "percent_covered_display": "66.67", "missing_lines": 3, "excluded_lines": 0}, "missing_lines": [196, 205, 206], "excluded_lines": []}, "AudioManager.play_game_over_sound": {"executed_lines": [210, 213, 214, 215], "summary": {"covered_lines": 4, "num_statements": 7, "percent_covered": 57.142857142857146, "percent_covered_display": "57.14", "missing_lines": 3, "excluded_lines": 0}, "missing_lines": [211, 216, 217], "excluded_lines": []}, "AudioManager.start_background_music": {"executed_lines": [221, 224, 227, 228, 230, 231, 232], "summary": {"covered_lines": 7, "num_statements": 10, "percent_covered": 70.0, "percent_covered_display": "70.00", "missing_lines": 3, "excluded_lines": 0}, "missing_lines": [222, 233, 234], "excluded_lines": []}, "AudioManager.stop_background_music": {"executed_lines": [238, 239, 241, 242, 243], "summary": {"covered_lines": 5, "num_statements": 7, "percent_covered": 71.42857142857143, "percent_covered_display": "71.43", "missing_lines": 2, "excluded_lines": 0}, "missing_lines": [244, 245], "excluded_lines": []}, "AudioManager.cleanup": {"executed_lines": [249, 250, 251], "summary": {"covered_lines": 3, "num_statements": 3, "percent_covered": 100.0, "percent_covered_display": "100.00", "missing_lines": 0, "excluded_lines": 0}, "missing_lines": [], "excluded_lines": []}, "": {"executed_lines": [1, 3, 5, 7, 10, 11, 13, 23, 38, 52, 64, 91, 166, 189, 208, 219, 236, 247], "summary": {"covered_lines": 16, "num_statements": 16, "percent_covered": 100.0, "percent_covered_display": "100.00", "missing_lines": 0, "excluded_lines": 0}, "missing_lines": [], "excluded_lines": []}}, "classes": {"AudioManager": {"executed_lines": [15, 16, 17, 18, 19, 21, 25, 26, 32, 33, 34, 40, 41, 42, 45, 54, 55, 56, 58, 74, 75, 77, 78, 79, 82, 83, 84, 86, 97, 98, 101, 136, 137, 138, 139, 142, 144, 145, 148, 149, 151, 152, 153, 154, 155, 157, 160, 162, 172, 175, 177, 178, 181, 182, 184, 185, 195, 198, 199, 200, 203, 204, 210, 213, 214, 215, 221, 224, 227, 228, 230, 231, 232, 238, 239, 241, 242, 243, 249, 250, 251], "summary": {"covered_lines": 81, "num_statements": 107, "percent_covered": 75.70093457943925, "percent_covered_display": "75.70", "missing_lines": 26, "excluded_lines": 0}, "missing_lines": [35, 36, 46, 48, 49, 50, 61, 62, 87, 89, 163, 164, 173, 186, 187, 196, 205, 206, 211, 216, 217, 222, 233, 234, 244, 245], "excluded_lines": []}, "": {"executed_lines": [1, 3, 5, 7, 10, 11, 13, 23, 38, 52, 64, 91, 166, 189, 208, 219, 236, 247], "summary": {"covered_lines": 16, "num_statements": 16, "percent_covered": 100.0, "percent_covered_display": "100.00", "missing_lines": 0, "excluded_lines": 0}, "missing_lines": [], "excluded_lines": []}}}, "snake_game/utils/constants.py": {"executed_lines": [1, 3, 6, 7, 10, 11, 12, 15, 16, 19, 20, 23, 24, 25, 26, 29, 30, 31, 32, 33, 36, 37, 38, 39, 40, 41, 42, 43, 44, 45, 46, 47, 50, 51, 52, 53, 56], "summary": {"covered_lines": 35, "num_statements": 35, "percent_covered": 100.0, "percent_covered_display": "100.00", "missing_lines": 0, "excluded_lines": 0}, "missing_lines": [], "excluded_lines": [], "functions": {"": {"executed_lines": [1, 3, 6, 7, 10, 11, 12, 15, 16, 19, 20, 23, 24, 25, 26, 29, 30, 31, 32, 33, 36, 37, 38, 39, 40, 41, 42, 43, 44, 45, 46, 47, 50, 51, 52, 53, 56], "summary": {"covered_lines": 35, "num_statements": 35, "percent_covered": 100.0, "percent_covered_display": "100.00", "missing_lines": 0, "excluded_lines": 0}, "missing_lines": [], "excluded_lines": []}}, "classes": {"GameConstants": {"executed_lines": [], "summary": {"covered_lines": 0, "num_statements": 0, "percent_covered": 100.0, "percent_covered_display": "100.00", "missing_lines": 0, "excluded_lines": 0}, "missing_lines": [], "excluded_lines": []}, "": {"executed_lines": [1, 3, 6, 7, 10, 11, 12, 15, 16, 19, 20, 23, 24, 25, 26, 29, 30, 31, 32, 33, 36, 37, 38, 39, 40, 41, 42, 43, 44, 45, 46, 47, 50, 51, 52, 53, 56], "summary": {"covered_lines": 35, "num_statements": 35, "percent_covered": 100.0, "percent_covered_display": "100.00", "missing_lines": 0, "excluded_lines": 0}, "missing_lines": [], "excluded_lines": []}}}, "snake_game/utils/path_smoother.py": {"executed_lines": [1, 3, 4, 6, 9, 10, 12, 13, 22, 23, 25, 27, 29, 32, 35, 37, 38, 41, 42, 43, 46, 47, 50, 52, 55, 61, 62, 65, 69, 71, 72, 85, 86, 87, 88, 89, 90, 91, 93, 94, 114, 115, 117, 118, 121, 123, 129, 130, 135, 136, 137, 139, 140, 141, 145, 146, 147, 149, 151, 153, 154, 171, 173, 174, 177, 184, 191, 193, 194, 205, 206, 207, 212, 217, 218], "summary": {"covered_lines": 73, "num_statements": 74, "percent_covered": 98.64864864864865, "percent_covered_display": "98.65", "missing_lines": 1, "excluded_lines": 0}, "missing_lines": [143], "excluded_lines": [], "functions": {"PathSmoother.create_smooth_path": {"executed_lines": [22, 23, 25, 27, 29, 32, 35, 37, 38, 41, 42, 43, 46, 47, 50, 52, 55, 61, 62, 65, 69], "summary": {"covered_lines": 21, "num_statements": 21, "percent_covered": 100.0, "percent_covered_display": "100.00", "missing_lines": 0, "excluded_lines": 0}, "missing_lines": [], "excluded_lines": []}, "PathSmoother._interpolate_points": {"executed_lines": [85, 86, 87, 88, 89, 90, 91], "summary": {"covered_lines": 7, "num_statements": 7, "percent_covered": 100.0, "percent_covered_display": "100.00", "missing_lines": 0, "excluded_lines": 0}, "missing_lines": [], "excluded_lines": []}, "PathSmoother._create_curved_segment": {"executed_lines": [114, 115, 117, 118, 121, 123, 129, 130, 135, 136, 137, 139, 140, 141, 145, 146, 147, 149, 151], "summary": {"covered_lines": 19, "num_statements": 20, "percent_covered": 95.0, "percent_covered_display": "95.00", "missing_lines": 1, "excluded_lines": 0}, "missing_lines": [143], "excluded_lines": []}, "PathSmoother._enhanced_catmull_rom_spline": {"executed_lines": [171, 173, 174, 177, 184, 191], "summary": {"covered_lines": 6, "num_statements": 6, "percent_covered": 100.0, "percent_covered_display": "100.00", "missing_lines": 0, "excluded_lines": 0}, "missing_lines": [], "excluded_lines": []}, "PathSmoother.convert_segments_to_screen_points": {"executed_lines": [205, 206, 207, 212, 217, 218], "summary": {"covered_lines": 6, "num_statements": 6, "percent_covered": 100.0, "percent_covered_display": "100.00", "missing_lines": 0, "excluded_lines": 0}, "missing_lines": [], "excluded_lines": []}, "": {"executed_lines": [1, 3, 4, 6, 9, 10, 12, 13, 71, 72, 93, 94, 153, 154, 193, 194], "summary": {"covered_lines": 14, "num_statements": 14, "percent_covered": 100.0, "percent_covered_display": "100.00", "missing_lines": 0, "excluded_lines": 0}, "missing_lines": [], "excluded_lines": []}}, "classes": {"PathSmoother": {"executed_lines": [22, 23, 25, 27, 29, 32, 35, 37, 38, 41, 42, 43, 46, 47, 50, 52, 55, 61, 62, 65, 69, 85, 86, 87, 88, 89, 90, 91, 114, 115, 117, 118, 121, 123, 129, 130, 135, 136, 137, 139, 140, 141, 145, 146, 147, 149, 151, 171, 173, 174, 177, 184, 191, 205, 206, 207, 212, 217, 218], "summary": {"covered_lines": 59, "num_statements": 60, "percent_covered": 98.33333333333333, "percent_covered_display": "98.33", "missing_lines": 1, "excluded_lines": 0}, "missing_lines": [143], "excluded_lines": []}, "": {"executed_lines": [1, 3, 4, 6, 9, 10, 12, 13, 71, 72, 93, 94, 153, 154, 193, 194], "summary": {"covered_lines": 14, "num_statements": 14, "percent_covered": 100.0, "percent_covered_display": "100.00", "missing_lines": 0, "excluded_lines": 0}, "missing_lines": [], "excluded_lines": []}}}, "snake_game/views/__init__.py": {"executed_lines": [1, 3, 5], "summary": {"covered_lines": 2, "num_statements": 2, "percent_covered": 100.0, "percent_covered_display": "100.00", "missing_lines": 0, "excluded_lines": 0}, "missing_lines": [], "excluded_lines": [], "functions": {"": {"executed_lines": [1, 3, 5], "summary": {"covered_lines": 2, "num_statements": 2, "percent_covered": 100.0, "percent_covered_display": "100.00", "missing_lines": 0, "excluded_lines": 0}, "missing_lines": [], "excluded_lines": []}}, "classes": {"": {"executed_lines": [1, 3, 5], "summary": {"covered_lines": 2, "num_statements": 2, "percent_covered": 100.0, "percent_covered_display": "100.00", "missing_lines": 0, "excluded_lines": 0}, "missing_lines": [], "excluded_lines": []}}}, "snake_game/views/renderer.py": {"executed_lines": [1, 3, 4, 6, 8, 9, 10, 11, 14, 15, 17, 23, 24, 25, 26, 29, 30, 31, 34, 35, 37, 39, 45, 85, 131, 152, 204, 251, 290, 339, 366, 434, 476, 498, 504, 506, 507, 508, 509, 512, 515, 518, 521, 524, 525, 527, 557, 613, 632, 687, 720, 757, 937, 1170, 1208, 1250, 1325, 1362, 1443, 1565, 1624, 1665, 1753, 1800, 1828, 1857], "summary": {"covered_lines": 64, "num_statements": 628, "percent_covered": 10.19108280254777, "percent_covered_display": "10.19", "missing_lines": 564, "excluded_lines": 0}, "missing_lines": [41, 42, 43, 51, 53, 55, 59, 61, 62, 63, 64, 66, 67, 69, 70, 71, 73, 74, 77, 79, 80, 81, 82, 83, 87, 90, 93, 96, 97, 98, 101, 102, 105, 116, 117, 118, 119, 124, 125, 128, 129, 140, 143, 144, 147, 150, 159, 162, 163, 165, 166, 169, 172, 175, 176, 179, 180, 183, 186, 189, 195, 196, 197, 198, 201, 202, 210, 213, 214, 215, 218, 225, 226, 227, 228, 229, 232, 233, 236, 242, 243, 244, 245, 248, 249, 253, 256, 259, 262, 265, 268, 271, 274, 276, 277, 278, 283, 284, 287, 288, 293, 296, 297, 298, 299, 300, 301, 304, 305, 310, 311, 313, 314, 315, 316, 321, 336, 337, 347, 349, 351, 353, 358, 359, 361, 364, 374, 376, 378, 379, 380, 381, 382, 383, 385, 393, 394, 395, 398, 400, 401, 402, 403, 404, 407, 410, 411, 412, 414, 415, 416, 417, 418, 419, 420, 421, 422, 423, 426, 427, 429, 430, 431, 432, 443, 444, 445, 448, 449, 452, 453, 456, 465, 468, 471, 474, 479, 485, 490, 496, 533, 534, 537, 538, 539, 544, 549, 552, 555, 566, 567, 569, 571, 573, 576, 579, 581, 582, 585, 586, 587, 590, 591, 594, 596, 597, 603, 604, 607, 611, 624, 625, 626, 627, 628, 629, 630, 648, 649, 651, 652, 655, 657, 663, 664, 669, 670, 671, 673, 674, 675, 677, 679, 680, 681, 683, 685, 698, 700, 701, 704, 711, 718, 727, 728, 731, 732, 733, 737, 740, 741, 742, 743, 744, 748, 749, 751, 752, 755, 770, 771, 772, 774, 775, 778, 781, 782, 785, 788, 791, 792, 795, 844, 911, 912, 915, 916, 918, 919, 921, 925, 928, 929, 933, 950, 951, 952, 954, 955, 958, 961, 962, 965, 968, 971, 976, 978, 1027, 1076, 1143, 1144, 1147, 1148, 1150, 1151, 1153, 1157, 1160, 1162, 1166, 1179, 1180, 1183, 1193, 1196, 1197, 1198, 1200, 1201, 1206, 1217, 1218, 1221, 1223, 1226, 1227, 1232, 1233, 1235, 1236, 1239, 1240, 1241, 1244, 1245, 1246, 1247, 1248, 1256, 1257, 1259, 1260, 1261, 1264, 1265, 1268, 1269, 1272, 1273, 1275, 1276, 1278, 1279, 1285, 1293, 1301, 1306, 1311, 1314, 1315, 1316, 1320, 1333, 1334, 1335, 1336, 1339, 1340, 1343, 1344, 1346, 1349, 1354, 1357, 1360, 1380, 1381, 1384, 1424, 1425, 1426, 1429, 1430, 1433, 1441, 1461, 1462, 1465, 1546, 1547, 1548, 1551, 1552, 1555, 1563, 1573, 1574, 1575, 1578, 1579, 1580, 1581, 1582, 1583, 1584, 1585, 1586, 1588, 1589, 1592, 1594, 1599, 1602, 1605, 1608, 1614, 1617, 1618, 1621, 1622, 1634, 1635, 1638, 1639, 1640, 1641, 1642, 1643, 1644, 1645, 1646, 1648, 1649, 1652, 1654, 1661, 1663, 1682, 1683, 1686, 1702, 1703, 1704, 1705, 1706, 1707, 1710, 1711, 1712, 1715, 1718, 1719, 1722, 1727, 1728, 1729, 1730, 1731, 1732, 1734, 1737, 1738, 1739, 1740, 1741, 1742, 1743, 1745, 1746, 1749, 1762, 1763, 1765, 1766, 1768, 1769, 1772, 1773, 1774, 1775, 1776, 1777, 1778, 1779, 1780, 1781, 1782, 1783, 1784, 1785, 1786, 1788, 1789, 1790, 1791, 1794, 1797, 1798, 1808, 1811, 1812, 1813, 1814, 1815, 1816, 1817, 1818, 1819, 1821, 1822, 1825, 1826, 1835, 1837, 1838, 1839, 1841, 1843, 1845, 1847, 1848, 1852, 1855, 1865, 1866, 1868, 1870, 1872, 1873, 1876, 1879, 1882, 1886, 1888, 1891, 1894, 1897, 1901, 1903, 1911, 1912, 1915, 1922, 1930, 1932, 1935, 1938, 1941, 1944, 1951, 1958, 1961, 1965, 1967, 1968, 1971, 1972, 1973, 1974, 1975, 1976, 1977, 1978, 1981], "excluded_lines": [], "functions": {"GameRenderer.__init__": {"executed_lines": [23, 24, 25, 26, 29, 30, 31, 34, 35, 37], "summary": {"covered_lines": 10, "num_statements": 10, "percent_covered": 100.0, "percent_covered_display": "100.00", "missing_lines": 0, "excluded_lines": 0}, "missing_lines": [], "excluded_lines": []}, "GameRenderer._ensure_images_loaded": {"executed_lines": [], "summary": {"covered_lines": 0, "num_statements": 3, "percent_covered": 0.0, "percent_covered_display": "0.00", "missing_lines": 3, "excluded_lines": 0}, "missing_lines": [41, 42, 43], "excluded_lines": []}, "GameRenderer.load_fruit_images": {"executed_lines": [], "summary": {"covered_lines": 0, "num_statements": 21, "percent_covered": 0.0, "percent_covered_display": "0.00", "missing_lines": 21, "excluded_lines": 0}, "missing_lines": [51, 53, 55, 59, 61, 62, 63, 64, 66, 67, 69, 70, 71, 73, 74, 77, 79, 80, 81, 82, 83], "excluded_lines": []}, "GameRenderer.render_splash_screen": {"executed_lines": [], "summary": {"covered_lines": 0, "num_statements": 17, "percent_covered": 0.0, "percent_covered_display": "0.00", "missing_lines": 17, "excluded_lines": 0}, "missing_lines": [87, 90, 93, 96, 97, 98, 101, 102, 105, 116, 117, 118, 119, 124, 125, 128, 129], "excluded_lines": []}, "GameRenderer.render_game_screen": {"executed_lines": [], "summary": {"covered_lines": 0, "num_statements": 5, "percent_covered": 0.0, "percent_covered_display": "0.00", "missing_lines": 5, "excluded_lines": 0}, "missing_lines": [140, 143, 144, 147, 150], "excluded_lines": []}, "GameRenderer.render_game_over_screen": {"executed_lines": [], "summary": {"covered_lines": 0, "num_statements": 20, "percent_covered": 0.0, "percent_covered_display": "0.00", "missing_lines": 20, "excluded_lines": 0}, "missing_lines": [159, 162, 163, 165, 166, 169, 172, 175, 176, 179, 180, 183, 186, 189, 195, 196, 197, 198, 201, 202], "excluded_lines": []}, "GameRenderer.render_high_scores_screen": {"executed_lines": [], "summary": {"covered_lines": 0, "num_statements": 19, "percent_covered": 0.0, "percent_covered_display": "0.00", "missing_lines": 19, "excluded_lines": 0}, "missing_lines": [210, 213, 214, 215, 218, 225, 226, 227, 228, 229, 232, 233, 236, 242, 243, 244, 245, 248, 249], "excluded_lines": []}, "GameRenderer.render_confirm_reset_screen": {"executed_lines": [], "summary": {"covered_lines": 0, "num_statements": 15, "percent_covered": 0.0, "percent_covered_display": "0.00", "missing_lines": 15, "excluded_lines": 0}, "missing_lines": [253, 256, 259, 262, 265, 268, 271, 274, 276, 277, 278, 283, 284, 287, 288], "excluded_lines": []}, "GameRenderer._draw_splash_graphics": {"executed_lines": [], "summary": {"covered_lines": 0, "num_statements": 18, "percent_covered": 0.0, "percent_covered_display": "0.00", "missing_lines": 18, "excluded_lines": 0}, "missing_lines": [293, 296, 297, 298, 299, 300, 301, 304, 305, 310, 311, 313, 314, 315, 316, 321, 336, 337], "excluded_lines": []}, "GameRenderer._draw_decorative_fruit_image": {"executed_lines": [], "summary": {"covered_lines": 0, "num_statements": 8, "percent_covered": 0.0, "percent_covered_display": "0.00", "missing_lines": 8, "excluded_lines": 0}, "missing_lines": [347, 349, 351, 353, 358, 359, 361, 364], "excluded_lines": []}, "GameRenderer._draw_decorative_fruit_custom": {"executed_lines": [], "summary": {"covered_lines": 0, "num_statements": 38, "percent_covered": 0.0, "percent_covered_display": "0.00", "missing_lines": 38, "excluded_lines": 0}, "missing_lines": [374, 376, 378, 379, 380, 381, 382, 383, 385, 393, 394, 395, 398, 400, 401, 402, 403, 404, 407, 410, 411, 412, 414, 415, 416, 417, 418, 419, 420, 421, 422, 423, 426, 427, 429, 430, 431, 432], "excluded_lines": []}, "GameRenderer._draw_ui": {"executed_lines": [], "summary": {"covered_lines": 0, "num_statements": 12, "percent_covered": 0.0, "percent_covered_display": "0.00", "missing_lines": 12, "excluded_lines": 0}, "missing_lines": [443, 444, 445, 448, 449, 452, 453, 456, 465, 468, 471, 474], "excluded_lines": []}, "GameRenderer._draw_border": {"executed_lines": [], "summary": {"covered_lines": 0, "num_statements": 4, "percent_covered": 0.0, "percent_covered_display": "0.00", "missing_lines": 4, "excluded_lines": 0}, "missing_lines": [479, 485, 490, 496], "excluded_lines": []}, "GameRenderer._draw_snake": {"executed_lines": [504, 506, 507, 508, 509, 512, 515, 518, 521, 524, 525], "summary": {"covered_lines": 11, "num_statements": 11, "percent_covered": 100.0, "percent_covered_display": "100.00", "missing_lines": 0, "excluded_lines": 0}, "missing_lines": [], "excluded_lines": []}, "GameRenderer._draw_continuous_snake_body": {"executed_lines": [], "summary": {"covered_lines": 0, "num_statements": 9, "percent_covered": 0.0, "percent_covered_display": "0.00", "missing_lines": 9, "excluded_lines": 0}, "missing_lines": [533, 534, 537, 538, 539, 544, 549, 552, 555], "excluded_lines": []}, "GameRenderer._create_smooth_snake_path": {"executed_lines": [], "summary": {"covered_lines": 0, "num_statements": 21, "percent_covered": 0.0, "percent_covered_display": "0.00", "missing_lines": 21, "excluded_lines": 0}, "missing_lines": [566, 567, 569, 571, 573, 576, 579, 581, 582, 585, 586, 587, 590, 591, 594, 596, 597, 603, 604, 607, 611], "excluded_lines": []}, "GameRenderer._interpolate_points": {"executed_lines": [], "summary": {"covered_lines": 0, "num_statements": 7, "percent_covered": 0.0, "percent_covered_display": "0.00", "missing_lines": 7, "excluded_lines": 0}, "missing_lines": [624, 625, 626, 627, 628, 629, 630], "excluded_lines": []}, "GameRenderer._create_curved_segment": {"executed_lines": [], "summary": {"covered_lines": 0, "num_statements": 20, "percent_covered": 0.0, "percent_covered_display": "0.00", "missing_lines": 20, "excluded_lines": 0}, "missing_lines": [648, 649, 651, 652, 655, 657, 663, 664, 669, 670, 671, 673, 674, 675, 677, 679, 680, 681, 683, 685], "excluded_lines": []}, "GameRenderer._enhanced_catmull_rom_spline": {"executed_lines": [], "summary": {"covered_lines": 0, "num_statements": 6, "percent_covered": 0.0, "percent_covered_display": "0.00", "missing_lines": 6, "excluded_lines": 0}, "missing_lines": [698, 700, 701, 704, 711, 718], "excluded_lines": []}, "GameRenderer._draw_smooth_snake_body": {"executed_lines": [], "summary": {"covered_lines": 0, "num_statements": 16, "percent_covered": 0.0, "percent_covered_display": "0.00", "missing_lines": 16, "excluded_lines": 0}, "missing_lines": [727, 728, 731, 732, 733, 737, 740, 741, 742, 743, 744, 748, 749, 751, 752, 755], "excluded_lines": []}, "GameRenderer._draw_striped_segment": {"executed_lines": [], "summary": {"covered_lines": 0, "num_statements": 25, "percent_covered": 0.0, "percent_covered_display": "0.00", "missing_lines": 25, "excluded_lines": 0}, "missing_lines": [770, 771, 772, 774, 775, 778, 781, 782, 785, 788, 791, 792, 795, 844, 911, 912, 915, 916, 918, 919, 921, 925, 928, 929, 933], "excluded_lines": []}, "GameRenderer._draw_enhanced_3d_segment": {"executed_lines": [], "summary": {"covered_lines": 0, "num_statements": 26, "percent_covered": 0.0, "percent_covered_display": "0.00", "missing_lines": 26, "excluded_lines": 0}, "missing_lines": [950, 951, 952, 954, 955, 958, 961, 962, 965, 968, 971, 976, 978, 1027, 1076, 1143, 1144, 1147, 1148, 1150, 1151, 1153, 1157, 1160, 1162, 1166], "excluded_lines": []}, "GameRenderer._draw_blurred_line": {"executed_lines": [], "summary": {"covered_lines": 0, "num_statements": 10, "percent_covered": 0.0, "percent_covered_display": "0.00", "missing_lines": 10, "excluded_lines": 0}, "missing_lines": [1179, 1180, 1183, 1193, 1196, 1197, 1198, 1200, 1201, 1206], "excluded_lines": []}, "GameRenderer._draw_ultra_smooth_line": {"executed_lines": [], "summary": {"covered_lines": 0, "num_statements": 18, "percent_covered": 0.0, "percent_covered_display": "0.00", "missing_lines": 18, "excluded_lines": 0}, "missing_lines": [1217, 1218, 1221, 1223, 1226, 1227, 1232, 1233, 1235, 1236, 1239, 1240, 1241, 1244, 1245, 1246, 1247, 1248], "excluded_lines": []}, "GameRenderer._draw_snake_scales": {"executed_lines": [], "summary": {"covered_lines": 0, "num_statements": 24, "percent_covered": 0.0, "percent_covered_display": "0.00", "missing_lines": 24, "excluded_lines": 0}, "missing_lines": [1256, 1257, 1259, 1260, 1261, 1264, 1265, 1268, 1269, 1272, 1273, 1275, 1276, 1278, 1279, 1285, 1293, 1301, 1306, 1311, 1314, 1315, 1316, 1320], "excluded_lines": []}, "GameRenderer._draw_snake_head": {"executed_lines": [], "summary": {"covered_lines": 0, "num_statements": 13, "percent_covered": 0.0, "percent_covered_display": "0.00", "missing_lines": 13, "excluded_lines": 0}, "missing_lines": [1333, 1334, 1335, 1336, 1339, 1340, 1343, 1344, 1346, 1349, 1354, 1357, 1360], "excluded_lines": []}, "GameRenderer._draw_elongated_head_layers": {"executed_lines": [], "summary": {"covered_lines": 0, "num_statements": 10, "percent_covered": 0.0, "percent_covered_display": "0.00", "missing_lines": 10, "excluded_lines": 0}, "missing_lines": [1380, 1381, 1384, 1424, 1425, 1426, 1429, 1430, 1433, 1441], "excluded_lines": []}, "GameRenderer._draw_3d_head_layers": {"executed_lines": [], "summary": {"covered_lines": 0, "num_statements": 10, "percent_covered": 0.0, "percent_covered_display": "0.00", "missing_lines": 10, "excluded_lines": 0}, "missing_lines": [1461, 1462, 1465, 1546, 1547, 1548, 1551, 1552, 1555, 1563], "excluded_lines": []}, "GameRenderer._draw_snake_eyes": {"executed_lines": [], "summary": {"covered_lines": 0, "num_statements": 25, "percent_covered": 0.0, "percent_covered_display": "0.00", "missing_lines": 25, "excluded_lines": 0}, "missing_lines": [1573, 1574, 1575, 1578, 1579, 1580, 1581, 1582, 1583, 1584, 1585, 1586, 1588, 1589, 1592, 1594, 1599, 1602, 1605, 1608, 1614, 1617, 1618, 1621, 1622], "excluded_lines": []}, "GameRenderer._draw_enhanced_nostrils": {"executed_lines": [], "summary": {"covered_lines": 0, "num_statements": 17, "percent_covered": 0.0, "percent_covered_display": "0.00", "missing_lines": 17, "excluded_lines": 0}, "missing_lines": [1634, 1635, 1638, 1639, 1640, 1641, 1642, 1643, 1644, 1645, 1646, 1648, 1649, 1652, 1654, 1661, 1663], "excluded_lines": []}, "GameRenderer._draw_head_scales": {"executed_lines": [], "summary": {"covered_lines": 0, "num_statements": 33, "percent_covered": 0.0, "percent_covered_display": "0.00", "missing_lines": 33, "excluded_lines": 0}, "missing_lines": [1682, 1683, 1686, 1702, 1703, 1704, 1705, 1706, 1707, 1710, 1711, 1712, 1715, 1718, 1719, 1722, 1727, 1728, 1729, 1730, 1731, 1732, 1734, 1737, 1738, 1739, 1740, 1741, 1742, 1743, 1745, 1746, 1749], "excluded_lines": []}, "GameRenderer._draw_snake_tongue": {"executed_lines": [], "summary": {"covered_lines": 0, "num_statements": 28, "percent_covered": 0.0, "percent_covered_display": "0.00", "missing_lines": 28, "excluded_lines": 0}, "missing_lines": [1762, 1763, 1765, 1766, 1768, 1769, 1772, 1773, 1774, 1775, 1776, 1777, 1778, 1779, 1780, 1781, 1782, 1783, 1784, 1785, 1786, 1788, 1789, 1790, 1791, 1794, 1797, 1798], "excluded_lines": []}, "GameRenderer._draw_snake_nostrils": {"executed_lines": [], "summary": {"covered_lines": 0, "num_statements": 14, "percent_covered": 0.0, "percent_covered_display": "0.00", "missing_lines": 14, "excluded_lines": 0}, "missing_lines": [1808, 1811, 1812, 1813, 1814, 1815, 1816, 1817, 1818, 1819, 1821, 1822, 1825, 1826], "excluded_lines": []}, "GameRenderer._draw_fruit": {"executed_lines": [], "summary": {"covered_lines": 0, "num_statements": 11, "percent_covered": 0.0, "percent_covered_display": "0.00", "missing_lines": 11, "excluded_lines": 0}, "missing_lines": [1835, 1837, 1838, 1839, 1841, 1843, 1845, 1847, 1848, 1852, 1855], "excluded_lines": []}, "GameRenderer._draw_fruit_custom": {"executed_lines": [], "summary": {"covered_lines": 0, "num_statements": 41, "percent_covered": 0.0, "percent_covered_display": "0.00", "missing_lines": 41, "excluded_lines": 0}, "missing_lines": [1865, 1866, 1868, 1870, 1872, 1873, 1876, 1879, 1882, 1886, 1888, 1891, 1894, 1897, 1901, 1903, 1911, 1912, 1915, 1922, 1930, 1932, 1935, 1938, 1941, 1944, 1951, 1958, 1961, 1965, 1967, 1968, 1971, 1972, 1973, 1974, 1975, 1976, 1977, 1978, 1981], "excluded_lines": []}, "": {"executed_lines": [1, 3, 4, 6, 8, 9, 10, 11, 14, 15, 17, 39, 45, 85, 131, 152, 204, 251, 290, 339, 366, 434, 476, 498, 527, 557, 613, 632, 687, 720, 757, 937, 1170, 1208, 1250, 1325, 1362, 1443, 1565, 1624, 1665, 1753, 1800, 1828, 1857], "summary": {"covered_lines": 43, "num_statements": 43, "percent_covered": 100.0, "percent_covered_display": "100.00", "missing_lines": 0, "excluded_lines": 0}, "missing_lines": [], "excluded_lines": []}}, "classes": {"GameRenderer": {"executed_lines": [23, 24, 25, 26, 29, 30, 31, 34, 35, 37, 504, 506, 507, 508, 509, 512, 515, 518, 521, 524, 525], "summary": {"covered_lines": 21, "num_statements": 585, "percent_covered": 3.58974358974359, "percent_covered_display": "3.59", "missing_lines": 564, "excluded_lines": 0}, "missing_lines": [41, 42, 43, 51, 53, 55, 59, 61, 62, 63, 64, 66, 67, 69, 70, 71, 73, 74, 77, 79, 80, 81, 82, 83, 87, 90, 93, 96, 97, 98, 101, 102, 105, 116, 117, 118, 119, 124, 125, 128, 129, 140, 143, 144, 147, 150, 159, 162, 163, 165, 166, 169, 172, 175, 176, 179, 180, 183, 186, 189, 195, 196, 197, 198, 201, 202, 210, 213, 214, 215, 218, 225, 226, 227, 228, 229, 232, 233, 236, 242, 243, 244, 245, 248, 249, 253, 256, 259, 262, 265, 268, 271, 274, 276, 277, 278, 283, 284, 287, 288, 293, 296, 297, 298, 299, 300, 301, 304, 305, 310, 311, 313, 314, 315, 316, 321, 336, 337, 347, 349, 351, 353, 358, 359, 361, 364, 374, 376, 378, 379, 380, 381, 382, 383, 385, 393, 394, 395, 398, 400, 401, 402, 403, 404, 407, 410, 411, 412, 414, 415, 416, 417, 418, 419, 420, 421, 422, 423, 426, 427, 429, 430, 431, 432, 443, 444, 445, 448, 449, 452, 453, 456, 465, 468, 471, 474, 479, 485, 490, 496, 533, 534, 537, 538, 539, 544, 549, 552, 555, 566, 567, 569, 571, 573, 576, 579, 581, 582, 585, 586, 587, 590, 591, 594, 596, 597, 603, 604, 607, 611, 624, 625, 626, 627, 628, 629, 630, 648, 649, 651, 652, 655, 657, 663, 664, 669, 670, 671, 673, 674, 675, 677, 679, 680, 681, 683, 685, 698, 700, 701, 704, 711, 718, 727, 728, 731, 732, 733, 737, 740, 741, 742, 743, 744, 748, 749, 751, 752, 755, 770, 771, 772, 774, 775, 778, 781, 782, 785, 788, 791, 792, 795, 844, 911, 912, 915, 916, 918, 919, 921, 925, 928, 929, 933, 950, 951, 952, 954, 955, 958, 961, 962, 965, 968, 971, 976, 978, 1027, 1076, 1143, 1144, 1147, 1148, 1150, 1151, 1153, 1157, 1160, 1162, 1166, 1179, 1180, 1183, 1193, 1196, 1197, 1198, 1200, 1201, 1206, 1217, 1218, 1221, 1223, 1226, 1227, 1232, 1233, 1235, 1236, 1239, 1240, 1241, 1244, 1245, 1246, 1247, 1248, 1256, 1257, 1259, 1260, 1261, 1264, 1265, 1268, 1269, 1272, 1273, 1275, 1276, 1278, 1279, 1285, 1293, 1301, 1306, 1311, 1314, 1315, 1316, 1320, 1333, 1334, 1335, 1336, 1339, 1340, 1343, 1344, 1346, 1349, 1354, 1357, 1360, 1380, 1381, 1384, 1424, 1425, 1426, 1429, 1430, 1433, 1441, 1461, 1462, 1465, 1546, 1547, 1548, 1551, 1552, 1555, 1563, 1573, 1574, 1575, 1578, 1579, 1580, 1581, 1582, 1583, 1584, 1585, 1586, 1588, 1589, 1592, 1594, 1599, 1602, 1605, 1608, 1614, 1617, 1618, 1621, 1622, 1634, 1635, 1638, 1639, 1640, 1641, 1642, 1643, 1644, 1645, 1646, 1648, 1649, 1652, 1654, 1661, 1663, 1682, 1683, 1686, 1702, 1703, 1704, 1705, 1706, 1707, 1710, 1711, 1712, 1715, 1718, 1719, 1722, 1727, 1728, 1729, 1730, 1731, 1732, 1734, 1737, 1738, 1739, 1740, 1741, 1742, 1743, 1745, 1746, 1749, 1762, 1763, 1765, 1766, 1768, 1769, 1772, 1773, 1774, 1775, 1776, 1777, 1778, 1779, 1780, 1781, 1782, 1783, 1784, 1785, 1786, 1788, 1789, 1790, 1791, 1794, 1797, 1798, 1808, 1811, 1812, 1813, 1814, 1815, 1816, 1817, 1818, 1819, 1821, 1822, 1825, 1826, 1835, 1837, 1838, 1839, 1841, 1843, 1845, 1847, 1848, 1852, 1855, 1865, 1866, 1868, 1870, 1872, 1873, 1876, 1879, 1882, 1886, 1888, 1891, 1894, 1897, 1901, 1903, 1911, 1912, 1915, 1922, 1930, 1932, 1935, 1938, 1941, 1944, 1951, 1958, 1961, 1965, 1967, 1968, 1971, 1972, 1973, 1974, 1975, 1976, 1977, 1978, 1981], "excluded_lines": []}, "": {"executed_lines": [1, 3, 4, 6, 8, 9, 10, 11, 14, 15, 17, 39, 45, 85, 131, 152, 204, 251, 290, 339, 366, 434, 476, 498, 527, 557, 613, 632, 687, 720, 757, 937, 1170, 1208, 1250, 1325, 1362, 1443, 1565, 1624, 1665, 1753, 1800, 1828, 1857], "summary": {"covered_lines": 43, "num_statements": 43, "percent_covered": 100.0, "percent_covered_display": "100.00", "missing_lines": 0, "excluded_lines": 0}, "missing_lines": [], "excluded_lines": []}}}, "snake_game/views/snake_renderer.py": {"executed_lines": [1, 3, 4, 6, 8, 9, 12, 13, 15, 16, 18, 25, 26, 29, 30, 31, 34, 35, 38, 40, 50, 51, 52, 53, 54, 58, 59, 61, 62, 64, 82, 83, 84, 86, 90, 93, 94, 97, 100, 103, 104, 107, 112, 113, 116, 117, 119, 120, 122, 126, 129, 130, 134, 138, 152, 200, 257, 272, 276, 286, 289, 290, 291, 293, 294, 299, 301, 316, 320, 322, 325, 326, 331, 332, 334, 335, 338, 339, 340, 343, 344, 345, 346, 347, 350, 351, 353, 354, 356, 364, 365, 366, 367, 370, 371, 374, 375, 377, 380, 383, 384, 385, 387, 397, 398, 401, 435, 436, 437, 440, 441, 444, 452, 454, 462, 463, 464, 467, 468, 469, 470, 471, 472, 473, 474, 475, 477, 478, 481, 483, 488, 491, 492, 495, 501, 504, 505, 506, 507, 509, 518, 519, 521, 522, 524, 525, 528, 529, 530, 531, 532, 550, 551, 552, 554, 562, 563, 566, 567, 568, 569, 570, 571, 572, 573, 574, 576, 577, 580, 582, 589, 591, 594, 595, 597, 598, 600, 606, 607, 609, 610, 611, 614, 615, 618, 619, 622, 623, 625, 627, 642, 643, 645, 646, 652, 660, 668, 673, 678, 681, 682, 683, 685], "summary": {"covered_lines": 199, "num_statements": 216, "percent_covered": 92.12962962962963, "percent_covered_display": "92.13", "missing_lines": 17, "excluded_lines": 0}, "missing_lines": [87, 273, 317, 533, 534, 535, 536, 537, 538, 539, 540, 541, 542, 544, 545, 546, 547], "excluded_lines": [], "functions": {"SnakeBodyRenderer.__init__": {"executed_lines": [16], "summary": {"covered_lines": 1, "num_statements": 1, "percent_covered": 100.0, "percent_covered_display": "100.00", "missing_lines": 0, "excluded_lines": 0}, "missing_lines": [], "excluded_lines": []}, "SnakeBodyRenderer.draw_body": {"executed_lines": [25, 26, 29, 30, 31, 34, 35, 38], "summary": {"covered_lines": 8, "num_statements": 8, "percent_covered": 100.0, "percent_covered_display": "100.00", "missing_lines": 0, "excluded_lines": 0}, "missing_lines": [], "excluded_lines": []}, "SnakeBodyRenderer._calculate_thickness": {"executed_lines": [50, 51, 52, 53, 54, 58, 59, 61, 62], "summary": {"covered_lines": 9, "num_statements": 9, "percent_covered": 100.0, "percent_covered_display": "100.00", "missing_lines": 0, "excluded_lines": 0}, "missing_lines": [], "excluded_lines": []}, "SnakeBodyRenderer._draw_striped_segment": {"executed_lines": [82, 83, 84, 86, 90, 93, 94, 97, 100, 103, 104, 107, 112, 113, 116, 117, 119, 120, 122, 126, 129, 130, 134], "summary": {"covered_lines": 23, "num_statements": 24, "percent_covered": 95.83333333333333, "percent_covered_display": "95.83", "missing_lines": 1, "excluded_lines": 0}, "missing_lines": [87], "excluded_lines": []}, "SnakeBodyRenderer._create_shading_layers": {"executed_lines": [152, 200], "summary": {"covered_lines": 2, "num_statements": 2, "percent_covered": 100.0, "percent_covered_display": "100.00", "missing_lines": 0, "excluded_lines": 0}, "missing_lines": [], "excluded_lines": []}, "SnakeBodyRenderer._draw_blurred_line": {"executed_lines": [272, 276, 286, 289, 290, 291, 293, 294, 299], "summary": {"covered_lines": 9, "num_statements": 10, "percent_covered": 90.0, "percent_covered_display": "90.00", "missing_lines": 1, "excluded_lines": 0}, "missing_lines": [273], "excluded_lines": []}, "SnakeBodyRenderer._draw_ultra_smooth_line": {"executed_lines": [316, 320, 322, 325, 326, 331, 332, 334, 335, 338, 339, 340, 343, 344, 345, 346, 347], "summary": {"covered_lines": 17, "num_statements": 18, "percent_covered": 94.44444444444444, "percent_covered_display": "94.44", "missing_lines": 1, "excluded_lines": 0}, "missing_lines": [317], "excluded_lines": []}, "SnakeHeadRenderer.__init__": {"executed_lines": [354], "summary": {"covered_lines": 1, "num_statements": 1, "percent_covered": 100.0, "percent_covered_display": "100.00", "missing_lines": 0, "excluded_lines": 0}, "missing_lines": [], "excluded_lines": []}, "SnakeHeadRenderer.draw_head": {"executed_lines": [364, 365, 366, 367, 370, 371, 374, 375, 377, 380, 383, 384, 385], "summary": {"covered_lines": 13, "num_statements": 13, "percent_covered": 100.0, "percent_covered_display": "100.00", "missing_lines": 0, "excluded_lines": 0}, "missing_lines": [], "excluded_lines": []}, "SnakeHeadRenderer._draw_head_layers": {"executed_lines": [397, 398, 401, 435, 436, 437, 440, 441, 444, 452], "summary": {"covered_lines": 10, "num_statements": 10, "percent_covered": 100.0, "percent_covered_display": "100.00", "missing_lines": 0, "excluded_lines": 0}, "missing_lines": [], "excluded_lines": []}, "SnakeHeadRenderer._draw_eyes": {"executed_lines": [462, 463, 464, 467, 468, 469, 470, 471, 472, 473, 474, 475, 477, 478, 481, 483, 488, 491, 492, 495, 501, 504, 505, 506, 507], "summary": {"covered_lines": 25, "num_statements": 25, "percent_covered": 100.0, "percent_covered_display": "100.00", "missing_lines": 0, "excluded_lines": 0}, "missing_lines": [], "excluded_lines": []}, "SnakeHeadRenderer._draw_tongue": {"executed_lines": [518, 519, 521, 522, 524, 525, 528, 529, 530, 531, 532, 550, 551, 552], "summary": {"covered_lines": 14, "num_statements": 28, "percent_covered": 50.0, "percent_covered_display": "50.00", "missing_lines": 14, "excluded_lines": 0}, "missing_lines": [533, 534, 535, 536, 537, 538, 539, 540, 541, 542, 544, 545, 546, 547], "excluded_lines": []}, "SnakeHeadRenderer._draw_nostrils": {"executed_lines": [562, 563, 566, 567, 568, 569, 570, 571, 572, 573, 574, 576, 577, 580, 582, 589, 591], "summary": {"covered_lines": 17, "num_statements": 17, "percent_covered": 100.0, "percent_covered_display": "100.00", "missing_lines": 0, "excluded_lines": 0}, "missing_lines": [], "excluded_lines": []}, "SnakeScaleRenderer.__init__": {"executed_lines": [598], "summary": {"covered_lines": 1, "num_statements": 1, "percent_covered": 100.0, "percent_covered_display": "100.00", "missing_lines": 0, "excluded_lines": 0}, "missing_lines": [], "excluded_lines": []}, "SnakeScaleRenderer.draw_scales": {"executed_lines": [606, 607, 609, 610, 611, 614, 615, 618, 619, 622, 623, 625], "summary": {"covered_lines": 12, "num_statements": 12, "percent_covered": 100.0, "percent_covered_display": "100.00", "missing_lines": 0, "excluded_lines": 0}, "missing_lines": [], "excluded_lines": []}, "SnakeScaleRenderer._draw_single_scale": {"executed_lines": [642, 643, 645, 646, 652, 660, 668, 673, 678, 681, 682, 683, 685], "summary": {"covered_lines": 13, "num_statements": 13, "percent_covered": 100.0, "percent_covered_display": "100.00", "missing_lines": 0, "excluded_lines": 0}, "missing_lines": [], "excluded_lines": []}, "": {"executed_lines": [1, 3, 4, 6, 8, 9, 12, 13, 15, 18, 40, 64, 138, 257, 301, 350, 351, 353, 356, 387, 454, 509, 554, 594, 595, 597, 600, 627], "summary": {"covered_lines": 24, "num_statements": 24, "percent_covered": 100.0, "percent_covered_display": "100.00", "missing_lines": 0, "excluded_lines": 0}, "missing_lines": [], "excluded_lines": []}}, "classes": {"SnakeBodyRenderer": {"executed_lines": [16, 25, 26, 29, 30, 31, 34, 35, 38, 50, 51, 52, 53, 54, 58, 59, 61, 62, 82, 83, 84, 86, 90, 93, 94, 97, 100, 103, 104, 107, 112, 113, 116, 117, 119, 120, 122, 126, 129, 130, 134, 152, 200, 272, 276, 286, 289, 290, 291, 293, 294, 299, 316, 320, 322, 325, 326, 331, 332, 334, 335, 338, 339, 340, 343, 344, 345, 346, 347], "summary": {"covered_lines": 69, "num_statements": 72, "percent_covered": 95.83333333333333, "percent_covered_display": "95.83", "missing_lines": 3, "excluded_lines": 0}, "missing_lines": [87, 273, 317], "excluded_lines": []}, "SnakeHeadRenderer": {"executed_lines": [354, 364, 365, 366, 367, 370, 371, 374, 375, 377, 380, 383, 384, 385, 397, 398, 401, 435, 436, 437, 440, 441, 444, 452, 462, 463, 464, 467, 468, 469, 470, 471, 472, 473, 474, 475, 477, 478, 481, 483, 488, 491, 492, 495, 501, 504, 505, 506, 507, 518, 519, 521, 522, 524, 525, 528, 529, 530, 531, 532, 550, 551, 552, 562, 563, 566, 567, 568, 569, 570, 571, 572, 573, 574, 576, 577, 580, 582, 589, 591], "summary": {"covered_lines": 80, "num_statements": 94, "percent_covered": 85.1063829787234, "percent_covered_display": "85.11", "missing_lines": 14, "excluded_lines": 0}, "missing_lines": [533, 534, 535, 536, 537, 538, 539, 540, 541, 542, 544, 545, 546, 547], "excluded_lines": []}, "SnakeScaleRenderer": {"executed_lines": [598, 606, 607, 609, 610, 611, 614, 615, 618, 619, 622, 623, 625, 642, 643, 645, 646, 652, 660, 668, 673, 678, 681, 682, 683, 685], "summary": {"covered_lines": 26, "num_statements": 26, "percent_covered": 100.0, "percent_covered_display": "100.00", "missing_lines": 0, "excluded_lines": 0}, "missing_lines": [], "excluded_lines": []}, "": {"executed_lines": [1, 3, 4, 6, 8, 9, 12, 13, 15, 18, 40, 64, 138, 257, 301, 350, 351, 353, 356, 387, 454, 509, 554, 594, 595, 597, 600, 627], "summary": {"covered_lines": 24, "num_statements": 24, "percent_covered": 100.0, "percent_covered_display": "100.00", "missing_lines": 0, "excluded_lines": 0}, "missing_lines": [], "excluded_lines": []}}}}, "totals": {"covered_lines": 773, "num_statements": 1961, "percent_covered": 39.418663946965836, "percent_covered_display": "39.42", "missing_lines": 1188, "excluded_lines": 2}}