{"meta": {"format": 3, "version": "7.9.1", "timestamp": "2025-06-28T22:51:06.824544", "branch_coverage": false, "show_contexts": false}, "files": {"snake_game/__init__.py": {"executed_lines": [1, 6], "summary": {"covered_lines": 1, "num_statements": 1, "percent_covered": 100.0, "percent_covered_display": "100.00", "missing_lines": 0, "excluded_lines": 0}, "missing_lines": [], "excluded_lines": [], "functions": {"": {"executed_lines": [1, 6], "summary": {"covered_lines": 1, "num_statements": 1, "percent_covered": 100.0, "percent_covered_display": "100.00", "missing_lines": 0, "excluded_lines": 0}, "missing_lines": [], "excluded_lines": []}}, "classes": {"": {"executed_lines": [1, 6], "summary": {"covered_lines": 1, "num_statements": 1, "percent_covered": 100.0, "percent_covered_display": "100.00", "missing_lines": 0, "excluded_lines": 0}, "missing_lines": [], "excluded_lines": []}}}, "snake_game/controllers/__init__.py": {"executed_lines": [1, 3, 4, 6], "summary": {"covered_lines": 3, "num_statements": 3, "percent_covered": 100.0, "percent_covered_display": "100.00", "missing_lines": 0, "excluded_lines": 0}, "missing_lines": [], "excluded_lines": [], "functions": {"": {"executed_lines": [1, 3, 4, 6], "summary": {"covered_lines": 3, "num_statements": 3, "percent_covered": 100.0, "percent_covered_display": "100.00", "missing_lines": 0, "excluded_lines": 0}, "missing_lines": [], "excluded_lines": []}}, "classes": {"": {"executed_lines": [1, 3, 4, 6], "summary": {"covered_lines": 3, "num_statements": 3, "percent_covered": 100.0, "percent_covered_display": "100.00", "missing_lines": 0, "excluded_lines": 0}, "missing_lines": [], "excluded_lines": []}}}, "snake_game/controllers/game_controller.py": {"executed_lines": [1, 8, 10, 12, 13, 14, 15, 18, 19, 21, 24, 27, 30, 31, 34, 39, 40, 41, 42, 43, 44, 47, 48, 51, 53, 84, 90, 91, 92, 94, 95, 96, 97, 98, 100, 103, 105, 106, 107, 108, 110, 112, 113, 114, 115, 117, 121, 123, 128, 129, 130, 132, 142, 145, 146, 147, 149, 152, 155, 158, 159, 162, 163, 164, 167, 168, 171, 172, 173, 175, 178, 181, 186, 189, 190, 192, 194, 195, 196, 197, 199], "summary": {"covered_lines": 79, "num_statements": 119, "percent_covered": 66.38655462184875, "percent_covered_display": "66.39", "missing_lines": 40, "excluded_lines": 0}, "missing_lines": [55, 57, 59, 60, 61, 63, 66, 67, 68, 69, 72, 75, 78, 81, 82, 93, 99, 101, 102, 104, 119, 134, 135, 137, 138, 139, 140, 201, 203, 204, 205, 206, 209, 210, 211, 214, 215, 218, 219, 221], "excluded_lines": [], "functions": {"GameController.__init__": {"executed_lines": [24, 27, 30, 31, 34, 39, 40, 41, 42, 43, 44, 47, 48, 51], "summary": {"covered_lines": 14, "num_statements": 14, "percent_covered": 100.0, "percent_covered_display": "100.00", "missing_lines": 0, "excluded_lines": 0}, "missing_lines": [], "excluded_lines": []}, "GameController.run": {"executed_lines": [], "summary": {"covered_lines": 0, "num_statements": 15, "percent_covered": 0.0, "percent_covered_display": "0.00", "missing_lines": 15, "excluded_lines": 0}, "missing_lines": [55, 57, 59, 60, 61, 63, 66, 67, 68, 69, 72, 75, 78, 81, 82], "excluded_lines": []}, "GameController._handle_action": {"executed_lines": [90, 91, 92, 94, 95, 96, 97, 98, 100, 103, 105, 106, 107, 108], "summary": {"covered_lines": 14, "num_statements": 19, "percent_covered": 73.6842105263158, "percent_covered_display": "73.68", "missing_lines": 5, "excluded_lines": 0}, "missing_lines": [93, 99, 101, 102, 104], "excluded_lines": []}, "GameController._start_game": {"executed_lines": [112, 113, 114, 115], "summary": {"covered_lines": 4, "num_statements": 4, "percent_covered": 100.0, "percent_covered_display": "100.00", "missing_lines": 0, "excluded_lines": 0}, "missing_lines": [], "excluded_lines": []}, "GameController._restart_game": {"executed_lines": [], "summary": {"covered_lines": 0, "num_statements": 1, "percent_covered": 0.0, "percent_covered_display": "0.00", "missing_lines": 1, "excluded_lines": 0}, "missing_lines": [119], "excluded_lines": []}, "GameController._reset_game": {"executed_lines": [123, 128, 129, 130], "summary": {"covered_lines": 4, "num_statements": 4, "percent_covered": 100.0, "percent_covered_display": "100.00", "missing_lines": 0, "excluded_lines": 0}, "missing_lines": [], "excluded_lines": []}, "GameController._update": {"executed_lines": [], "summary": {"covered_lines": 0, "num_statements": 6, "percent_covered": 0.0, "percent_covered_display": "0.00", "missing_lines": 6, "excluded_lines": 0}, "missing_lines": [134, 135, 137, 138, 139, 140], "excluded_lines": []}, "GameController._move_snake": {"executed_lines": [145, 146, 147, 149, 152, 155, 158, 159, 162, 163, 164, 167, 168, 171, 172, 173], "summary": {"covered_lines": 16, "num_statements": 16, "percent_covered": 100.0, "percent_covered_display": "100.00", "missing_lines": 0, "excluded_lines": 0}, "missing_lines": [], "excluded_lines": []}, "GameController._eat_fruit": {"executed_lines": [178, 181, 186, 189, 190], "summary": {"covered_lines": 5, "num_statements": 5, "percent_covered": 100.0, "percent_covered_display": "100.00", "missing_lines": 0, "excluded_lines": 0}, "missing_lines": [], "excluded_lines": []}, "GameController._game_over": {"executed_lines": [194, 195, 196, 197], "summary": {"covered_lines": 4, "num_statements": 4, "percent_covered": 100.0, "percent_covered_display": "100.00", "missing_lines": 0, "excluded_lines": 0}, "missing_lines": [], "excluded_lines": []}, "GameController._render": {"executed_lines": [], "summary": {"covered_lines": 0, "num_statements": 13, "percent_covered": 0.0, "percent_covered_display": "0.00", "missing_lines": 13, "excluded_lines": 0}, "missing_lines": [201, 203, 204, 205, 206, 209, 210, 211, 214, 215, 218, 219, 221], "excluded_lines": []}, "": {"executed_lines": [1, 8, 10, 12, 13, 14, 15, 18, 19, 21, 53, 84, 110, 117, 121, 132, 142, 175, 192, 199], "summary": {"covered_lines": 18, "num_statements": 18, "percent_covered": 100.0, "percent_covered_display": "100.00", "missing_lines": 0, "excluded_lines": 0}, "missing_lines": [], "excluded_lines": []}}, "classes": {"GameController": {"executed_lines": [24, 27, 30, 31, 34, 39, 40, 41, 42, 43, 44, 47, 48, 51, 90, 91, 92, 94, 95, 96, 97, 98, 100, 103, 105, 106, 107, 108, 112, 113, 114, 115, 123, 128, 129, 130, 145, 146, 147, 149, 152, 155, 158, 159, 162, 163, 164, 167, 168, 171, 172, 173, 178, 181, 186, 189, 190, 194, 195, 196, 197], "summary": {"covered_lines": 61, "num_statements": 101, "percent_covered": 60.396039603960396, "percent_covered_display": "60.40", "missing_lines": 40, "excluded_lines": 0}, "missing_lines": [55, 57, 59, 60, 61, 63, 66, 67, 68, 69, 72, 75, 78, 81, 82, 93, 99, 101, 102, 104, 119, 134, 135, 137, 138, 139, 140, 201, 203, 204, 205, 206, 209, 210, 211, 214, 215, 218, 219, 221], "excluded_lines": []}, "": {"executed_lines": [1, 8, 10, 12, 13, 14, 15, 18, 19, 21, 53, 84, 110, 117, 121, 132, 142, 175, 192, 199], "summary": {"covered_lines": 18, "num_statements": 18, "percent_covered": 100.0, "percent_covered_display": "100.00", "missing_lines": 0, "excluded_lines": 0}, "missing_lines": [], "excluded_lines": []}}}, "snake_game/controllers/input_handler.py": {"executed_lines": [1, 3, 5, 7, 10, 11, 13, 15, 17, 29, 30, 33, 34, 37, 38, 39, 40, 41, 42, 43, 44, 45, 46, 50, 59, 60, 62, 64, 73, 74, 77, 84, 86, 95, 96, 97, 98, 99, 100, 104, 113, 114, 115, 116, 117, 118, 122, 131, 132, 133, 134, 138, 147, 154], "summary": {"covered_lines": 52, "num_statements": 56, "percent_covered": 92.85714285714286, "percent_covered_display": "92.86", "missing_lines": 4, "excluded_lines": 0}, "missing_lines": [48, 102, 120, 136], "excluded_lines": [], "functions": {"InputHandler.__init__": {"executed_lines": [15], "summary": {"covered_lines": 1, "num_statements": 1, "percent_covered": 100.0, "percent_covered_display": "100.00", "missing_lines": 0, "excluded_lines": 0}, "missing_lines": [], "excluded_lines": []}, "InputHandler.handle_event": {"executed_lines": [29, 30, 33, 34, 37, 38, 39, 40, 41, 42, 43, 44, 45, 46], "summary": {"covered_lines": 14, "num_statements": 15, "percent_covered": 93.33333333333333, "percent_covered_display": "93.33", "missing_lines": 1, "excluded_lines": 0}, "missing_lines": [48], "excluded_lines": []}, "InputHandler._handle_splash_input": {"executed_lines": [59, 60, 62], "summary": {"covered_lines": 3, "num_statements": 3, "percent_covered": 100.0, "percent_covered_display": "100.00", "missing_lines": 0, "excluded_lines": 0}, "missing_lines": [], "excluded_lines": []}, "InputHandler._handle_playing_input": {"executed_lines": [73, 74, 77, 84], "summary": {"covered_lines": 4, "num_statements": 4, "percent_covered": 100.0, "percent_covered_display": "100.00", "missing_lines": 0, "excluded_lines": 0}, "missing_lines": [], "excluded_lines": []}, "InputHandler._handle_game_over_input": {"executed_lines": [95, 96, 97, 98, 99, 100], "summary": {"covered_lines": 6, "num_statements": 7, "percent_covered": 85.71428571428571, "percent_covered_display": "85.71", "missing_lines": 1, "excluded_lines": 0}, "missing_lines": [102], "excluded_lines": []}, "InputHandler._handle_high_scores_input": {"executed_lines": [113, 114, 115, 116, 117, 118], "summary": {"covered_lines": 6, "num_statements": 7, "percent_covered": 85.71428571428571, "percent_covered_display": "85.71", "missing_lines": 1, "excluded_lines": 0}, "missing_lines": [120], "excluded_lines": []}, "InputHandler._handle_confirm_reset_input": {"executed_lines": [131, 132, 133, 134], "summary": {"covered_lines": 4, "num_statements": 5, "percent_covered": 80.0, "percent_covered_display": "80.00", "missing_lines": 1, "excluded_lines": 0}, "missing_lines": [136], "excluded_lines": []}, "InputHandler.get_direction_from_action": {"executed_lines": [147, 154], "summary": {"covered_lines": 2, "num_statements": 2, "percent_covered": 100.0, "percent_covered_display": "100.00", "missing_lines": 0, "excluded_lines": 0}, "missing_lines": [], "excluded_lines": []}, "": {"executed_lines": [1, 3, 5, 7, 10, 11, 13, 17, 50, 64, 86, 104, 122, 138], "summary": {"covered_lines": 12, "num_statements": 12, "percent_covered": 100.0, "percent_covered_display": "100.00", "missing_lines": 0, "excluded_lines": 0}, "missing_lines": [], "excluded_lines": []}}, "classes": {"InputHandler": {"executed_lines": [15, 29, 30, 33, 34, 37, 38, 39, 40, 41, 42, 43, 44, 45, 46, 59, 60, 62, 73, 74, 77, 84, 95, 96, 97, 98, 99, 100, 113, 114, 115, 116, 117, 118, 131, 132, 133, 134, 147, 154], "summary": {"covered_lines": 40, "num_statements": 44, "percent_covered": 90.9090909090909, "percent_covered_display": "90.91", "missing_lines": 4, "excluded_lines": 0}, "missing_lines": [48, 102, 120, 136], "excluded_lines": []}, "": {"executed_lines": [1, 3, 5, 7, 10, 11, 13, 17, 50, 64, 86, 104, 122, 138], "summary": {"covered_lines": 12, "num_statements": 12, "percent_covered": 100.0, "percent_covered_display": "100.00", "missing_lines": 0, "excluded_lines": 0}, "missing_lines": [], "excluded_lines": []}}}, "snake_game/game.py": {"executed_lines": [], "summary": {"covered_lines": 0, "num_statements": 509, "percent_covered": 0.0, "percent_covered_display": "0.00", "missing_lines": 509, "excluded_lines": 0}, "missing_lines": [3, 4, 5, 6, 7, 8, 10, 13, 16, 17, 18, 19, 22, 25, 26, 27, 28, 29, 32, 35, 36, 37, 38, 39, 42, 46, 47, 48, 49, 50, 51, 52, 55, 56, 57, 58, 61, 62, 63, 64, 65, 66, 67, 68, 69, 70, 71, 72, 75, 76, 77, 78, 80, 82, 83, 85, 86, 87, 88, 89, 90, 93, 94, 95, 96, 97, 98, 99, 100, 101, 102, 103, 106, 107, 109, 111, 113, 115, 116, 119, 120, 122, 123, 124, 126, 128, 130, 131, 132, 133, 134, 136, 138, 139, 142, 177, 178, 179, 180, 183, 185, 186, 187, 190, 191, 193, 194, 195, 196, 197, 199, 202, 205, 206, 207, 208, 209, 211, 213, 214, 215, 216, 217, 218, 219, 221, 223, 224, 225, 226, 227, 228, 230, 232, 234, 235, 236, 239, 240, 241, 243, 245, 247, 248, 249, 250, 251, 252, 253, 254, 255, 257, 259, 260, 261, 262, 263, 264, 266, 268, 269, 271, 273, 274, 275, 277, 280, 281, 283, 284, 285, 287, 288, 289, 290, 291, 293, 295, 297, 298, 299, 300, 301, 302, 304, 306, 308, 309, 311, 312, 313, 315, 316, 317, 319, 321, 322, 323, 324, 325, 326, 327, 328, 329, 330, 332, 333, 334, 335, 336, 337, 338, 339, 340, 341, 343, 344, 345, 346, 347, 348, 349, 350, 351, 352, 354, 355, 356, 357, 358, 359, 361, 363, 365, 366, 368, 369, 370, 371, 373, 376, 379, 380, 381, 384, 390, 391, 394, 395, 396, 399, 402, 403, 406, 409, 411, 412, 414, 417, 418, 419, 420, 422, 424, 425, 428, 431, 432, 434, 435, 438, 439, 440, 441, 443, 445, 446, 447, 449, 451, 452, 455, 456, 457, 458, 459, 460, 461, 462, 463, 464, 466, 467, 469, 470, 471, 472, 475, 476, 477, 479, 480, 483, 484, 485, 487, 489, 490, 491, 492, 494, 496, 498, 500, 504, 508, 510, 511, 513, 517, 519, 527, 529, 533, 535, 538, 542, 549, 557, 559, 561, 562, 563, 564, 565, 568, 572, 575, 581, 584, 590, 592, 595, 596, 597, 600, 601, 604, 605, 608, 609, 612, 615, 616, 618, 620, 621, 622, 625, 626, 627, 629, 632, 633, 634, 635, 636, 637, 640, 641, 642, 643, 645, 646, 647, 648, 651, 659, 661, 662, 664, 665, 666, 667, 669, 671, 672, 675, 680, 681, 689, 690, 691, 697, 703, 704, 707, 708, 711, 715, 717, 720, 723, 724, 725, 726, 727, 728, 731, 742, 743, 744, 745, 746, 747, 748, 749, 751, 753, 756, 757, 760, 761, 762, 763, 766, 767, 769, 771, 774, 775, 777, 778, 779, 782, 783, 784, 787, 788, 789, 792, 795, 802, 803, 804, 805, 806, 807, 809, 811, 814, 815, 816, 819, 820, 821, 822, 823, 824, 825, 826, 829, 836, 837, 838, 839, 840, 841, 843, 845, 848, 849, 850, 853, 856, 857, 860, 862, 863, 864, 865, 866, 867, 868, 870, 872, 873, 874, 875, 876, 877, 878, 879, 880, 881, 883, 885, 887, 889, 890, 891, 892, 894, 895, 897, 898, 899, 901, 902], "excluded_lines": [], "functions": {"SnakeGame.__init__": {"executed_lines": [], "summary": {"covered_lines": 0, "num_statements": 22, "percent_covered": 0.0, "percent_covered_display": "0.00", "missing_lines": 22, "excluded_lines": 0}, "missing_lines": [82, 83, 85, 86, 87, 88, 89, 90, 93, 94, 95, 96, 97, 98, 99, 100, 101, 102, 103, 106, 107, 109], "excluded_lines": []}, "SnakeGame.create_sound_effects": {"executed_lines": [], "summary": {"covered_lines": 0, "num_statements": 8, "percent_covered": 0.0, "percent_covered_display": "0.00", "missing_lines": 8, "excluded_lines": 0}, "missing_lines": [113, 115, 116, 119, 120, 122, 123, 124], "excluded_lines": []}, "SnakeGame.create_background_music": {"executed_lines": [], "summary": {"covered_lines": 0, "num_statements": 6, "percent_covered": 0.0, "percent_covered_display": "0.00", "missing_lines": 6, "excluded_lines": 0}, "missing_lines": [128, 130, 131, 132, 133, 134], "excluded_lines": []}, "SnakeGame.generate_melody": {"executed_lines": [], "summary": {"covered_lines": 0, "num_statements": 25, "percent_covered": 0.0, "percent_covered_display": "0.00", "missing_lines": 25, "excluded_lines": 0}, "missing_lines": [138, 139, 142, 177, 178, 179, 180, 183, 185, 186, 187, 190, 191, 193, 194, 195, 196, 197, 199, 202, 205, 206, 207, 208, 209], "excluded_lines": []}, "SnakeGame.start_background_music": {"executed_lines": [], "summary": {"covered_lines": 0, "num_statements": 7, "percent_covered": 0.0, "percent_covered_display": "0.00", "missing_lines": 7, "excluded_lines": 0}, "missing_lines": [213, 214, 215, 216, 217, 218, 219], "excluded_lines": []}, "SnakeGame.stop_background_music": {"executed_lines": [], "summary": {"covered_lines": 0, "num_statements": 6, "percent_covered": 0.0, "percent_covered_display": "0.00", "missing_lines": 6, "excluded_lines": 0}, "missing_lines": [223, 224, 225, 226, 227, 228], "excluded_lines": []}, "SnakeGame.generate_tone": {"executed_lines": [], "summary": {"covered_lines": 0, "num_statements": 8, "percent_covered": 0.0, "percent_covered_display": "0.00", "missing_lines": 8, "excluded_lines": 0}, "missing_lines": [232, 234, 235, 236, 239, 240, 241, 243], "excluded_lines": []}, "SnakeGame.load_high_scores": {"executed_lines": [], "summary": {"covered_lines": 0, "num_statements": 9, "percent_covered": 0.0, "percent_covered_display": "0.00", "missing_lines": 9, "excluded_lines": 0}, "missing_lines": [247, 248, 249, 250, 251, 252, 253, 254, 255], "excluded_lines": []}, "SnakeGame.save_high_scores": {"executed_lines": [], "summary": {"covered_lines": 0, "num_statements": 6, "percent_covered": 0.0, "percent_covered_display": "0.00", "missing_lines": 6, "excluded_lines": 0}, "missing_lines": [259, 260, 261, 262, 263, 264], "excluded_lines": []}, "SnakeGame.reset_high_scores": {"executed_lines": [], "summary": {"covered_lines": 0, "num_statements": 2, "percent_covered": 0.0, "percent_covered_display": "0.00", "missing_lines": 2, "excluded_lines": 0}, "missing_lines": [268, 269], "excluded_lines": []}, "SnakeGame.update_high_scores": {"executed_lines": [], "summary": {"covered_lines": 0, "num_statements": 3, "percent_covered": 0.0, "percent_covered_display": "0.00", "missing_lines": 3, "excluded_lines": 0}, "missing_lines": [273, 274, 275], "excluded_lines": []}, "SnakeGame.reset_game": {"executed_lines": [], "summary": {"covered_lines": 0, "num_statements": 10, "percent_covered": 0.0, "percent_covered_display": "0.00", "missing_lines": 10, "excluded_lines": 0}, "missing_lines": [280, 281, 283, 284, 285, 287, 288, 289, 290, 291], "excluded_lines": []}, "SnakeGame.spawn_fruit": {"executed_lines": [], "summary": {"covered_lines": 0, "num_statements": 7, "percent_covered": 0.0, "percent_covered_display": "0.00", "missing_lines": 7, "excluded_lines": 0}, "missing_lines": [295, 297, 298, 299, 300, 301, 302], "excluded_lines": []}, "SnakeGame.handle_input": {"executed_lines": [], "summary": {"covered_lines": 0, "num_statements": 47, "percent_covered": 0.0, "percent_covered_display": "0.00", "missing_lines": 47, "excluded_lines": 0}, "missing_lines": [306, 308, 309, 311, 312, 313, 315, 316, 317, 319, 321, 322, 323, 324, 325, 326, 327, 328, 329, 330, 332, 333, 334, 335, 336, 337, 338, 339, 340, 341, 343, 344, 345, 346, 347, 348, 349, 350, 351, 352, 354, 355, 356, 357, 358, 359, 361], "excluded_lines": []}, "SnakeGame.update_game": {"executed_lines": [], "summary": {"covered_lines": 0, "num_statements": 6, "percent_covered": 0.0, "percent_covered_display": "0.00", "missing_lines": 6, "excluded_lines": 0}, "missing_lines": [365, 366, 368, 369, 370, 371], "excluded_lines": []}, "SnakeGame.move_snake": {"executed_lines": [], "summary": {"covered_lines": 0, "num_statements": 22, "percent_covered": 0.0, "percent_covered_display": "0.00", "missing_lines": 22, "excluded_lines": 0}, "missing_lines": [376, 379, 380, 381, 384, 390, 391, 394, 395, 396, 399, 402, 403, 406, 409, 411, 412, 414, 417, 418, 419, 420], "excluded_lines": []}, "SnakeGame.eat_fruit": {"executed_lines": [], "summary": {"covered_lines": 0, "num_statements": 11, "percent_covered": 0.0, "percent_covered_display": "0.00", "missing_lines": 11, "excluded_lines": 0}, "missing_lines": [424, 425, 428, 431, 432, 434, 435, 438, 439, 440, 441], "excluded_lines": []}, "SnakeGame.draw_snake_segment": {"executed_lines": [], "summary": {"covered_lines": 0, "num_statements": 30, "percent_covered": 0.0, "percent_covered_display": "0.00", "missing_lines": 30, "excluded_lines": 0}, "missing_lines": [445, 446, 447, 449, 451, 452, 455, 456, 457, 458, 459, 460, 461, 462, 463, 464, 466, 467, 469, 470, 471, 472, 475, 476, 477, 479, 480, 483, 484, 485], "excluded_lines": []}, "SnakeGame.draw_fruit": {"executed_lines": [], "summary": {"covered_lines": 0, "num_statements": 30, "percent_covered": 0.0, "percent_covered_display": "0.00", "missing_lines": 30, "excluded_lines": 0}, "missing_lines": [489, 490, 491, 492, 494, 496, 498, 500, 504, 508, 510, 511, 513, 517, 519, 527, 529, 533, 535, 538, 542, 549, 557, 559, 561, 562, 563, 564, 565, 568], "excluded_lines": []}, "SnakeGame.draw_border": {"executed_lines": [], "summary": {"covered_lines": 0, "num_statements": 4, "percent_covered": 0.0, "percent_covered_display": "0.00", "missing_lines": 4, "excluded_lines": 0}, "missing_lines": [575, 581, 584, 590], "excluded_lines": []}, "SnakeGame.draw_ui": {"executed_lines": [], "summary": {"covered_lines": 0, "num_statements": 12, "percent_covered": 0.0, "percent_covered_display": "0.00", "missing_lines": 12, "excluded_lines": 0}, "missing_lines": [595, 596, 597, 600, 601, 604, 605, 608, 609, 612, 615, 616], "excluded_lines": []}, "SnakeGame.game_over": {"executed_lines": [], "summary": {"covered_lines": 0, "num_statements": 6, "percent_covered": 0.0, "percent_covered_display": "0.00", "missing_lines": 6, "excluded_lines": 0}, "missing_lines": [620, 621, 622, 625, 626, 627], "excluded_lines": []}, "SnakeGame.draw_splash_graphics": {"executed_lines": [], "summary": {"covered_lines": 0, "num_statements": 37, "percent_covered": 0.0, "percent_covered_display": "0.00", "missing_lines": 37, "excluded_lines": 0}, "missing_lines": [632, 633, 634, 635, 636, 637, 640, 641, 642, 643, 645, 646, 647, 648, 651, 659, 661, 662, 664, 665, 666, 667, 669, 671, 672, 675, 680, 681, 689, 690, 691, 697, 703, 704, 707, 708, 711], "excluded_lines": []}, "SnakeGame.draw_splash_screen": {"executed_lines": [], "summary": {"covered_lines": 0, "num_statements": 17, "percent_covered": 0.0, "percent_covered_display": "0.00", "missing_lines": 17, "excluded_lines": 0}, "missing_lines": [717, 720, 723, 724, 725, 726, 727, 728, 731, 742, 743, 744, 745, 746, 747, 748, 749], "excluded_lines": []}, "SnakeGame.draw_game": {"executed_lines": [], "summary": {"covered_lines": 0, "num_statements": 9, "percent_covered": 0.0, "percent_covered_display": "0.00", "missing_lines": 9, "excluded_lines": 0}, "missing_lines": [753, 756, 757, 760, 761, 762, 763, 766, 767], "excluded_lines": []}, "SnakeGame.draw_game_over_screen": {"executed_lines": [], "summary": {"covered_lines": 0, "num_statements": 20, "percent_covered": 0.0, "percent_covered_display": "0.00", "missing_lines": 20, "excluded_lines": 0}, "missing_lines": [771, 774, 775, 777, 778, 779, 782, 783, 784, 787, 788, 789, 792, 795, 802, 803, 804, 805, 806, 807], "excluded_lines": []}, "SnakeGame.draw_high_scores_screen": {"executed_lines": [], "summary": {"covered_lines": 0, "num_statements": 19, "percent_covered": 0.0, "percent_covered_display": "0.00", "missing_lines": 19, "excluded_lines": 0}, "missing_lines": [811, 814, 815, 816, 819, 820, 821, 822, 823, 824, 825, 826, 829, 836, 837, 838, 839, 840, 841], "excluded_lines": []}, "SnakeGame.draw_confirm_reset_screen": {"executed_lines": [], "summary": {"covered_lines": 0, "num_statements": 15, "percent_covered": 0.0, "percent_covered_display": "0.00", "missing_lines": 15, "excluded_lines": 0}, "missing_lines": [845, 848, 849, 850, 853, 856, 857, 860, 862, 863, 864, 865, 866, 867, 868], "excluded_lines": []}, "SnakeGame.draw": {"executed_lines": [], "summary": {"covered_lines": 0, "num_statements": 11, "percent_covered": 0.0, "percent_covered_display": "0.00", "missing_lines": 11, "excluded_lines": 0}, "missing_lines": [872, 873, 874, 875, 876, 877, 878, 879, 880, 881, 883], "excluded_lines": []}, "SnakeGame.run": {"executed_lines": [], "summary": {"covered_lines": 0, "num_statements": 12, "percent_covered": 0.0, "percent_covered_display": "0.00", "missing_lines": 12, "excluded_lines": 0}, "missing_lines": [887, 889, 890, 891, 892, 894, 895, 897, 898, 899, 901, 902], "excluded_lines": []}, "": {"executed_lines": [], "summary": {"covered_lines": 0, "num_statements": 82, "percent_covered": 0.0, "percent_covered_display": "0.00", "missing_lines": 82, "excluded_lines": 0}, "missing_lines": [3, 4, 5, 6, 7, 8, 10, 13, 16, 17, 18, 19, 22, 25, 26, 27, 28, 29, 32, 35, 36, 37, 38, 39, 42, 46, 47, 48, 49, 50, 51, 52, 55, 56, 57, 58, 61, 62, 63, 64, 65, 66, 67, 68, 69, 70, 71, 72, 75, 76, 77, 78, 80, 111, 126, 136, 211, 221, 230, 245, 257, 266, 271, 277, 293, 304, 363, 373, 422, 443, 487, 572, 592, 618, 629, 715, 751, 769, 809, 843, 870, 885], "excluded_lines": []}}, "classes": {"Direction": {"executed_lines": [], "summary": {"covered_lines": 0, "num_statements": 0, "percent_covered": 100.0, "percent_covered_display": "100.00", "missing_lines": 0, "excluded_lines": 0}, "missing_lines": [], "excluded_lines": []}, "GameState": {"executed_lines": [], "summary": {"covered_lines": 0, "num_statements": 0, "percent_covered": 100.0, "percent_covered_display": "100.00", "missing_lines": 0, "excluded_lines": 0}, "missing_lines": [], "excluded_lines": []}, "FruitType": {"executed_lines": [], "summary": {"covered_lines": 0, "num_statements": 0, "percent_covered": 100.0, "percent_covered_display": "100.00", "missing_lines": 0, "excluded_lines": 0}, "missing_lines": [], "excluded_lines": []}, "SnakeGame": {"executed_lines": [], "summary": {"covered_lines": 0, "num_statements": 427, "percent_covered": 0.0, "percent_covered_display": "0.00", "missing_lines": 427, "excluded_lines": 0}, "missing_lines": [82, 83, 85, 86, 87, 88, 89, 90, 93, 94, 95, 96, 97, 98, 99, 100, 101, 102, 103, 106, 107, 109, 113, 115, 116, 119, 120, 122, 123, 124, 128, 130, 131, 132, 133, 134, 138, 139, 142, 177, 178, 179, 180, 183, 185, 186, 187, 190, 191, 193, 194, 195, 196, 197, 199, 202, 205, 206, 207, 208, 209, 213, 214, 215, 216, 217, 218, 219, 223, 224, 225, 226, 227, 228, 232, 234, 235, 236, 239, 240, 241, 243, 247, 248, 249, 250, 251, 252, 253, 254, 255, 259, 260, 261, 262, 263, 264, 268, 269, 273, 274, 275, 280, 281, 283, 284, 285, 287, 288, 289, 290, 291, 295, 297, 298, 299, 300, 301, 302, 306, 308, 309, 311, 312, 313, 315, 316, 317, 319, 321, 322, 323, 324, 325, 326, 327, 328, 329, 330, 332, 333, 334, 335, 336, 337, 338, 339, 340, 341, 343, 344, 345, 346, 347, 348, 349, 350, 351, 352, 354, 355, 356, 357, 358, 359, 361, 365, 366, 368, 369, 370, 371, 376, 379, 380, 381, 384, 390, 391, 394, 395, 396, 399, 402, 403, 406, 409, 411, 412, 414, 417, 418, 419, 420, 424, 425, 428, 431, 432, 434, 435, 438, 439, 440, 441, 445, 446, 447, 449, 451, 452, 455, 456, 457, 458, 459, 460, 461, 462, 463, 464, 466, 467, 469, 470, 471, 472, 475, 476, 477, 479, 480, 483, 484, 485, 489, 490, 491, 492, 494, 496, 498, 500, 504, 508, 510, 511, 513, 517, 519, 527, 529, 533, 535, 538, 542, 549, 557, 559, 561, 562, 563, 564, 565, 568, 575, 581, 584, 590, 595, 596, 597, 600, 601, 604, 605, 608, 609, 612, 615, 616, 620, 621, 622, 625, 626, 627, 632, 633, 634, 635, 636, 637, 640, 641, 642, 643, 645, 646, 647, 648, 651, 659, 661, 662, 664, 665, 666, 667, 669, 671, 672, 675, 680, 681, 689, 690, 691, 697, 703, 704, 707, 708, 711, 717, 720, 723, 724, 725, 726, 727, 728, 731, 742, 743, 744, 745, 746, 747, 748, 749, 753, 756, 757, 760, 761, 762, 763, 766, 767, 771, 774, 775, 777, 778, 779, 782, 783, 784, 787, 788, 789, 792, 795, 802, 803, 804, 805, 806, 807, 811, 814, 815, 816, 819, 820, 821, 822, 823, 824, 825, 826, 829, 836, 837, 838, 839, 840, 841, 845, 848, 849, 850, 853, 856, 857, 860, 862, 863, 864, 865, 866, 867, 868, 872, 873, 874, 875, 876, 877, 878, 879, 880, 881, 883, 887, 889, 890, 891, 892, 894, 895, 897, 898, 899, 901, 902], "excluded_lines": []}, "": {"executed_lines": [], "summary": {"covered_lines": 0, "num_statements": 82, "percent_covered": 0.0, "percent_covered_display": "0.00", "missing_lines": 82, "excluded_lines": 0}, "missing_lines": [3, 4, 5, 6, 7, 8, 10, 13, 16, 17, 18, 19, 22, 25, 26, 27, 28, 29, 32, 35, 36, 37, 38, 39, 42, 46, 47, 48, 49, 50, 51, 52, 55, 56, 57, 58, 61, 62, 63, 64, 65, 66, 67, 68, 69, 70, 71, 72, 75, 76, 77, 78, 80, 111, 126, 136, 211, 221, 230, 245, 257, 266, 271, 277, 293, 304, 363, 373, 422, 443, 487, 572, 592, 618, 629, 715, 751, 769, 809, 843, 870, 885], "excluded_lines": []}}}, "snake_game/main.py": {"executed_lines": [], "summary": {"covered_lines": 0, "num_statements": 13, "percent_covered": 0.0, "percent_covered_display": "0.00", "missing_lines": 13, "excluded_lines": 2}, "missing_lines": [8, 10, 13, 15, 16, 17, 18, 19, 20, 21, 22, 24, 26], "excluded_lines": [29, 30], "functions": {"main": {"executed_lines": [], "summary": {"covered_lines": 0, "num_statements": 10, "percent_covered": 0.0, "percent_covered_display": "0.00", "missing_lines": 10, "excluded_lines": 0}, "missing_lines": [15, 16, 17, 18, 19, 20, 21, 22, 24, 26], "excluded_lines": []}, "": {"executed_lines": [], "summary": {"covered_lines": 0, "num_statements": 3, "percent_covered": 0.0, "percent_covered_display": "0.00", "missing_lines": 3, "excluded_lines": 2}, "missing_lines": [8, 10, 13], "excluded_lines": [29, 30]}}, "classes": {"": {"executed_lines": [], "summary": {"covered_lines": 0, "num_statements": 13, "percent_covered": 0.0, "percent_covered_display": "0.00", "missing_lines": 13, "excluded_lines": 2}, "missing_lines": [8, 10, 13, 15, 16, 17, 18, 19, 20, 21, 22, 24, 26], "excluded_lines": [29, 30]}}}, "snake_game/models/__init__.py": {"executed_lines": [1, 3, 4, 5, 6, 7, 9], "summary": {"covered_lines": 6, "num_statements": 6, "percent_covered": 100.0, "percent_covered_display": "100.00", "missing_lines": 0, "excluded_lines": 0}, "missing_lines": [], "excluded_lines": [], "functions": {"": {"executed_lines": [1, 3, 4, 5, 6, 7, 9], "summary": {"covered_lines": 6, "num_statements": 6, "percent_covered": 100.0, "percent_covered_display": "100.00", "missing_lines": 0, "excluded_lines": 0}, "missing_lines": [], "excluded_lines": []}}, "classes": {"": {"executed_lines": [1, 3, 4, 5, 6, 7, 9], "summary": {"covered_lines": 6, "num_statements": 6, "percent_covered": 100.0, "percent_covered_display": "100.00", "missing_lines": 0, "excluded_lines": 0}, "missing_lines": [], "excluded_lines": []}}}, "snake_game/models/enums.py": {"executed_lines": [1, 3, 6, 7, 9, 10, 11, 12, 15, 16, 18, 19, 20, 21, 22, 25, 26, 28, 29, 30, 31, 32], "summary": {"covered_lines": 18, "num_statements": 18, "percent_covered": 100.0, "percent_covered_display": "100.00", "missing_lines": 0, "excluded_lines": 0}, "missing_lines": [], "excluded_lines": [], "functions": {"": {"executed_lines": [1, 3, 6, 7, 9, 10, 11, 12, 15, 16, 18, 19, 20, 21, 22, 25, 26, 28, 29, 30, 31, 32], "summary": {"covered_lines": 18, "num_statements": 18, "percent_covered": 100.0, "percent_covered_display": "100.00", "missing_lines": 0, "excluded_lines": 0}, "missing_lines": [], "excluded_lines": []}}, "classes": {"Direction": {"executed_lines": [], "summary": {"covered_lines": 0, "num_statements": 0, "percent_covered": 100.0, "percent_covered_display": "100.00", "missing_lines": 0, "excluded_lines": 0}, "missing_lines": [], "excluded_lines": []}, "GameState": {"executed_lines": [], "summary": {"covered_lines": 0, "num_statements": 0, "percent_covered": 100.0, "percent_covered_display": "100.00", "missing_lines": 0, "excluded_lines": 0}, "missing_lines": [], "excluded_lines": []}, "FruitType": {"executed_lines": [], "summary": {"covered_lines": 0, "num_statements": 0, "percent_covered": 100.0, "percent_covered_display": "100.00", "missing_lines": 0, "excluded_lines": 0}, "missing_lines": [], "excluded_lines": []}, "": {"executed_lines": [1, 3, 6, 7, 9, 10, 11, 12, 15, 16, 18, 19, 20, 21, 22, 25, 26, 28, 29, 30, 31, 32], "summary": {"covered_lines": 18, "num_statements": 18, "percent_covered": 100.0, "percent_covered_display": "100.00", "missing_lines": 0, "excluded_lines": 0}, "missing_lines": [], "excluded_lines": []}}}, "snake_game/models/fruit.py": {"executed_lines": [1, 3, 4, 6, 9, 10, 12, 19, 20, 21, 22, 23, 25, 34, 36, 37, 39, 40, 41, 42, 44, 46, 55, 57, 58, 60, 62, 63, 65, 67, 68, 70], "summary": {"covered_lines": 30, "num_statements": 30, "percent_covered": 100.0, "percent_covered_display": "100.00", "missing_lines": 0, "excluded_lines": 0}, "missing_lines": [], "excluded_lines": [], "functions": {"Fruit.__init__": {"executed_lines": [19, 20, 21, 22, 23], "summary": {"covered_lines": 5, "num_statements": 5, "percent_covered": 100.0, "percent_covered_display": "100.00", "missing_lines": 0, "excluded_lines": 0}, "missing_lines": [], "excluded_lines": []}, "Fruit.spawn": {"executed_lines": [34, 36, 37, 39, 40, 41, 42, 44], "summary": {"covered_lines": 8, "num_statements": 8, "percent_covered": 100.0, "percent_covered_display": "100.00", "missing_lines": 0, "excluded_lines": 0}, "missing_lines": [], "excluded_lines": []}, "Fruit.is_eaten_by": {"executed_lines": [55], "summary": {"covered_lines": 1, "num_statements": 1, "percent_covered": 100.0, "percent_covered_display": "100.00", "missing_lines": 0, "excluded_lines": 0}, "missing_lines": [], "excluded_lines": []}, "Fruit.name": {"executed_lines": [60], "summary": {"covered_lines": 1, "num_statements": 1, "percent_covered": 100.0, "percent_covered_display": "100.00", "missing_lines": 0, "excluded_lines": 0}, "missing_lines": [], "excluded_lines": []}, "Fruit.primary_color": {"executed_lines": [65], "summary": {"covered_lines": 1, "num_statements": 1, "percent_covered": 100.0, "percent_covered_display": "100.00", "missing_lines": 0, "excluded_lines": 0}, "missing_lines": [], "excluded_lines": []}, "Fruit.secondary_color": {"executed_lines": [70], "summary": {"covered_lines": 1, "num_statements": 1, "percent_covered": 100.0, "percent_covered_display": "100.00", "missing_lines": 0, "excluded_lines": 0}, "missing_lines": [], "excluded_lines": []}, "": {"executed_lines": [1, 3, 4, 6, 9, 10, 12, 25, 46, 57, 58, 62, 63, 67, 68], "summary": {"covered_lines": 13, "num_statements": 13, "percent_covered": 100.0, "percent_covered_display": "100.00", "missing_lines": 0, "excluded_lines": 0}, "missing_lines": [], "excluded_lines": []}}, "classes": {"Fruit": {"executed_lines": [19, 20, 21, 22, 23, 34, 36, 37, 39, 40, 41, 42, 44, 55, 60, 65, 70], "summary": {"covered_lines": 17, "num_statements": 17, "percent_covered": 100.0, "percent_covered_display": "100.00", "missing_lines": 0, "excluded_lines": 0}, "missing_lines": [], "excluded_lines": []}, "": {"executed_lines": [1, 3, 4, 6, 9, 10, 12, 25, 46, 57, 58, 62, 63, 67, 68], "summary": {"covered_lines": 13, "num_statements": 13, "percent_covered": 100.0, "percent_covered_display": "100.00", "missing_lines": 0, "excluded_lines": 0}, "missing_lines": [], "excluded_lines": []}}}, "snake_game/models/game_state.py": {"executed_lines": [1, 3, 6, 7, 9, 15, 16, 18, 19, 21, 23, 24, 26, 28, 34, 35, 36, 38, 47, 49, 58, 60, 62, 63], "summary": {"covered_lines": 22, "num_statements": 22, "percent_covered": 100.0, "percent_covered_display": "100.00", "missing_lines": 0, "excluded_lines": 0}, "missing_lines": [], "excluded_lines": [], "functions": {"GameStateManager.__init__": {"executed_lines": [15, 16], "summary": {"covered_lines": 2, "num_statements": 2, "percent_covered": 100.0, "percent_covered_display": "100.00", "missing_lines": 0, "excluded_lines": 0}, "missing_lines": [], "excluded_lines": []}, "GameStateManager.current_state": {"executed_lines": [21], "summary": {"covered_lines": 1, "num_statements": 1, "percent_covered": 100.0, "percent_covered_display": "100.00", "missing_lines": 0, "excluded_lines": 0}, "missing_lines": [], "excluded_lines": []}, "GameStateManager.previous_state": {"executed_lines": [26], "summary": {"covered_lines": 1, "num_statements": 1, "percent_covered": 100.0, "percent_covered_display": "100.00", "missing_lines": 0, "excluded_lines": 0}, "missing_lines": [], "excluded_lines": []}, "GameStateManager.set_state": {"executed_lines": [34, 35, 36], "summary": {"covered_lines": 3, "num_statements": 3, "percent_covered": 100.0, "percent_covered_display": "100.00", "missing_lines": 0, "excluded_lines": 0}, "missing_lines": [], "excluded_lines": []}, "GameStateManager.is_state": {"executed_lines": [47], "summary": {"covered_lines": 1, "num_statements": 1, "percent_covered": 100.0, "percent_covered_display": "100.00", "missing_lines": 0, "excluded_lines": 0}, "missing_lines": [], "excluded_lines": []}, "GameStateManager.was_state": {"executed_lines": [58], "summary": {"covered_lines": 1, "num_statements": 1, "percent_covered": 100.0, "percent_covered_display": "100.00", "missing_lines": 0, "excluded_lines": 0}, "missing_lines": [], "excluded_lines": []}, "GameStateManager.reset": {"executed_lines": [62, 63], "summary": {"covered_lines": 2, "num_statements": 2, "percent_covered": 100.0, "percent_covered_display": "100.00", "missing_lines": 0, "excluded_lines": 0}, "missing_lines": [], "excluded_lines": []}, "": {"executed_lines": [1, 3, 6, 7, 9, 18, 19, 23, 24, 28, 38, 49, 60], "summary": {"covered_lines": 11, "num_statements": 11, "percent_covered": 100.0, "percent_covered_display": "100.00", "missing_lines": 0, "excluded_lines": 0}, "missing_lines": [], "excluded_lines": []}}, "classes": {"GameStateManager": {"executed_lines": [15, 16, 21, 26, 34, 35, 36, 47, 58, 62, 63], "summary": {"covered_lines": 11, "num_statements": 11, "percent_covered": 100.0, "percent_covered_display": "100.00", "missing_lines": 0, "excluded_lines": 0}, "missing_lines": [], "excluded_lines": []}, "": {"executed_lines": [1, 3, 6, 7, 9, 18, 19, 23, 24, 28, 38, 49, 60], "summary": {"covered_lines": 11, "num_statements": 11, "percent_covered": 100.0, "percent_covered_display": "100.00", "missing_lines": 0, "excluded_lines": 0}, "missing_lines": [], "excluded_lines": []}}}, "snake_game/models/score.py": {"executed_lines": [1, 3, 4, 5, 8, 9, 11, 18, 19, 20, 21, 23, 29, 30, 31, 32, 33, 34, 35, 37, 39, 41, 42, 43, 47, 53, 55, 57, 59, 68, 69, 71, 72, 73, 74, 75, 77, 79, 81, 82, 84, 93, 94, 96, 98, 104, 106, 107, 109], "summary": {"covered_lines": 47, "num_statements": 49, "percent_covered": 95.91836734693878, "percent_covered_display": "95.92", "missing_lines": 2, "excluded_lines": 0}, "missing_lines": [44, 45], "excluded_lines": [], "functions": {"ScoreManager.__init__": {"executed_lines": [18, 19, 20, 21], "summary": {"covered_lines": 4, "num_statements": 4, "percent_covered": 100.0, "percent_covered_display": "100.00", "missing_lines": 0, "excluded_lines": 0}, "missing_lines": [], "excluded_lines": []}, "ScoreManager._load_high_scores": {"executed_lines": [29, 30, 31, 32, 33, 34, 35, 37], "summary": {"covered_lines": 8, "num_statements": 8, "percent_covered": 100.0, "percent_covered_display": "100.00", "missing_lines": 0, "excluded_lines": 0}, "missing_lines": [], "excluded_lines": []}, "ScoreManager._save_high_scores": {"executed_lines": [41, 42, 43], "summary": {"covered_lines": 3, "num_statements": 5, "percent_covered": 60.0, "percent_covered_display": "60.00", "missing_lines": 2, "excluded_lines": 0}, "missing_lines": [44, 45], "excluded_lines": []}, "ScoreManager.add_points": {"executed_lines": [53], "summary": {"covered_lines": 1, "num_statements": 1, "percent_covered": 100.0, "percent_covered_display": "100.00", "missing_lines": 0, "excluded_lines": 0}, "missing_lines": [], "excluded_lines": []}, "ScoreManager.reset_current_score": {"executed_lines": [57], "summary": {"covered_lines": 1, "num_statements": 1, "percent_covered": 100.0, "percent_covered_display": "100.00", "missing_lines": 0, "excluded_lines": 0}, "missing_lines": [], "excluded_lines": []}, "ScoreManager.update_high_scores": {"executed_lines": [68, 69, 71, 72, 73, 74, 75, 77], "summary": {"covered_lines": 8, "num_statements": 8, "percent_covered": 100.0, "percent_covered_display": "100.00", "missing_lines": 0, "excluded_lines": 0}, "missing_lines": [], "excluded_lines": []}, "ScoreManager.reset_high_scores": {"executed_lines": [81, 82], "summary": {"covered_lines": 2, "num_statements": 2, "percent_covered": 100.0, "percent_covered_display": "100.00", "missing_lines": 0, "excluded_lines": 0}, "missing_lines": [], "excluded_lines": []}, "ScoreManager.is_high_score": {"executed_lines": [93, 94, 96], "summary": {"covered_lines": 3, "num_statements": 3, "percent_covered": 100.0, "percent_covered_display": "100.00", "missing_lines": 0, "excluded_lines": 0}, "missing_lines": [], "excluded_lines": []}, "ScoreManager.get_high_scores": {"executed_lines": [104], "summary": {"covered_lines": 1, "num_statements": 1, "percent_covered": 100.0, "percent_covered_display": "100.00", "missing_lines": 0, "excluded_lines": 0}, "missing_lines": [], "excluded_lines": []}, "ScoreManager.score": {"executed_lines": [109], "summary": {"covered_lines": 1, "num_statements": 1, "percent_covered": 100.0, "percent_covered_display": "100.00", "missing_lines": 0, "excluded_lines": 0}, "missing_lines": [], "excluded_lines": []}, "": {"executed_lines": [1, 3, 4, 5, 8, 9, 11, 23, 39, 47, 55, 59, 79, 84, 98, 106, 107], "summary": {"covered_lines": 15, "num_statements": 15, "percent_covered": 100.0, "percent_covered_display": "100.00", "missing_lines": 0, "excluded_lines": 0}, "missing_lines": [], "excluded_lines": []}}, "classes": {"ScoreManager": {"executed_lines": [18, 19, 20, 21, 29, 30, 31, 32, 33, 34, 35, 37, 41, 42, 43, 53, 57, 68, 69, 71, 72, 73, 74, 75, 77, 81, 82, 93, 94, 96, 104, 109], "summary": {"covered_lines": 32, "num_statements": 34, "percent_covered": 94.11764705882354, "percent_covered_display": "94.12", "missing_lines": 2, "excluded_lines": 0}, "missing_lines": [44, 45], "excluded_lines": []}, "": {"executed_lines": [1, 3, 4, 5, 8, 9, 11, 23, 39, 47, 55, 59, 79, 84, 98, 106, 107], "summary": {"covered_lines": 15, "num_statements": 15, "percent_covered": 100.0, "percent_covered_display": "100.00", "missing_lines": 0, "excluded_lines": 0}, "missing_lines": [], "excluded_lines": []}}}, "snake_game/models/snake.py": {"executed_lines": [1, 3, 5, 8, 9, 11, 19, 20, 21, 24, 25, 27, 28, 30, 32, 33, 35, 37, 47, 54, 55, 56, 57, 59, 69, 72, 73, 74, 77, 80, 81, 83, 85, 91, 92, 94, 104, 105, 107, 115, 116, 117, 119, 120], "summary": {"covered_lines": 42, "num_statements": 42, "percent_covered": 100.0, "percent_covered_display": "100.00", "missing_lines": 0, "excluded_lines": 0}, "missing_lines": [], "excluded_lines": [], "functions": {"Snake.__init__": {"executed_lines": [19, 20, 21, 24, 25], "summary": {"covered_lines": 5, "num_statements": 5, "percent_covered": 100.0, "percent_covered_display": "100.00", "missing_lines": 0, "excluded_lines": 0}, "missing_lines": [], "excluded_lines": []}, "Snake.head": {"executed_lines": [30], "summary": {"covered_lines": 1, "num_statements": 1, "percent_covered": 100.0, "percent_covered_display": "100.00", "missing_lines": 0, "excluded_lines": 0}, "missing_lines": [], "excluded_lines": []}, "Snake.length": {"executed_lines": [35], "summary": {"covered_lines": 1, "num_statements": 1, "percent_covered": 100.0, "percent_covered_display": "100.00", "missing_lines": 0, "excluded_lines": 0}, "missing_lines": [], "excluded_lines": []}, "Snake.set_direction": {"executed_lines": [47, 54, 55, 56, 57], "summary": {"covered_lines": 5, "num_statements": 5, "percent_covered": 100.0, "percent_covered_display": "100.00", "missing_lines": 0, "excluded_lines": 0}, "missing_lines": [], "excluded_lines": []}, "Snake.move": {"executed_lines": [69, 72, 73, 74, 77, 80, 81, 83], "summary": {"covered_lines": 8, "num_statements": 8, "percent_covered": 100.0, "percent_covered_display": "100.00", "missing_lines": 0, "excluded_lines": 0}, "missing_lines": [], "excluded_lines": []}, "Snake.check_self_collision": {"executed_lines": [91, 92], "summary": {"covered_lines": 2, "num_statements": 2, "percent_covered": 100.0, "percent_covered_display": "100.00", "missing_lines": 0, "excluded_lines": 0}, "missing_lines": [], "excluded_lines": []}, "Snake.check_wall_collision": {"executed_lines": [104, 105], "summary": {"covered_lines": 2, "num_statements": 2, "percent_covered": 100.0, "percent_covered_display": "100.00", "missing_lines": 0, "excluded_lines": 0}, "missing_lines": [], "excluded_lines": []}, "Snake.reset": {"executed_lines": [115, 116, 117, 119, 120], "summary": {"covered_lines": 5, "num_statements": 5, "percent_covered": 100.0, "percent_covered_display": "100.00", "missing_lines": 0, "excluded_lines": 0}, "missing_lines": [], "excluded_lines": []}, "": {"executed_lines": [1, 3, 5, 8, 9, 11, 27, 28, 32, 33, 37, 59, 85, 94, 107], "summary": {"covered_lines": 13, "num_statements": 13, "percent_covered": 100.0, "percent_covered_display": "100.00", "missing_lines": 0, "excluded_lines": 0}, "missing_lines": [], "excluded_lines": []}}, "classes": {"Snake": {"executed_lines": [19, 20, 21, 24, 25, 30, 35, 47, 54, 55, 56, 57, 69, 72, 73, 74, 77, 80, 81, 83, 91, 92, 104, 105, 115, 116, 117, 119, 120], "summary": {"covered_lines": 29, "num_statements": 29, "percent_covered": 100.0, "percent_covered_display": "100.00", "missing_lines": 0, "excluded_lines": 0}, "missing_lines": [], "excluded_lines": []}, "": {"executed_lines": [1, 3, 5, 8, 9, 11, 27, 28, 32, 33, 37, 59, 85, 94, 107], "summary": {"covered_lines": 13, "num_statements": 13, "percent_covered": 100.0, "percent_covered_display": "100.00", "missing_lines": 0, "excluded_lines": 0}, "missing_lines": [], "excluded_lines": []}}}, "snake_game/utils/__init__.py": {"executed_lines": [1, 3, 4, 5, 7], "summary": {"covered_lines": 4, "num_statements": 4, "percent_covered": 100.0, "percent_covered_display": "100.00", "missing_lines": 0, "excluded_lines": 0}, "missing_lines": [], "excluded_lines": [], "functions": {"": {"executed_lines": [1, 3, 4, 5, 7], "summary": {"covered_lines": 4, "num_statements": 4, "percent_covered": 100.0, "percent_covered_display": "100.00", "missing_lines": 0, "excluded_lines": 0}, "missing_lines": [], "excluded_lines": []}}, "classes": {"": {"executed_lines": [1, 3, 4, 5, 7], "summary": {"covered_lines": 4, "num_statements": 4, "percent_covered": 100.0, "percent_covered_display": "100.00", "missing_lines": 0, "excluded_lines": 0}, "missing_lines": [], "excluded_lines": []}}}, "snake_game/utils/audio.py": {"executed_lines": [1, 3, 5, 7, 10, 11, 13, 15, 16, 17, 18, 19, 21, 23, 25, 26, 32, 33, 34, 38, 40, 41, 42, 45, 52, 54, 55, 56, 58, 64, 74, 75, 77, 78, 79, 82, 83, 84, 86, 91, 97, 98, 101, 136, 137, 138, 139, 142, 144, 145, 148, 149, 151, 152, 153, 154, 155, 157, 160, 162, 166, 172, 175, 177, 178, 181, 182, 184, 185, 189, 195, 198, 199, 200, 203, 204, 208, 210, 213, 214, 215, 219, 221, 224, 227, 228, 230, 231, 232, 236, 238, 239, 241, 242, 243, 247, 249, 250, 251], "summary": {"covered_lines": 97, "num_statements": 123, "percent_covered": 78.86178861788618, "percent_covered_display": "78.86", "missing_lines": 26, "excluded_lines": 0}, "missing_lines": [35, 36, 46, 48, 49, 50, 61, 62, 87, 89, 163, 164, 173, 186, 187, 196, 205, 206, 211, 216, 217, 222, 233, 234, 244, 245], "excluded_lines": [], "functions": {"AudioManager.__init__": {"executed_lines": [15, 16, 17, 18, 19, 21], "summary": {"covered_lines": 6, "num_statements": 6, "percent_covered": 100.0, "percent_covered_display": "100.00", "missing_lines": 0, "excluded_lines": 0}, "missing_lines": [], "excluded_lines": []}, "AudioManager._initialize_audio": {"executed_lines": [25, 26, 32, 33, 34], "summary": {"covered_lines": 5, "num_statements": 7, "percent_covered": 71.42857142857143, "percent_covered_display": "71.43", "missing_lines": 2, "excluded_lines": 0}, "missing_lines": [35, 36], "excluded_lines": []}, "AudioManager._create_sound_effects": {"executed_lines": [40, 41, 42, 45], "summary": {"covered_lines": 4, "num_statements": 8, "percent_covered": 50.0, "percent_covered_display": "50.00", "missing_lines": 4, "excluded_lines": 0}, "missing_lines": [46, 48, 49, 50], "excluded_lines": []}, "AudioManager._create_background_music": {"executed_lines": [54, 55, 56, 58], "summary": {"covered_lines": 4, "num_statements": 6, "percent_covered": 66.66666666666667, "percent_covered_display": "66.67", "missing_lines": 2, "excluded_lines": 0}, "missing_lines": [61, 62], "excluded_lines": []}, "AudioManager._generate_tone": {"executed_lines": [74, 75, 77, 78, 79, 82, 83, 84, 86], "summary": {"covered_lines": 9, "num_statements": 11, "percent_covered": 81.81818181818181, "percent_covered_display": "81.82", "missing_lines": 2, "excluded_lines": 0}, "missing_lines": [87, 89], "excluded_lines": []}, "AudioManager._generate_melody": {"executed_lines": [97, 98, 101, 136, 137, 138, 139, 142, 144, 145, 148, 149, 151, 152, 153, 154, 155, 157, 160, 162], "summary": {"covered_lines": 20, "num_statements": 22, "percent_covered": 90.9090909090909, "percent_covered_display": "90.91", "missing_lines": 2, "excluded_lines": 0}, "missing_lines": [163, 164], "excluded_lines": []}, "AudioManager.play_eat_sound": {"executed_lines": [172, 175, 177, 178, 181, 182, 184, 185], "summary": {"covered_lines": 8, "num_statements": 11, "percent_covered": 72.72727272727273, "percent_covered_display": "72.73", "missing_lines": 3, "excluded_lines": 0}, "missing_lines": [173, 186, 187], "excluded_lines": []}, "AudioManager.play_move_sound": {"executed_lines": [195, 198, 199, 200, 203, 204], "summary": {"covered_lines": 6, "num_statements": 9, "percent_covered": 66.66666666666667, "percent_covered_display": "66.67", "missing_lines": 3, "excluded_lines": 0}, "missing_lines": [196, 205, 206], "excluded_lines": []}, "AudioManager.play_game_over_sound": {"executed_lines": [210, 213, 214, 215], "summary": {"covered_lines": 4, "num_statements": 7, "percent_covered": 57.142857142857146, "percent_covered_display": "57.14", "missing_lines": 3, "excluded_lines": 0}, "missing_lines": [211, 216, 217], "excluded_lines": []}, "AudioManager.start_background_music": {"executed_lines": [221, 224, 227, 228, 230, 231, 232], "summary": {"covered_lines": 7, "num_statements": 10, "percent_covered": 70.0, "percent_covered_display": "70.00", "missing_lines": 3, "excluded_lines": 0}, "missing_lines": [222, 233, 234], "excluded_lines": []}, "AudioManager.stop_background_music": {"executed_lines": [238, 239, 241, 242, 243], "summary": {"covered_lines": 5, "num_statements": 7, "percent_covered": 71.42857142857143, "percent_covered_display": "71.43", "missing_lines": 2, "excluded_lines": 0}, "missing_lines": [244, 245], "excluded_lines": []}, "AudioManager.cleanup": {"executed_lines": [249, 250, 251], "summary": {"covered_lines": 3, "num_statements": 3, "percent_covered": 100.0, "percent_covered_display": "100.00", "missing_lines": 0, "excluded_lines": 0}, "missing_lines": [], "excluded_lines": []}, "": {"executed_lines": [1, 3, 5, 7, 10, 11, 13, 23, 38, 52, 64, 91, 166, 189, 208, 219, 236, 247], "summary": {"covered_lines": 16, "num_statements": 16, "percent_covered": 100.0, "percent_covered_display": "100.00", "missing_lines": 0, "excluded_lines": 0}, "missing_lines": [], "excluded_lines": []}}, "classes": {"AudioManager": {"executed_lines": [15, 16, 17, 18, 19, 21, 25, 26, 32, 33, 34, 40, 41, 42, 45, 54, 55, 56, 58, 74, 75, 77, 78, 79, 82, 83, 84, 86, 97, 98, 101, 136, 137, 138, 139, 142, 144, 145, 148, 149, 151, 152, 153, 154, 155, 157, 160, 162, 172, 175, 177, 178, 181, 182, 184, 185, 195, 198, 199, 200, 203, 204, 210, 213, 214, 215, 221, 224, 227, 228, 230, 231, 232, 238, 239, 241, 242, 243, 249, 250, 251], "summary": {"covered_lines": 81, "num_statements": 107, "percent_covered": 75.70093457943925, "percent_covered_display": "75.70", "missing_lines": 26, "excluded_lines": 0}, "missing_lines": [35, 36, 46, 48, 49, 50, 61, 62, 87, 89, 163, 164, 173, 186, 187, 196, 205, 206, 211, 216, 217, 222, 233, 234, 244, 245], "excluded_lines": []}, "": {"executed_lines": [1, 3, 5, 7, 10, 11, 13, 23, 38, 52, 64, 91, 166, 189, 208, 219, 236, 247], "summary": {"covered_lines": 16, "num_statements": 16, "percent_covered": 100.0, "percent_covered_display": "100.00", "missing_lines": 0, "excluded_lines": 0}, "missing_lines": [], "excluded_lines": []}}}, "snake_game/utils/constants.py": {"executed_lines": [1, 3, 6, 7, 10, 11, 12, 15, 16, 19, 20, 23, 24, 25, 26, 29, 30, 31, 32, 33, 36, 37, 38, 39, 40, 41, 42, 43, 44, 45, 46, 47, 50, 51, 52, 53, 56], "summary": {"covered_lines": 35, "num_statements": 35, "percent_covered": 100.0, "percent_covered_display": "100.00", "missing_lines": 0, "excluded_lines": 0}, "missing_lines": [], "excluded_lines": [], "functions": {"": {"executed_lines": [1, 3, 6, 7, 10, 11, 12, 15, 16, 19, 20, 23, 24, 25, 26, 29, 30, 31, 32, 33, 36, 37, 38, 39, 40, 41, 42, 43, 44, 45, 46, 47, 50, 51, 52, 53, 56], "summary": {"covered_lines": 35, "num_statements": 35, "percent_covered": 100.0, "percent_covered_display": "100.00", "missing_lines": 0, "excluded_lines": 0}, "missing_lines": [], "excluded_lines": []}}, "classes": {"GameConstants": {"executed_lines": [], "summary": {"covered_lines": 0, "num_statements": 0, "percent_covered": 100.0, "percent_covered_display": "100.00", "missing_lines": 0, "excluded_lines": 0}, "missing_lines": [], "excluded_lines": []}, "": {"executed_lines": [1, 3, 6, 7, 10, 11, 12, 15, 16, 19, 20, 23, 24, 25, 26, 29, 30, 31, 32, 33, 36, 37, 38, 39, 40, 41, 42, 43, 44, 45, 46, 47, 50, 51, 52, 53, 56], "summary": {"covered_lines": 35, "num_statements": 35, "percent_covered": 100.0, "percent_covered_display": "100.00", "missing_lines": 0, "excluded_lines": 0}, "missing_lines": [], "excluded_lines": []}}}, "snake_game/utils/path_smoother.py": {"executed_lines": [1, 3, 4, 6, 9, 10, 12, 13, 22, 23, 25, 27, 29, 32, 35, 37, 38, 41, 42, 43, 46, 47, 50, 52, 55, 61, 62, 65, 69, 71, 72, 85, 86, 87, 88, 89, 90, 91, 93, 94, 114, 115, 117, 118, 121, 123, 129, 130, 133, 134, 139, 140, 141, 143, 144, 145, 149, 150, 151, 153, 155, 157, 158, 175, 177, 178, 181, 188, 195, 197, 198, 209, 210, 211, 216, 221, 222], "summary": {"covered_lines": 75, "num_statements": 76, "percent_covered": 98.6842105263158, "percent_covered_display": "98.68", "missing_lines": 1, "excluded_lines": 0}, "missing_lines": [147], "excluded_lines": [], "functions": {"PathSmoother.create_smooth_path": {"executed_lines": [22, 23, 25, 27, 29, 32, 35, 37, 38, 41, 42, 43, 46, 47, 50, 52, 55, 61, 62, 65, 69], "summary": {"covered_lines": 21, "num_statements": 21, "percent_covered": 100.0, "percent_covered_display": "100.00", "missing_lines": 0, "excluded_lines": 0}, "missing_lines": [], "excluded_lines": []}, "PathSmoother._interpolate_points": {"executed_lines": [85, 86, 87, 88, 89, 90, 91], "summary": {"covered_lines": 7, "num_statements": 7, "percent_covered": 100.0, "percent_covered_display": "100.00", "missing_lines": 0, "excluded_lines": 0}, "missing_lines": [], "excluded_lines": []}, "PathSmoother._create_curved_segment": {"executed_lines": [114, 115, 117, 118, 121, 123, 129, 130, 133, 134, 139, 140, 141, 143, 144, 145, 149, 150, 151, 153, 155], "summary": {"covered_lines": 21, "num_statements": 22, "percent_covered": 95.45454545454545, "percent_covered_display": "95.45", "missing_lines": 1, "excluded_lines": 0}, "missing_lines": [147], "excluded_lines": []}, "PathSmoother._enhanced_catmull_rom_spline": {"executed_lines": [175, 177, 178, 181, 188, 195], "summary": {"covered_lines": 6, "num_statements": 6, "percent_covered": 100.0, "percent_covered_display": "100.00", "missing_lines": 0, "excluded_lines": 0}, "missing_lines": [], "excluded_lines": []}, "PathSmoother.convert_segments_to_screen_points": {"executed_lines": [209, 210, 211, 216, 221, 222], "summary": {"covered_lines": 6, "num_statements": 6, "percent_covered": 100.0, "percent_covered_display": "100.00", "missing_lines": 0, "excluded_lines": 0}, "missing_lines": [], "excluded_lines": []}, "": {"executed_lines": [1, 3, 4, 6, 9, 10, 12, 13, 71, 72, 93, 94, 157, 158, 197, 198], "summary": {"covered_lines": 14, "num_statements": 14, "percent_covered": 100.0, "percent_covered_display": "100.00", "missing_lines": 0, "excluded_lines": 0}, "missing_lines": [], "excluded_lines": []}}, "classes": {"PathSmoother": {"executed_lines": [22, 23, 25, 27, 29, 32, 35, 37, 38, 41, 42, 43, 46, 47, 50, 52, 55, 61, 62, 65, 69, 85, 86, 87, 88, 89, 90, 91, 114, 115, 117, 118, 121, 123, 129, 130, 133, 134, 139, 140, 141, 143, 144, 145, 149, 150, 151, 153, 155, 175, 177, 178, 181, 188, 195, 209, 210, 211, 216, 221, 222], "summary": {"covered_lines": 61, "num_statements": 62, "percent_covered": 98.38709677419355, "percent_covered_display": "98.39", "missing_lines": 1, "excluded_lines": 0}, "missing_lines": [147], "excluded_lines": []}, "": {"executed_lines": [1, 3, 4, 6, 9, 10, 12, 13, 71, 72, 93, 94, 157, 158, 197, 198], "summary": {"covered_lines": 14, "num_statements": 14, "percent_covered": 100.0, "percent_covered_display": "100.00", "missing_lines": 0, "excluded_lines": 0}, "missing_lines": [], "excluded_lines": []}}}, "snake_game/views/__init__.py": {"executed_lines": [1, 3, 5], "summary": {"covered_lines": 2, "num_statements": 2, "percent_covered": 100.0, "percent_covered_display": "100.00", "missing_lines": 0, "excluded_lines": 0}, "missing_lines": [], "excluded_lines": [], "functions": {"": {"executed_lines": [1, 3, 5], "summary": {"covered_lines": 2, "num_statements": 2, "percent_covered": 100.0, "percent_covered_display": "100.00", "missing_lines": 0, "excluded_lines": 0}, "missing_lines": [], "excluded_lines": []}}, "classes": {"": {"executed_lines": [1, 3, 5], "summary": {"covered_lines": 2, "num_statements": 2, "percent_covered": 100.0, "percent_covered_display": "100.00", "missing_lines": 0, "excluded_lines": 0}, "missing_lines": [], "excluded_lines": []}}}, "snake_game/views/renderer.py": {"executed_lines": [1, 3, 4, 6, 8, 9, 10, 11, 14, 15, 17, 23, 24, 25, 26, 29, 30, 31, 34, 35, 37, 39, 45, 85, 131, 152, 204, 251, 290, 339, 366, 434, 476, 498, 504, 506, 507, 508, 509, 512, 515, 518, 521, 524, 525, 527, 557, 613, 632, 691, 724, 760, 940, 1174, 1212, 1254, 1329, 1366, 1447, 1569, 1628, 1669, 1757, 1798, 1845, 1873, 1902], "summary": {"covered_lines": 65, "num_statements": 651, "percent_covered": 9.98463901689708, "percent_covered_display": "9.98", "missing_lines": 586, "excluded_lines": 0}, "missing_lines": [41, 42, 43, 51, 53, 55, 59, 61, 62, 63, 64, 66, 67, 69, 70, 71, 73, 74, 77, 79, 80, 81, 82, 83, 87, 90, 93, 96, 97, 98, 101, 102, 105, 116, 117, 118, 119, 124, 125, 128, 129, 140, 143, 144, 147, 150, 159, 162, 163, 165, 166, 169, 172, 175, 176, 179, 180, 183, 186, 189, 195, 196, 197, 198, 201, 202, 210, 213, 214, 215, 218, 225, 226, 227, 228, 229, 232, 233, 236, 242, 243, 244, 245, 248, 249, 253, 256, 259, 262, 265, 268, 271, 274, 276, 277, 278, 283, 284, 287, 288, 293, 296, 297, 298, 299, 300, 301, 304, 305, 310, 311, 313, 314, 315, 316, 321, 336, 337, 347, 349, 351, 353, 358, 359, 361, 364, 374, 376, 378, 379, 380, 381, 382, 383, 385, 393, 394, 395, 398, 400, 401, 402, 403, 404, 407, 410, 411, 412, 414, 415, 416, 417, 418, 419, 420, 421, 422, 423, 426, 427, 429, 430, 431, 432, 443, 444, 445, 448, 449, 452, 453, 456, 465, 468, 471, 474, 479, 485, 490, 496, 533, 534, 537, 538, 539, 544, 549, 552, 555, 566, 567, 569, 571, 573, 576, 579, 581, 582, 585, 586, 587, 590, 591, 594, 596, 597, 603, 604, 607, 611, 624, 625, 626, 627, 628, 629, 630, 648, 649, 651, 652, 655, 657, 663, 664, 667, 668, 673, 674, 675, 677, 678, 679, 681, 683, 684, 685, 687, 689, 702, 704, 705, 708, 715, 722, 731, 732, 735, 736, 737, 740, 743, 744, 745, 746, 747, 751, 752, 754, 755, 758, 773, 774, 775, 777, 778, 781, 784, 785, 788, 791, 794, 795, 798, 847, 914, 915, 918, 919, 921, 922, 924, 928, 931, 932, 936, 953, 954, 955, 957, 958, 961, 964, 965, 968, 971, 974, 975, 980, 982, 1031, 1080, 1147, 1148, 1151, 1152, 1154, 1155, 1157, 1161, 1164, 1166, 1170, 1183, 1184, 1187, 1197, 1200, 1201, 1202, 1204, 1205, 1210, 1221, 1222, 1225, 1227, 1230, 1231, 1236, 1237, 1239, 1240, 1243, 1244, 1245, 1248, 1249, 1250, 1251, 1252, 1260, 1261, 1263, 1264, 1265, 1268, 1269, 1272, 1273, 1276, 1277, 1279, 1280, 1282, 1283, 1289, 1297, 1305, 1310, 1315, 1318, 1319, 1320, 1324, 1337, 1338, 1339, 1340, 1343, 1344, 1347, 1348, 1350, 1353, 1358, 1361, 1364, 1384, 1385, 1388, 1428, 1429, 1430, 1433, 1434, 1437, 1445, 1465, 1466, 1469, 1550, 1551, 1552, 1555, 1556, 1559, 1567, 1577, 1578, 1579, 1582, 1583, 1584, 1585, 1586, 1587, 1588, 1589, 1590, 1592, 1593, 1596, 1598, 1603, 1606, 1609, 1612, 1618, 1621, 1622, 1625, 1626, 1638, 1639, 1642, 1643, 1644, 1645, 1646, 1647, 1648, 1649, 1650, 1652, 1653, 1656, 1658, 1665, 1667, 1686, 1687, 1690, 1706, 1707, 1708, 1709, 1710, 1711, 1714, 1715, 1716, 1719, 1722, 1723, 1726, 1731, 1732, 1733, 1734, 1735, 1736, 1738, 1741, 1742, 1743, 1744, 1745, 1746, 1747, 1749, 1750, 1753, 1765, 1766, 1769, 1770, 1771, 1772, 1773, 1774, 1775, 1776, 1777, 1779, 1780, 1783, 1785, 1787, 1789, 1792, 1794, 1807, 1808, 1810, 1811, 1813, 1814, 1817, 1818, 1819, 1820, 1821, 1822, 1823, 1824, 1825, 1826, 1827, 1828, 1829, 1830, 1831, 1833, 1834, 1835, 1836, 1839, 1842, 1843, 1853, 1856, 1857, 1858, 1859, 1860, 1861, 1862, 1863, 1864, 1866, 1867, 1870, 1871, 1880, 1882, 1883, 1884, 1886, 1888, 1890, 1892, 1893, 1897, 1900, 1910, 1911, 1913, 1915, 1917, 1918, 1921, 1924, 1927, 1931, 1933, 1936, 1939, 1942, 1946, 1948, 1956, 1957, 1960, 1967, 1975, 1977, 1980, 1983, 1986, 1989, 1996, 2003, 2006, 2010, 2012, 2013, 2016, 2017, 2018, 2019, 2020, 2021, 2022, 2023, 2026], "excluded_lines": [], "functions": {"GameRenderer.__init__": {"executed_lines": [23, 24, 25, 26, 29, 30, 31, 34, 35, 37], "summary": {"covered_lines": 10, "num_statements": 10, "percent_covered": 100.0, "percent_covered_display": "100.00", "missing_lines": 0, "excluded_lines": 0}, "missing_lines": [], "excluded_lines": []}, "GameRenderer._ensure_images_loaded": {"executed_lines": [], "summary": {"covered_lines": 0, "num_statements": 3, "percent_covered": 0.0, "percent_covered_display": "0.00", "missing_lines": 3, "excluded_lines": 0}, "missing_lines": [41, 42, 43], "excluded_lines": []}, "GameRenderer.load_fruit_images": {"executed_lines": [], "summary": {"covered_lines": 0, "num_statements": 21, "percent_covered": 0.0, "percent_covered_display": "0.00", "missing_lines": 21, "excluded_lines": 0}, "missing_lines": [51, 53, 55, 59, 61, 62, 63, 64, 66, 67, 69, 70, 71, 73, 74, 77, 79, 80, 81, 82, 83], "excluded_lines": []}, "GameRenderer.render_splash_screen": {"executed_lines": [], "summary": {"covered_lines": 0, "num_statements": 17, "percent_covered": 0.0, "percent_covered_display": "0.00", "missing_lines": 17, "excluded_lines": 0}, "missing_lines": [87, 90, 93, 96, 97, 98, 101, 102, 105, 116, 117, 118, 119, 124, 125, 128, 129], "excluded_lines": []}, "GameRenderer.render_game_screen": {"executed_lines": [], "summary": {"covered_lines": 0, "num_statements": 5, "percent_covered": 0.0, "percent_covered_display": "0.00", "missing_lines": 5, "excluded_lines": 0}, "missing_lines": [140, 143, 144, 147, 150], "excluded_lines": []}, "GameRenderer.render_game_over_screen": {"executed_lines": [], "summary": {"covered_lines": 0, "num_statements": 20, "percent_covered": 0.0, "percent_covered_display": "0.00", "missing_lines": 20, "excluded_lines": 0}, "missing_lines": [159, 162, 163, 165, 166, 169, 172, 175, 176, 179, 180, 183, 186, 189, 195, 196, 197, 198, 201, 202], "excluded_lines": []}, "GameRenderer.render_high_scores_screen": {"executed_lines": [], "summary": {"covered_lines": 0, "num_statements": 19, "percent_covered": 0.0, "percent_covered_display": "0.00", "missing_lines": 19, "excluded_lines": 0}, "missing_lines": [210, 213, 214, 215, 218, 225, 226, 227, 228, 229, 232, 233, 236, 242, 243, 244, 245, 248, 249], "excluded_lines": []}, "GameRenderer.render_confirm_reset_screen": {"executed_lines": [], "summary": {"covered_lines": 0, "num_statements": 15, "percent_covered": 0.0, "percent_covered_display": "0.00", "missing_lines": 15, "excluded_lines": 0}, "missing_lines": [253, 256, 259, 262, 265, 268, 271, 274, 276, 277, 278, 283, 284, 287, 288], "excluded_lines": []}, "GameRenderer._draw_splash_graphics": {"executed_lines": [], "summary": {"covered_lines": 0, "num_statements": 18, "percent_covered": 0.0, "percent_covered_display": "0.00", "missing_lines": 18, "excluded_lines": 0}, "missing_lines": [293, 296, 297, 298, 299, 300, 301, 304, 305, 310, 311, 313, 314, 315, 316, 321, 336, 337], "excluded_lines": []}, "GameRenderer._draw_decorative_fruit_image": {"executed_lines": [], "summary": {"covered_lines": 0, "num_statements": 8, "percent_covered": 0.0, "percent_covered_display": "0.00", "missing_lines": 8, "excluded_lines": 0}, "missing_lines": [347, 349, 351, 353, 358, 359, 361, 364], "excluded_lines": []}, "GameRenderer._draw_decorative_fruit_custom": {"executed_lines": [], "summary": {"covered_lines": 0, "num_statements": 38, "percent_covered": 0.0, "percent_covered_display": "0.00", "missing_lines": 38, "excluded_lines": 0}, "missing_lines": [374, 376, 378, 379, 380, 381, 382, 383, 385, 393, 394, 395, 398, 400, 401, 402, 403, 404, 407, 410, 411, 412, 414, 415, 416, 417, 418, 419, 420, 421, 422, 423, 426, 427, 429, 430, 431, 432], "excluded_lines": []}, "GameRenderer._draw_ui": {"executed_lines": [], "summary": {"covered_lines": 0, "num_statements": 12, "percent_covered": 0.0, "percent_covered_display": "0.00", "missing_lines": 12, "excluded_lines": 0}, "missing_lines": [443, 444, 445, 448, 449, 452, 453, 456, 465, 468, 471, 474], "excluded_lines": []}, "GameRenderer._draw_border": {"executed_lines": [], "summary": {"covered_lines": 0, "num_statements": 4, "percent_covered": 0.0, "percent_covered_display": "0.00", "missing_lines": 4, "excluded_lines": 0}, "missing_lines": [479, 485, 490, 496], "excluded_lines": []}, "GameRenderer._draw_snake": {"executed_lines": [504, 506, 507, 508, 509, 512, 515, 518, 521, 524, 525], "summary": {"covered_lines": 11, "num_statements": 11, "percent_covered": 100.0, "percent_covered_display": "100.00", "missing_lines": 0, "excluded_lines": 0}, "missing_lines": [], "excluded_lines": []}, "GameRenderer._draw_continuous_snake_body": {"executed_lines": [], "summary": {"covered_lines": 0, "num_statements": 9, "percent_covered": 0.0, "percent_covered_display": "0.00", "missing_lines": 9, "excluded_lines": 0}, "missing_lines": [533, 534, 537, 538, 539, 544, 549, 552, 555], "excluded_lines": []}, "GameRenderer._create_smooth_snake_path": {"executed_lines": [], "summary": {"covered_lines": 0, "num_statements": 21, "percent_covered": 0.0, "percent_covered_display": "0.00", "missing_lines": 21, "excluded_lines": 0}, "missing_lines": [566, 567, 569, 571, 573, 576, 579, 581, 582, 585, 586, 587, 590, 591, 594, 596, 597, 603, 604, 607, 611], "excluded_lines": []}, "GameRenderer._interpolate_points": {"executed_lines": [], "summary": {"covered_lines": 0, "num_statements": 7, "percent_covered": 0.0, "percent_covered_display": "0.00", "missing_lines": 7, "excluded_lines": 0}, "missing_lines": [624, 625, 626, 627, 628, 629, 630], "excluded_lines": []}, "GameRenderer._create_curved_segment": {"executed_lines": [], "summary": {"covered_lines": 0, "num_statements": 22, "percent_covered": 0.0, "percent_covered_display": "0.00", "missing_lines": 22, "excluded_lines": 0}, "missing_lines": [648, 649, 651, 652, 655, 657, 663, 664, 667, 668, 673, 674, 675, 677, 678, 679, 681, 683, 684, 685, 687, 689], "excluded_lines": []}, "GameRenderer._enhanced_catmull_rom_spline": {"executed_lines": [], "summary": {"covered_lines": 0, "num_statements": 6, "percent_covered": 0.0, "percent_covered_display": "0.00", "missing_lines": 6, "excluded_lines": 0}, "missing_lines": [702, 704, 705, 708, 715, 722], "excluded_lines": []}, "GameRenderer._draw_smooth_snake_body": {"executed_lines": [], "summary": {"covered_lines": 0, "num_statements": 16, "percent_covered": 0.0, "percent_covered_display": "0.00", "missing_lines": 16, "excluded_lines": 0}, "missing_lines": [731, 732, 735, 736, 737, 740, 743, 744, 745, 746, 747, 751, 752, 754, 755, 758], "excluded_lines": []}, "GameRenderer._draw_striped_segment": {"executed_lines": [], "summary": {"covered_lines": 0, "num_statements": 25, "percent_covered": 0.0, "percent_covered_display": "0.00", "missing_lines": 25, "excluded_lines": 0}, "missing_lines": [773, 774, 775, 777, 778, 781, 784, 785, 788, 791, 794, 795, 798, 847, 914, 915, 918, 919, 921, 922, 924, 928, 931, 932, 936], "excluded_lines": []}, "GameRenderer._draw_enhanced_3d_segment": {"executed_lines": [], "summary": {"covered_lines": 0, "num_statements": 27, "percent_covered": 0.0, "percent_covered_display": "0.00", "missing_lines": 27, "excluded_lines": 0}, "missing_lines": [953, 954, 955, 957, 958, 961, 964, 965, 968, 971, 974, 975, 980, 982, 1031, 1080, 1147, 1148, 1151, 1152, 1154, 1155, 1157, 1161, 1164, 1166, 1170], "excluded_lines": []}, "GameRenderer._draw_blurred_line": {"executed_lines": [], "summary": {"covered_lines": 0, "num_statements": 10, "percent_covered": 0.0, "percent_covered_display": "0.00", "missing_lines": 10, "excluded_lines": 0}, "missing_lines": [1183, 1184, 1187, 1197, 1200, 1201, 1202, 1204, 1205, 1210], "excluded_lines": []}, "GameRenderer._draw_ultra_smooth_line": {"executed_lines": [], "summary": {"covered_lines": 0, "num_statements": 18, "percent_covered": 0.0, "percent_covered_display": "0.00", "missing_lines": 18, "excluded_lines": 0}, "missing_lines": [1221, 1222, 1225, 1227, 1230, 1231, 1236, 1237, 1239, 1240, 1243, 1244, 1245, 1248, 1249, 1250, 1251, 1252], "excluded_lines": []}, "GameRenderer._draw_snake_scales": {"executed_lines": [], "summary": {"covered_lines": 0, "num_statements": 24, "percent_covered": 0.0, "percent_covered_display": "0.00", "missing_lines": 24, "excluded_lines": 0}, "missing_lines": [1260, 1261, 1263, 1264, 1265, 1268, 1269, 1272, 1273, 1276, 1277, 1279, 1280, 1282, 1283, 1289, 1297, 1305, 1310, 1315, 1318, 1319, 1320, 1324], "excluded_lines": []}, "GameRenderer._draw_snake_head": {"executed_lines": [], "summary": {"covered_lines": 0, "num_statements": 13, "percent_covered": 0.0, "percent_covered_display": "0.00", "missing_lines": 13, "excluded_lines": 0}, "missing_lines": [1337, 1338, 1339, 1340, 1343, 1344, 1347, 1348, 1350, 1353, 1358, 1361, 1364], "excluded_lines": []}, "GameRenderer._draw_elongated_head_layers": {"executed_lines": [], "summary": {"covered_lines": 0, "num_statements": 10, "percent_covered": 0.0, "percent_covered_display": "0.00", "missing_lines": 10, "excluded_lines": 0}, "missing_lines": [1384, 1385, 1388, 1428, 1429, 1430, 1433, 1434, 1437, 1445], "excluded_lines": []}, "GameRenderer._draw_3d_head_layers": {"executed_lines": [], "summary": {"covered_lines": 0, "num_statements": 10, "percent_covered": 0.0, "percent_covered_display": "0.00", "missing_lines": 10, "excluded_lines": 0}, "missing_lines": [1465, 1466, 1469, 1550, 1551, 1552, 1555, 1556, 1559, 1567], "excluded_lines": []}, "GameRenderer._draw_snake_eyes": {"executed_lines": [], "summary": {"covered_lines": 0, "num_statements": 19, "percent_covered": 0.0, "percent_covered_display": "0.00", "missing_lines": 19, "excluded_lines": 0}, "missing_lines": [1765, 1766, 1769, 1770, 1771, 1772, 1773, 1774, 1775, 1776, 1777, 1779, 1780, 1783, 1785, 1787, 1789, 1792, 1794], "excluded_lines": []}, "GameRenderer._draw_enhanced_nostrils": {"executed_lines": [], "summary": {"covered_lines": 0, "num_statements": 17, "percent_covered": 0.0, "percent_covered_display": "0.00", "missing_lines": 17, "excluded_lines": 0}, "missing_lines": [1638, 1639, 1642, 1643, 1644, 1645, 1646, 1647, 1648, 1649, 1650, 1652, 1653, 1656, 1658, 1665, 1667], "excluded_lines": []}, "GameRenderer._draw_head_scales": {"executed_lines": [], "summary": {"covered_lines": 0, "num_statements": 33, "percent_covered": 0.0, "percent_covered_display": "0.00", "missing_lines": 33, "excluded_lines": 0}, "missing_lines": [1686, 1687, 1690, 1706, 1707, 1708, 1709, 1710, 1711, 1714, 1715, 1716, 1719, 1722, 1723, 1726, 1731, 1732, 1733, 1734, 1735, 1736, 1738, 1741, 1742, 1743, 1744, 1745, 1746, 1747, 1749, 1750, 1753], "excluded_lines": []}, "GameRenderer._draw_snake_tongue": {"executed_lines": [], "summary": {"covered_lines": 0, "num_statements": 28, "percent_covered": 0.0, "percent_covered_display": "0.00", "missing_lines": 28, "excluded_lines": 0}, "missing_lines": [1807, 1808, 1810, 1811, 1813, 1814, 1817, 1818, 1819, 1820, 1821, 1822, 1823, 1824, 1825, 1826, 1827, 1828, 1829, 1830, 1831, 1833, 1834, 1835, 1836, 1839, 1842, 1843], "excluded_lines": []}, "GameRenderer._draw_snake_nostrils": {"executed_lines": [], "summary": {"covered_lines": 0, "num_statements": 14, "percent_covered": 0.0, "percent_covered_display": "0.00", "missing_lines": 14, "excluded_lines": 0}, "missing_lines": [1853, 1856, 1857, 1858, 1859, 1860, 1861, 1862, 1863, 1864, 1866, 1867, 1870, 1871], "excluded_lines": []}, "GameRenderer._draw_fruit": {"executed_lines": [], "summary": {"covered_lines": 0, "num_statements": 11, "percent_covered": 0.0, "percent_covered_display": "0.00", "missing_lines": 11, "excluded_lines": 0}, "missing_lines": [1880, 1882, 1883, 1884, 1886, 1888, 1890, 1892, 1893, 1897, 1900], "excluded_lines": []}, "GameRenderer._draw_fruit_custom": {"executed_lines": [], "summary": {"covered_lines": 0, "num_statements": 41, "percent_covered": 0.0, "percent_covered_display": "0.00", "missing_lines": 41, "excluded_lines": 0}, "missing_lines": [1910, 1911, 1913, 1915, 1917, 1918, 1921, 1924, 1927, 1931, 1933, 1936, 1939, 1942, 1946, 1948, 1956, 1957, 1960, 1967, 1975, 1977, 1980, 1983, 1986, 1989, 1996, 2003, 2006, 2010, 2012, 2013, 2016, 2017, 2018, 2019, 2020, 2021, 2022, 2023, 2026], "excluded_lines": []}, "": {"executed_lines": [1, 3, 4, 6, 8, 9, 10, 11, 14, 15, 17, 39, 45, 85, 131, 152, 204, 251, 290, 339, 366, 434, 476, 498, 527, 557, 613, 632, 691, 724, 760, 940, 1174, 1212, 1254, 1329, 1366, 1447, 1569, 1628, 1669, 1757, 1798, 1845, 1873, 1902], "summary": {"covered_lines": 44, "num_statements": 44, "percent_covered": 100.0, "percent_covered_display": "100.00", "missing_lines": 0, "excluded_lines": 0}, "missing_lines": [], "excluded_lines": []}}, "classes": {"GameRenderer": {"executed_lines": [23, 24, 25, 26, 29, 30, 31, 34, 35, 37, 504, 506, 507, 508, 509, 512, 515, 518, 521, 524, 525], "summary": {"covered_lines": 21, "num_statements": 607, "percent_covered": 3.459637561779242, "percent_covered_display": "3.46", "missing_lines": 586, "excluded_lines": 0}, "missing_lines": [41, 42, 43, 51, 53, 55, 59, 61, 62, 63, 64, 66, 67, 69, 70, 71, 73, 74, 77, 79, 80, 81, 82, 83, 87, 90, 93, 96, 97, 98, 101, 102, 105, 116, 117, 118, 119, 124, 125, 128, 129, 140, 143, 144, 147, 150, 159, 162, 163, 165, 166, 169, 172, 175, 176, 179, 180, 183, 186, 189, 195, 196, 197, 198, 201, 202, 210, 213, 214, 215, 218, 225, 226, 227, 228, 229, 232, 233, 236, 242, 243, 244, 245, 248, 249, 253, 256, 259, 262, 265, 268, 271, 274, 276, 277, 278, 283, 284, 287, 288, 293, 296, 297, 298, 299, 300, 301, 304, 305, 310, 311, 313, 314, 315, 316, 321, 336, 337, 347, 349, 351, 353, 358, 359, 361, 364, 374, 376, 378, 379, 380, 381, 382, 383, 385, 393, 394, 395, 398, 400, 401, 402, 403, 404, 407, 410, 411, 412, 414, 415, 416, 417, 418, 419, 420, 421, 422, 423, 426, 427, 429, 430, 431, 432, 443, 444, 445, 448, 449, 452, 453, 456, 465, 468, 471, 474, 479, 485, 490, 496, 533, 534, 537, 538, 539, 544, 549, 552, 555, 566, 567, 569, 571, 573, 576, 579, 581, 582, 585, 586, 587, 590, 591, 594, 596, 597, 603, 604, 607, 611, 624, 625, 626, 627, 628, 629, 630, 648, 649, 651, 652, 655, 657, 663, 664, 667, 668, 673, 674, 675, 677, 678, 679, 681, 683, 684, 685, 687, 689, 702, 704, 705, 708, 715, 722, 731, 732, 735, 736, 737, 740, 743, 744, 745, 746, 747, 751, 752, 754, 755, 758, 773, 774, 775, 777, 778, 781, 784, 785, 788, 791, 794, 795, 798, 847, 914, 915, 918, 919, 921, 922, 924, 928, 931, 932, 936, 953, 954, 955, 957, 958, 961, 964, 965, 968, 971, 974, 975, 980, 982, 1031, 1080, 1147, 1148, 1151, 1152, 1154, 1155, 1157, 1161, 1164, 1166, 1170, 1183, 1184, 1187, 1197, 1200, 1201, 1202, 1204, 1205, 1210, 1221, 1222, 1225, 1227, 1230, 1231, 1236, 1237, 1239, 1240, 1243, 1244, 1245, 1248, 1249, 1250, 1251, 1252, 1260, 1261, 1263, 1264, 1265, 1268, 1269, 1272, 1273, 1276, 1277, 1279, 1280, 1282, 1283, 1289, 1297, 1305, 1310, 1315, 1318, 1319, 1320, 1324, 1337, 1338, 1339, 1340, 1343, 1344, 1347, 1348, 1350, 1353, 1358, 1361, 1364, 1384, 1385, 1388, 1428, 1429, 1430, 1433, 1434, 1437, 1445, 1465, 1466, 1469, 1550, 1551, 1552, 1555, 1556, 1559, 1567, 1577, 1578, 1579, 1582, 1583, 1584, 1585, 1586, 1587, 1588, 1589, 1590, 1592, 1593, 1596, 1598, 1603, 1606, 1609, 1612, 1618, 1621, 1622, 1625, 1626, 1638, 1639, 1642, 1643, 1644, 1645, 1646, 1647, 1648, 1649, 1650, 1652, 1653, 1656, 1658, 1665, 1667, 1686, 1687, 1690, 1706, 1707, 1708, 1709, 1710, 1711, 1714, 1715, 1716, 1719, 1722, 1723, 1726, 1731, 1732, 1733, 1734, 1735, 1736, 1738, 1741, 1742, 1743, 1744, 1745, 1746, 1747, 1749, 1750, 1753, 1765, 1766, 1769, 1770, 1771, 1772, 1773, 1774, 1775, 1776, 1777, 1779, 1780, 1783, 1785, 1787, 1789, 1792, 1794, 1807, 1808, 1810, 1811, 1813, 1814, 1817, 1818, 1819, 1820, 1821, 1822, 1823, 1824, 1825, 1826, 1827, 1828, 1829, 1830, 1831, 1833, 1834, 1835, 1836, 1839, 1842, 1843, 1853, 1856, 1857, 1858, 1859, 1860, 1861, 1862, 1863, 1864, 1866, 1867, 1870, 1871, 1880, 1882, 1883, 1884, 1886, 1888, 1890, 1892, 1893, 1897, 1900, 1910, 1911, 1913, 1915, 1917, 1918, 1921, 1924, 1927, 1931, 1933, 1936, 1939, 1942, 1946, 1948, 1956, 1957, 1960, 1967, 1975, 1977, 1980, 1983, 1986, 1989, 1996, 2003, 2006, 2010, 2012, 2013, 2016, 2017, 2018, 2019, 2020, 2021, 2022, 2023, 2026], "excluded_lines": []}, "": {"executed_lines": [1, 3, 4, 6, 8, 9, 10, 11, 14, 15, 17, 39, 45, 85, 131, 152, 204, 251, 290, 339, 366, 434, 476, 498, 527, 557, 613, 632, 691, 724, 760, 940, 1174, 1212, 1254, 1329, 1366, 1447, 1569, 1628, 1669, 1757, 1798, 1845, 1873, 1902], "summary": {"covered_lines": 44, "num_statements": 44, "percent_covered": 100.0, "percent_covered_display": "100.00", "missing_lines": 0, "excluded_lines": 0}, "missing_lines": [], "excluded_lines": []}}}, "snake_game/views/snake_renderer.py": {"executed_lines": [1, 3, 4, 6, 8, 9, 12, 13, 15, 16, 18, 25, 26, 29, 30, 31, 34, 35, 38, 40, 50, 51, 52, 53, 54, 58, 59, 61, 62, 64, 82, 83, 84, 86, 90, 93, 94, 97, 100, 103, 104, 107, 112, 113, 116, 117, 119, 120, 122, 126, 129, 130, 134, 138, 152, 200, 257, 272, 276, 286, 289, 290, 291, 293, 294, 299, 301, 316, 320, 322, 325, 326, 331, 332, 334, 335, 338, 339, 340, 343, 344, 345, 346, 347, 350, 351, 353, 354, 356, 364, 365, 366, 367, 370, 371, 374, 375, 377, 380, 383, 384, 385, 387, 397, 398, 401, 435, 436, 437, 440, 441, 444, 452, 454, 462, 463, 464, 467, 468, 469, 470, 471, 472, 473, 474, 475, 477, 478, 481, 483, 488, 491, 492, 495, 501, 504, 505, 506, 507, 509, 518, 519, 521, 522, 524, 525, 528, 529, 530, 531, 532, 550, 551, 552, 554, 562, 563, 566, 567, 568, 569, 570, 571, 572, 573, 574, 576, 577, 580, 582, 589, 591, 594, 595, 597, 598, 600, 606, 607, 609, 610, 611, 614, 615, 618, 619, 622, 623, 625, 627, 642, 643, 645, 646, 652, 660, 668, 673, 678, 681, 682, 683, 685], "summary": {"covered_lines": 199, "num_statements": 216, "percent_covered": 92.12962962962963, "percent_covered_display": "92.13", "missing_lines": 17, "excluded_lines": 0}, "missing_lines": [87, 273, 317, 533, 534, 535, 536, 537, 538, 539, 540, 541, 542, 544, 545, 546, 547], "excluded_lines": [], "functions": {"SnakeBodyRenderer.__init__": {"executed_lines": [16], "summary": {"covered_lines": 1, "num_statements": 1, "percent_covered": 100.0, "percent_covered_display": "100.00", "missing_lines": 0, "excluded_lines": 0}, "missing_lines": [], "excluded_lines": []}, "SnakeBodyRenderer.draw_body": {"executed_lines": [25, 26, 29, 30, 31, 34, 35, 38], "summary": {"covered_lines": 8, "num_statements": 8, "percent_covered": 100.0, "percent_covered_display": "100.00", "missing_lines": 0, "excluded_lines": 0}, "missing_lines": [], "excluded_lines": []}, "SnakeBodyRenderer._calculate_thickness": {"executed_lines": [50, 51, 52, 53, 54, 58, 59, 61, 62], "summary": {"covered_lines": 9, "num_statements": 9, "percent_covered": 100.0, "percent_covered_display": "100.00", "missing_lines": 0, "excluded_lines": 0}, "missing_lines": [], "excluded_lines": []}, "SnakeBodyRenderer._draw_striped_segment": {"executed_lines": [82, 83, 84, 86, 90, 93, 94, 97, 100, 103, 104, 107, 112, 113, 116, 117, 119, 120, 122, 126, 129, 130, 134], "summary": {"covered_lines": 23, "num_statements": 24, "percent_covered": 95.83333333333333, "percent_covered_display": "95.83", "missing_lines": 1, "excluded_lines": 0}, "missing_lines": [87], "excluded_lines": []}, "SnakeBodyRenderer._create_shading_layers": {"executed_lines": [152, 200], "summary": {"covered_lines": 2, "num_statements": 2, "percent_covered": 100.0, "percent_covered_display": "100.00", "missing_lines": 0, "excluded_lines": 0}, "missing_lines": [], "excluded_lines": []}, "SnakeBodyRenderer._draw_blurred_line": {"executed_lines": [272, 276, 286, 289, 290, 291, 293, 294, 299], "summary": {"covered_lines": 9, "num_statements": 10, "percent_covered": 90.0, "percent_covered_display": "90.00", "missing_lines": 1, "excluded_lines": 0}, "missing_lines": [273], "excluded_lines": []}, "SnakeBodyRenderer._draw_ultra_smooth_line": {"executed_lines": [316, 320, 322, 325, 326, 331, 332, 334, 335, 338, 339, 340, 343, 344, 345, 346, 347], "summary": {"covered_lines": 17, "num_statements": 18, "percent_covered": 94.44444444444444, "percent_covered_display": "94.44", "missing_lines": 1, "excluded_lines": 0}, "missing_lines": [317], "excluded_lines": []}, "SnakeHeadRenderer.__init__": {"executed_lines": [354], "summary": {"covered_lines": 1, "num_statements": 1, "percent_covered": 100.0, "percent_covered_display": "100.00", "missing_lines": 0, "excluded_lines": 0}, "missing_lines": [], "excluded_lines": []}, "SnakeHeadRenderer.draw_head": {"executed_lines": [364, 365, 366, 367, 370, 371, 374, 375, 377, 380, 383, 384, 385], "summary": {"covered_lines": 13, "num_statements": 13, "percent_covered": 100.0, "percent_covered_display": "100.00", "missing_lines": 0, "excluded_lines": 0}, "missing_lines": [], "excluded_lines": []}, "SnakeHeadRenderer._draw_head_layers": {"executed_lines": [397, 398, 401, 435, 436, 437, 440, 441, 444, 452], "summary": {"covered_lines": 10, "num_statements": 10, "percent_covered": 100.0, "percent_covered_display": "100.00", "missing_lines": 0, "excluded_lines": 0}, "missing_lines": [], "excluded_lines": []}, "SnakeHeadRenderer._draw_eyes": {"executed_lines": [462, 463, 464, 467, 468, 469, 470, 471, 472, 473, 474, 475, 477, 478, 481, 483, 488, 491, 492, 495, 501, 504, 505, 506, 507], "summary": {"covered_lines": 25, "num_statements": 25, "percent_covered": 100.0, "percent_covered_display": "100.00", "missing_lines": 0, "excluded_lines": 0}, "missing_lines": [], "excluded_lines": []}, "SnakeHeadRenderer._draw_tongue": {"executed_lines": [518, 519, 521, 522, 524, 525, 528, 529, 530, 531, 532, 550, 551, 552], "summary": {"covered_lines": 14, "num_statements": 28, "percent_covered": 50.0, "percent_covered_display": "50.00", "missing_lines": 14, "excluded_lines": 0}, "missing_lines": [533, 534, 535, 536, 537, 538, 539, 540, 541, 542, 544, 545, 546, 547], "excluded_lines": []}, "SnakeHeadRenderer._draw_nostrils": {"executed_lines": [562, 563, 566, 567, 568, 569, 570, 571, 572, 573, 574, 576, 577, 580, 582, 589, 591], "summary": {"covered_lines": 17, "num_statements": 17, "percent_covered": 100.0, "percent_covered_display": "100.00", "missing_lines": 0, "excluded_lines": 0}, "missing_lines": [], "excluded_lines": []}, "SnakeScaleRenderer.__init__": {"executed_lines": [598], "summary": {"covered_lines": 1, "num_statements": 1, "percent_covered": 100.0, "percent_covered_display": "100.00", "missing_lines": 0, "excluded_lines": 0}, "missing_lines": [], "excluded_lines": []}, "SnakeScaleRenderer.draw_scales": {"executed_lines": [606, 607, 609, 610, 611, 614, 615, 618, 619, 622, 623, 625], "summary": {"covered_lines": 12, "num_statements": 12, "percent_covered": 100.0, "percent_covered_display": "100.00", "missing_lines": 0, "excluded_lines": 0}, "missing_lines": [], "excluded_lines": []}, "SnakeScaleRenderer._draw_single_scale": {"executed_lines": [642, 643, 645, 646, 652, 660, 668, 673, 678, 681, 682, 683, 685], "summary": {"covered_lines": 13, "num_statements": 13, "percent_covered": 100.0, "percent_covered_display": "100.00", "missing_lines": 0, "excluded_lines": 0}, "missing_lines": [], "excluded_lines": []}, "": {"executed_lines": [1, 3, 4, 6, 8, 9, 12, 13, 15, 18, 40, 64, 138, 257, 301, 350, 351, 353, 356, 387, 454, 509, 554, 594, 595, 597, 600, 627], "summary": {"covered_lines": 24, "num_statements": 24, "percent_covered": 100.0, "percent_covered_display": "100.00", "missing_lines": 0, "excluded_lines": 0}, "missing_lines": [], "excluded_lines": []}}, "classes": {"SnakeBodyRenderer": {"executed_lines": [16, 25, 26, 29, 30, 31, 34, 35, 38, 50, 51, 52, 53, 54, 58, 59, 61, 62, 82, 83, 84, 86, 90, 93, 94, 97, 100, 103, 104, 107, 112, 113, 116, 117, 119, 120, 122, 126, 129, 130, 134, 152, 200, 272, 276, 286, 289, 290, 291, 293, 294, 299, 316, 320, 322, 325, 326, 331, 332, 334, 335, 338, 339, 340, 343, 344, 345, 346, 347], "summary": {"covered_lines": 69, "num_statements": 72, "percent_covered": 95.83333333333333, "percent_covered_display": "95.83", "missing_lines": 3, "excluded_lines": 0}, "missing_lines": [87, 273, 317], "excluded_lines": []}, "SnakeHeadRenderer": {"executed_lines": [354, 364, 365, 366, 367, 370, 371, 374, 375, 377, 380, 383, 384, 385, 397, 398, 401, 435, 436, 437, 440, 441, 444, 452, 462, 463, 464, 467, 468, 469, 470, 471, 472, 473, 474, 475, 477, 478, 481, 483, 488, 491, 492, 495, 501, 504, 505, 506, 507, 518, 519, 521, 522, 524, 525, 528, 529, 530, 531, 532, 550, 551, 552, 562, 563, 566, 567, 568, 569, 570, 571, 572, 573, 574, 576, 577, 580, 582, 589, 591], "summary": {"covered_lines": 80, "num_statements": 94, "percent_covered": 85.1063829787234, "percent_covered_display": "85.11", "missing_lines": 14, "excluded_lines": 0}, "missing_lines": [533, 534, 535, 536, 537, 538, 539, 540, 541, 542, 544, 545, 546, 547], "excluded_lines": []}, "SnakeScaleRenderer": {"executed_lines": [598, 606, 607, 609, 610, 611, 614, 615, 618, 619, 622, 623, 625, 642, 643, 645, 646, 652, 660, 668, 673, 678, 681, 682, 683, 685], "summary": {"covered_lines": 26, "num_statements": 26, "percent_covered": 100.0, "percent_covered_display": "100.00", "missing_lines": 0, "excluded_lines": 0}, "missing_lines": [], "excluded_lines": []}, "": {"executed_lines": [1, 3, 4, 6, 8, 9, 12, 13, 15, 18, 40, 64, 138, 257, 301, 350, 351, 353, 356, 387, 454, 509, 554, 594, 595, 597, 600, 627], "summary": {"covered_lines": 24, "num_statements": 24, "percent_covered": 100.0, "percent_covered_display": "100.00", "missing_lines": 0, "excluded_lines": 0}, "missing_lines": [], "excluded_lines": []}}}}, "totals": {"covered_lines": 777, "num_statements": 1975, "percent_covered": 39.34177215189873, "percent_covered_display": "39.34", "missing_lines": 1198, "excluded_lines": 2}}